kLBnqzfU9P/HVzZbbppXS1zid3v32eYcazq096dnGFDBg1Xl7aBhiHlvdtqxSkJ+sdrZnGx7sK7T7ipJ5VS3BjzkO+swuBlUrmqa3FNQe2M8Q3EJb7Mr
3CICsZWwiL2Hu7v0VS6vXwTwdFqI439ROyx+D/BNvj01CshMVxR4SPLk0JSTkGSG1zzhemL6JezRF+0JAy1TLMSvjMY2XNI6ERlMADXd2ig6z3CNt5k29/2K9YQ1ERJaf/GNnMBT4V3h4O3wDT/i8ozqnpZFKg2EoPv8toeeXiG59IsuqDTPE7x4FewaOo60LzAny4hzpZGjs+c=
pcu2+jH+iE7zuawM2OLh9CPsKZAV6sFUv4EoKqyNtQ5sU0rY04WOAWpj7ZVlIOk4gc8eAmkKeo6ZusGMZHu4vssOAjndlO9W1ERDW7g4kaQWCjIMCxCDU1RjaRlnsyM=
+mEYbpEMquxNrmI+iM8Ld2LNw/tPWLqwwF92CWuKiv1VyjIoMoTxGFyNhJJo/WO99dc4sYqNDuQhirp8TUeW2L/42LJckIVgLY8aW4cFabMt
Ew8mR0qoouPWNLc0CQfOad/4242Yog+Y1FQMv6lj2N23iAxpRuYQl1yK1HcIqlWSyNwOnW7zKgzo1uHHH7AneLM+
rqsriaZ7ZF51DmsLg/sQ2rKSqFQZKpmSkngqoM+wy2n9R7/+nIhSS34izZaXTCcT57o+FG9lxN3gtBNe0FRnI3X/3RzymraEt3BfmxBTjQFrsy8=
CmIiHHaQFprN8E8x7JnxFVww8MJViR6sEcBvPnR/Po4LNmaj5mAl7/26JW95Reg1pHTbDjj037MNf2WMCvoeVP+wF6v4M5Uxc7M3
6dQCGUVtXVDghvwDF8Y9sZwFinpShUtEvq4hDSOE/4nRUkElUpK3nMVBh6C58gJnOILtBiBPQPjTQ6t6c0OPXc7Z4sQ9gr5sqX/aH3OAfCLYGBkAkUdea2MdZbMh
3AwL/IWyQ6a72nCQkqOmuw6ewy7QctQXm2e4PG6j4S089FFSWkiV6tFhsyP8LnyjWH4dU48YRkk+JwIoyPLJ0w+kL3yzOg==
sjtUpjzj532IGRzU7U55tA2ewy7QctQXm2e4PG6j4S089FFSWkiV6tFhsyP8LnyjWH4dUI8YRkk+JwIoyPLJ0w+kL3yzOg==
ipYWCP5yk4q1lgMUfvijkgyewy7QctQXm2e4PG6j4S089FFSWkiV6tFhsyP8LnyjWH4dUI8YRkk+JwIoyPLJ0w+kL3yzOg==
pdYqa2sTxs2314W7bE1Cvguewy7QctQXm2e4PG6j4S089FFSWkiV6tFhsyP8LnyjWH4dUI8YRkk+JwIoyPLJ0w+kL3yzOg==
rAnx4n/Zhqo5wQwalI8BHgqewy7QctQXm2e4PG6j4S089FFSWkiV6tFhsyP8LnyjWH4dUI8YRkk+JwIoyPLJ0w+kL3yzOg==
FATP6v1VIHh0lQiX4a7Z/wmewy7QctQXm2e4PG6j4S089FFSWkiV6tFhsyP8LnyjWH4dUI8YRkk+JwIoyPLJ0w+kL3yzOg==
x+IS+KDGWVATCXoVk2GJ/1ww8MJViR6vEcBvPnR/Po4LNmaj5mAl7/26JW95Reg1pHTbDjj037MPf2WMCvoeVP+wF6v4M5Uxc7M3
lznD81F55TkmgEDj+2/8sFww8MJViR6uEcBvPnR/Po4LNmaj5mAl7/26JW95Reg1pHTbDjj037MPf2WMCvoeVP+wF6v4M5Uxc7M3
kPGlNsCDSEOI966r8x1cPwiewy7QctQXm2e4PG6j4S089FFSWkiV6tFhsyP8LnyjWH4dUI8YRkk+JwIoyPLJ0w+kL3yzOg==
Q2Bo2RQFQ9ePJpY/OntKrQeewy7QctQXm2e4PG6j4S089FFSWkiV6tFhsyP8LnyjWH4dUI8YRkk+JwIoyPLJ0w+kL3yzOg==
JU/l2NnkjlBLWL3ksnmTYwaewy7QctQXm2e4PG6j4S089FFSWkiV6tFhsyP8LnyjWH4dUI8YRkk+JwIoyPLJ0w+kL3yzOg==
Q5uoUszQofXsOtZReTVTzFqx+kifPJNZyHanPHTwpCs591BZNwyE/dZyuDP8LnyjWH4dUI8YRkk+JwIoyPLJ0w+kL3yzOg==
HZS1BLvitFt8XoFv9ikPw1qx+kifPJNZyHKlMnTwpCs591BZNwyE/dZyuDP8LnyjWH4dUI8YRkk+JwIoyPLJ0w+kL3yzOg==
DyfcUaWEf6n2jN9dRo/DbZdW/wLJQ/Agt/t9Y47JX////zl11i4dZHk0Y75gFLdDh//tPKJaxiQH8M/7wBO9IXuzPw==
DVErF7IN8hHl9ijn1UkZc5AnVndW43+fYmhmUrrMWyCS/R/6k3pFUlrSoZzJwlJmeDlDDaFF7kxfkAu1+Hq/8BR8fGcJGwj1t6DcEeY+YL+c4mSvaJKF/E80XqWOq5rkqP4Rn79Id1CzFg==
s7e3XZwosIjQzQlh4CX6IDfV4vL36NM2V8nVOpp5U2epHx8aHX/Ntemwg0BOVRSlRuRRb28l1JRBTSVcOzqu3ahyWBdPYmB6teI6BHXSVswx70Cf6xDkwnBI0cDZN3aLW21dsxk=
gr0lqf90duAf+/2utNfqvvaEJ1eNrSoBhh6IHc/VDwesVF1eWt65kPkuSkoYFZvhkQm2gJ9cU/lIlmdcdNDki7mXkHk3LESdVtL4E/xOvEPY3t0xj/gG6b5HQsjI0glzj0RvXLMa
YxRA7FQDjDmvlr6pZdGjSTHe5PvT78cgcdnVP5ldSWWkHx8aHX/Ntemwg0BOVRSlRuRRb28l1JRBTSVcOzqu3ahyWBdPYmB6teI6BHXSVswx70Cf6xDkwnBI0cDZN3aLW21dsxk=
dLdkqrcjIPcpisqbb6Dauhd+YCxRRiViWuLBrAkSMvb4qeNdYbXOPF9gK8W4qh9glOycN0kr6MW3kDwhpm6ALxxyxH8o4qUNT0R+VU77OnQobnFPf3gXYLMm
Htx+4d6IRNX9LTPxDUjhkQNa5PIeq3ADdE8tZlrmybgZBhoS2M3LiTHhBvgfpOOR6H63BDQINKPZv2BBNxS0tTb6KMu8FmyreLZtyQ+AtgEeLxIQCIpZW29sH2SzIg==
nL78GsTsaw1lEYNPpI9ZKHM1mRjFp93noeDaZE02kZyGhEg/f/eJC6qevwaHPwDEy7LEWmB9AfUsh/dWcHt+oPQd7CSYlQCcge9vYpJvNtUuZjiYTUV3ZhNisyA=
6wDChN71d7F1yt+SZakJWzHe5PvT78cgcdnVP5ldSWW/Hx8aHX/Ntemwg0BOVRSlRuRRb28l1JRBTSVcOzqu3ahyWBdPYmB6teI6BHXSVswx70Cf6xDkwnBI0cDZN3aLW21dsxk=
PA+z0j+XxdBWkWCe8c0sIyqQgr5PBvfyhwt4H2+KivtkhGg5PImwchiHk4Jk0C21+J48s6qBGOQhirp8TUeU37/42LJckIVgLY8aW4cFabMt
wECB5czV9855tDG8SZIUi3Yrm5h70w9qVG1sWRnnwb9ZI8GzipnBkz+lEOVa8uGN6F3lUAMrNPzRr3BPH0aj5TTmItS8FmyreLZtzQ6AtgEeLxIQCIpZW29sH2SzIg==
Z0FttaJClXug0ZTb3uWvcHYrm5h70w9qVG1sWRnnwb9ZI8Gzi5nBkz+lEOVa8uGN6F3lXQMrNPzRr3BPH0aj5TTmItS8FmyreLZtzQ6AtgEeLxIQCIpZW29sH2SzIg==
U7jEVPiUm/2sXPV1eKHowF4t5rUeHrgC16zN6+7cmVk9BSGVNQH4Ny05VwP0RzosPdewizEGU+X4tplptA1fuJ+fDBAWpoz4QMFQUEmvLp6qGwY5BgIYhFVRZ2obZrMc
2qrAnimBiOOoNEb83Lw3f14t5rUeHrgC16zN6+7cmVk9BSGVNQH4Ny05VwP0RzosPdewizEEU+X4tplptA1fuJ+fDBAWpoz4QMFQUEmvLp6qGwY5BgIYhFVRZ2obZrMc
bR/JSymaakxM/HDzHLZoU3Yrm5h70w9qVG1sWRnnwb9ZI8Gzi5nBkz+lEOVa8uGN6F3lUgMrNPzRr3BPH0aj5TTmItS8FmyreLZtzQ6AtgEeLxIQCIpZW29sH2SzIg==
O7rSovLqzG+urmkd5MJUKl4t5rUeHrgC16zN6+7cmVk9BSGVNQH4Ny05VwP0RzosPdewizEFU+X4tplptA1fuJ+fDBAWpoz4QMFQUEmvLp6qGwY5BgIYhFVRZ2obZrMc
/RtwiZfJkIsJoSt4Iyqh/HYrm5h70w9qVG1sWRnnwb9ZI8Gzi5nBkz+lEOVa8uGN6F3lXAMrNPzRr3BPH0aj5TTmItS8FmyreLZtwg6AtgEeLxIQCIpZW29sH2SzIg==
JAXEdjn0mxk4GvQHfOd2kXYrm5h70w9qVG1sWRnnwb9ZI8GzipnBkz+lEOVa8uGN6F3lUwMrNPzRr3BPH0aj5TTmItS8FmyreLZtwg6AtgEeLxIQCIpZW29sH2SzIg==
cZcHBtyZMHK8D669dfEmenYrm5h70w9qVG1sWRnnwb9ZI8GzipnBkz+lEOVa8uGN6F3lUQMrNPzRr3BPH0aj5TTmItS8FmyreLZtwg6AtgEeLxIQCIpZW29sH2SzIg==
dOalVj6tPTsfBx2vGYNLQlqx+kifPJNZyHKlMnTwpCs591BZNwyE/dZyuDP8LnyjWH4dWo4YRkk+JwIoyPLJ0w+kL3yzOg==
wadd+oVPRoORRhW58c0euNwQhTciQTjkAUoa/O2Hvt7fOLgyPFDlYE1PetvnxQmzTQ==
lwV+CcmGjn2NaObUfn3SfTT2+FW7pmre2fVRTaACL1wk9CtuyLQv0xR+daw6uq70TzCHC6jzxdEDs0c=
nJaiGwVkSxjCJchqt/8ysIYgOMJxdxrhIlhu8h+NTGCwiXBoGUmuRpoT5kGWqlicJZnH0ssOs0Q=
+Rv6mir5Kz1E3Yu6AEy0jzHe5PvT78cgcdnVP5ldSWW/Hx8aHX/Ntemwg0BOVRSlRuRRb28l1JRFTytcOzqu3ahyWBdPYmB6teI6BHXSVswx70qe6xDkwnBI0cDZN3aLW21dsxk=
4t7zrXdZFippCt2UpbQvlHM1mRjFp93noeDaZE02kZyGhEg/f/eJC6qevwaHPwDAybzEWmB9AfUsh/dWcHt+oPQd7CSYlQCcgeVuYpJvNtUuZjiYTUV3ZhNisyA=
RaHvIiLdhE0Wi/bkILynHQNa5PIeq3ADdE8tZlrmybgZBhoS2M3LiTHhBvgfpOOR6Hq1CjQINKPZv2BBNxS0tTb6KMu8FmyreLZtww6AtgEeLxIQCIpZW29sH2SzIg==
1uNnWsoyG1RNmaNItNceRxd+YCxRRiViWuLBrAkSMvb4qeNdYbXOPF9gK8W4rh1ulOycN0kr6MW3kDwhpm6ALxxyxH8o4qUHTkR+VU77OnQobnFPf3gXYLMm
TSzxR/HnOpk/qyPZFjXqTDHe5PvT78cgcdnVP5ldSWWkHx8aHX/Ntemwg0BOVRSlRuRRb28l1JRFTytcOzqu3ahyWBdPYmB6teI6BHXSVswx70qe6xDkwnBI0cDZN3aLW21dsxk=
xRuw90BAxfQqnXY/LMLaZPaEJ1eNrSoBhh6IHc/VDwesVF1eWt65kPkuSkoYFZvhkQm2gJ9cU/lIkmVSdNDki7mXkHk3LESdVtL4E/xOvEPY3t07jvgG6b5HQsjI0glzj0RvXLMa
wtxmEKIbVK8DWp91Yg9fMzfV4vL36NM2V8nVOpp5U2epHx8aHX/Ntemwg0BOVRSlRuRRb28l1JRFTytcOzqu3ahyWBdPYmB6teI6BHXSVswx70qe6xDkwnBI0cDZN3aLW21dsxk=
r2UWU7S16MoZOoTc8hlR0pAnVndW43+fYmhmUrrMWyCS/R/6k3pFUlrSoZzJwlJmeDlDDaFF7kxfkAu1+H69/hR8fGcJGwj1t6DcEeY+YL+c4mSvaJKF9040XqWOq5rkqP4Rn79Id1CzFg==
CYxNJI0nbXCTygDW+sWTI+3Gqw31jDM+uon+BXMQWs7wtWUvJQdpky/bDlCkP+wtk6yVAxsnDAn68zVKXpu4hRL0S65oNI+T9H5VbFo6zjRvMGdLSHNlEWOzJw==
aDLNBbUvCGqWUHNoB2uPj8i/MAxwmZ2oNBJexavzaz+nzwE7IEyqB+Ixndy7H3Uf4lW0M3sWsCPWGbyExTLmjAEPWp77MJSCgOihQEmXJkuLDW2zKQ==
