99VxwKpKRBD1iFfBoc5cZlzid3v32eYcazq096dnGFDBg1Xl7aBhiHlvdtqxSkJ+sdrZnGx7sK7T7ipJ5VS3BjzkO+syuBlWqWqa3FNbeGM8Q3EJdqMp
Vr2ywecbllP8/K3gQVK8pgTwdFqI439ROyx+D/BNvj01CshMVxR4SPLk0JSTkGSG1zzhemL6JezRF+0JAy1TLMSvjMY2XNI6ERlMADXd2ig6z3CNt5k29/2K9YQ1ERJaf/GNnMBT4V3h4O3wDT/i8ozqnpZFKg2EoPv8toeeXiG59IsuqDTPE754Fe4dOo60Lzsky4hzpZG6o+U=
M59bOrIpMcNjlWb+t28qTyPsKZAV6sFUv4EoKqyNtQ5sU0rY04WOAWpj7ZVlIOk4gc8eAmkKeo6ZusGMZHu4vssOAjndlO9W1ERDW7o4kaYRCjIMCxuAU1RjaRl+oyE=
ve3K0wCK+RMJxfxUeCrHcGLNw/tPWLqwwF92CWuKiv1VyjIoMoTxGFyNhJJo/WO99dc4sYqNDuQhirp8TUeQ2L/637JckIVrLo8aW4cFcKMv
QpMNGDlf8MRBqJXT78+sbN/4242Yog+Y1FQMv6lj2N23iAxpRuYQl1yK1HcIqlWeyNwMmm7zKgzj1eHHH7AnYaM8
ZCoEAA8OoXpWfHXMnRxgC03yyBliXsqxvHNqGMwWX66Xjqxj3GelFRoU7LBgSvXE2t82QIGh4/vcOnSnSFo1hs/M7Oquo4q8YyWBF1+AB3GjLA==
1vlbT+CXyfUQXAgisu+MDxE02T5kjLCcqP3DsQyOvv0tV/SylRAahskgqZfn8cwQUPmwGPkwrzZ4ZCYxdtrT78XpB6IrZ6M2
jNSv5S3g38UNBumBenaBVZwFinpShUtEvq4hDSOE/4nRUkElUpK3nMVBh6C58gJnOILtBiBPQPjTQ6t6c0OPXc7Z4sQ9gr5sqX/bH3OCeyLYGBkLkkdea2MdfKMj
geXVtt3AowTG+KkPWZodnQ6ewy7QctQXm2e4PG6j4S089FFSWkiV6tFhsyP8LnyjWH4dUo8YRE4+JwIow/HJ0w+kL2WjOA==
xfdSoirTghlK35iNNmdENg2ewy7QctQXm2e4PG6j4S089FFSWkiV6tFhsyP8LnyjWH4dU48YRE4+JwIow/HJ0w+kL2WjOA==
XLr0x9BY8EhJWghSucz8Vgyewy7QctQXm2e4PG6j4S089FFSWkiV6tFhsyP8LnyjWH4dU48YRE4+JwIow/HJ0w+kL2WjOA==
3ha6x6qy1xZJxypFuU6xRwuewy7QctQXm2e4PG6j4S089FFSWkiV6tFhsyP8LnyjWH4dU48YRE4+JwIow/HJ0w+kL2WjOA==
btNt1eXHefzreuMAxSdcnQqewy7QctQXm2e4PG6j4S089FFSWkiV6tFhsyP8LnyjWH4dU48YRE4+JwIow/HJ0w+kL2WjOA==
iiePUWlW0ZvH2uzVPhK1Wwmewy7QctQXm2e4PG6j4S089FFSWkiV6tFhsyP8LnyjWH4dU48YRE4+JwIow/HJ0w+kL2WjOA==
pOBOggOQukY82O6A8kgSWB9htO9VfZnOEcBvPnR/Po4LNmaj5mAl7/26JW95Reg1pHTbDjj037MMf2WODfoeVP+7FKv4M5UxaqM1
4zXZCUCsGQUc4pTrXH69PhxhtO9VfZnOEcBvPnR/Po4LNmaj5mAl7/26JW95Reg1pHTbDjj037MMf2WODfoeVP+7FKv4M5UxaqM1
MrAG2kTaPjP26Egu0HA56R1htO9VfZnOEcBvPnR/Po4LNmaj5mAl7/26JW95Reg1pHTbDjj037MMf2WODfoeVP+7FKv4M5UxaqM1
mIw1PFGaX7B/qWVtpi6UWAiewy7QctQXm2e4PG6j4S089FFSWkiV6tFhsyP8LnyjWH4dU48YRE4+JwIow/HJ0w+kL2WjOA==
viwS/N4jSOUsLoqXu7NHnweewy7QctQXm2e4PG6j4S089FFSWkiV6tFhsyP8LnyjWH4dU48YRE4+JwIow/HJ0w+kL2WjOA==
NWDqK+zhMr6M7bWm/12zlAaewy7QctQXm2e4PG6j4S089FFSWkiV6tFhsyP8LnyjWH4dU48YRE4+JwIow/HJ0w+kL2WjOA==
owMzSoFab1jSR2nxOwHsqxBSS7XdgKOGIK9KZleW2gtyENF3cTqp9w21fJ0Y1AdmzKQLC0C/KXZZKip8I9vow+wDoSlmozk=
8FjY6ruHRoEkbLCmthpDERFSS7XdgKOGIK9KZleW2gtyENF3cTqp9w21fJ0Y1AdmzKQLC0C/KXZZKip8I9vow+wDoSlmozk=
NpRYUBrdkeNsHg2NbOReQhJSS7XdgKOGIK9KZleW2gtyENF3cTqp9w21fJ0Y1AdmzKQLC0C/KXZZKip8I9vow+wDoSlmozk=
0HZVa0at+lM6gH7yeXFs5SkFhbdm5hhiED4MWyvL4NAOT3mBjHjJ3trEDWZhzSvPnMIkD+gyxR9PVJwCDgtaxKMd0f8/qDdpozQ=
GiwnZTKcKzlEY+yH8VJpgBVSS7XdgKOGIK9KZleW2gtyENF3cTqp9w21fJ0Y1AdmzKQLC0C/KXZZKip8I9vow+wDoSlmozk=
GUdjo8wCkV0Uc2pWqP8CbhZSS7XdgKOGIK9KZleW2gtyENF3cTqp9w21fJ0Y1AdmzKQLC0C/KXZZKip8I9vow+wDoSlmozk=
xPIlVYAwkwzG2aNtLYk2YC0dibd/8AdiED4MWyvL4NAOT3mBjHjJ3trEDWZhzSvPnMIkD+gyxR9PVJwCDgtaxKMd0f8/qDdpozQ=
HEQpaz8Mu86d5OqgiSqBOywdibd/8AdiED4MWyvL4NAOT3mBjHjJ3trEDWZhzSvPnMIkD+gyxR9PVJwCDgtaxKMd0f8/qDdpozQ=
vAd5QvtKazZgVSQ+C9svIVqx+kifPJNZyHanPHTwpCs591BZNwyE/dZyuDP8LnyjWH4dU48YRE4+JwIow/HJ0w+kL2WjOA==
ISSYHOKhjo6AfagK2ZMuLFqx+kifPJNZyHKlMnTwpCs591BZNwyE/dZyuDP8LnyjWH4dU48YRE4+JwIow/HJ0w+kL2WjOA==
hz/PVgqrhBeZGplG2iiTm5dW/wLJQ/Agt/t9Y47JX////zl11i4dZHk0Y75gFLdDhP/tPqVaxiQH+8z7wBO9IWKjPQ==
z8nnhlFPfBOTYi4ntXHYovsx8iTyklNGvlynFjE4sUhy0JaTonB44MofqWS4RTrQrl7JM/38D9AvZICtNoFC9qQLeFjCYtofeLH9AIeW+dfZyK5P45gzBAG0avyIwf+m38tKnnQ1S2jAmVAzGXyGojA75BPIisEKQXF0Wgq0XlnQ3mbnBm7jTi2x9KLJZxl6ripALccr+nuJyc4LrwroxgFK3S7fKCqzZGrMni/nGz0GfXqOln/4hnK0TZ86a8YCjLRYSWrRXO0th9jnHN+rZCJIxpNWlIN6mDmdZC+7aoEAALyI9o6Ly0skzb0t3j7MNEi0ICV4X9xlsOmD88xMQHDp8IhZY69m2PRmIVaKU7/l+UcyizejZg==
uYSynDCXepgKhLk5OEo8PERlFkX4gn9ycmT2CJSqpZGdyYQNVYTgHy/+NSqIDcMk9xgafPjEf2jBmNx9wS7Coon0hRUu4+MvgW23JDiwFuq/7uBUVcyN6l7KUkmFMXFBruMzkjLdZ3N1o0fuiS42t8/1wEbzWvobCVIaxFbPu967KiD4ThZVoZvD4hAPzGM2UNr1CqrIwZPP3xKA5z9AYUNUETyQOZR6ymt6ij5JPeDv6wGRgzGnuhK2KZi7OeAD5NwmJhMI4FhXsOdpijx87stG3/TE5L7sLB/k7OIquJOdmDN6bujrQ4u6SpmRCcyiaKqLMGVYwVsqWSfZWHuZ5lWu0yj9eye/zWejDVa1m6TJ+kIcRRdMX2eq15LkIC2rBp9Cuw/1CKNX
3z/vGK/fAtGxHET9W21x8gbxyR0ezTGGLIVP3jdbJUq61COoHQBY7SVmjoKF/OEl6lufr33V8xTcuBrKcyaExNFU0aqC0lZZofk9ISJrl+L2JVtzSVuDni2muteDPeRW90ImW1XKnlQyB3f+tyLEyAquqSHneyYga8RvFhySEZouUB1Tk8cWkMN3jIHP3LXM1EGoevYTPnqawbEAI6MlgYcp+3rOLq0IX3GsI+jUQhbXsJzYqwijWW40cM4HjrtkQHzirPAH4PzG4vTzERCXCqoQ10O3Qo7pNYFAwiRiryBhQB0bdsGjSTyzVcZZpjcYucPbP7HfZz0yvZeEhbKmjMGPkJ87stOCwGjhS4oX5ktLjTSjaw==
uYSynDCXepgKhLk5OEo8PERlFkX4gn9ycmT2CJSqpZGdyYQNVYTgHy/+NSqIDcMk9xgafPjEf2jBmNx9wS7Coon0hRUu4+MvgW23JDiwFuq/7uBUVcyN6l7KUkmFMXFBruMzkjLdZ3N1o0fuiS42t8/1wEbzWvobCVIaxFbPu967KiD4ThZVoZvD4hAPzGM2UNr1CqrIwZPP3xKA5z9AYUNUETyQOZR6ymt6ij5JPeDv6wGRgzGnuhK2KZi7OeAD5NwmJhMI4FhXsOdpijx87stG3/TE5L7sLB/k7OIquJOdmDN6bujrQ4u6SpmRCcyiaKqLMGVYwVsqWSfZWHuZ5lWu0yj9eye/zWejDVa1m6TJ+kIcRRdMX2eq15LkIC2rBp9Cuw/1CKNX
44I+H2I3lTBUdoz2n8Qb13Yrm5h70w9qVG1sWRmkkPt0IzU06pnBkz+lEOVa8uGN6F3lXQMrNPzRr3BPH0aj5TTmItS8FmyreLZtzQ6AtAYeLxIQA4lZW29sH32jIA==
N2wnv0OIgw4Mnmpp3DOKYZVQ2CsEzHwXta0tCz+xtrjkb20yUo+my5pi1Kqht1A0Cs+9K1AKGfXAUq4/ZUXIWMHY7cQ9gr5sqX/cHnOCeyLYGBkLkkdea2MdfKMj
Q1/JtPlQmBVON+swMLrTpXYrm5h70w9qVG1sWRmkkPt0IzU06pnBkz+lEOVa8uGN6F3lUgMrNPzRr3BPH0aj5TTmItS8FmyreLZtzQ6AtAYeLxIQA4lZW29sH32jIA==
pzLd3PlFwqQlyf5uppHGepVQ2CsEzHwXta0tCz+xtrjkb20yUo+my5pi1Kqht1A0Cs++K1AKGfXAUq4/ZUXIWMHY7cQ9gr5sqX/cHnOCeyLYGBkLkkdea2MdfKMj
EmWyOBybzdMb1xLAueK9y3Yrm5h70w9qVG1sWRmnkPt0IzU06pnBkz+lEOVa8uGN6F3lUwMrNPzRr3BPH0aj5TTmItS8FmyreLZtzQ6AtAYeLxIQA4lZW29sH32jIA==
0vXbxwDe9ruahLxkz1+xLHYrm5h70w9qVG1sWRmkkPt0IzU06pnBkz+lEOVa8uGN6F3lXAMrNPzRr3BPH0aj5TTmItS8FmyreLZtzQ6AtAYeLxIQA4lZW29sH32jIA==
Q7/t0xb6nxfzZ4Wdxxijx2mrd8xbr4dU8Z41FerK5EJfMmHw6dGPABhzs8YgA8oEoaIXCW97At7TvYqWbH+ngYIQCwy/lO9W1ERDW74+kaYRCjIMCxuAU1RjaRl+oyE=
77/jjbm1KlAwkdkyQaaxY5VQ2CsEzHwXta0tCz+xtrjkb20yUo+my5pi1Kqht1A0Cs+/K1AKGfXAUq4/ZUXIWMHY7cQ9gr5sqX/THnOCeyLYGBkLkkdea2MdfKMj
fyZJbTkxIaJCq64dcB61+2mrd8xbr4dU8Z41FerK5EJfMmHw6dGPABhzs8YgA8oEoaIXCm97At7TvYqWbH+ngYIQCwy/lO9W1ERDW7E+kaYRCjIMCxuAU1RjaRl+oyE=
dq4KVeIA1kU12kiT9qtBc3Yrm5h70w9qVG1sWRmnkPt0IzU06pnBkz+lEOVa8uGN6F3lUAMrNPzRr3BPH0aj5TTmItS8FmyreLZtwg6AtAYeLxIQA4lZW29sH32jIA==
FVvob/YEz/HA6DUICEI3Fmmrd8xbr4dU8Z41FerK5EJfMmHw6dGPABhzs8YgA8oEoaIXC297At7TvYqWbH+ngYIQCwy/lO9W1ERDW7E+kaYRCjIMCxuAU1RjaRl+oyE=
/FolR4OY3pLp6Da7fPohPHYrm5h70w9qVG1sWRmnkPt0IzU06pnBkz+lEOVa8uGN6F3lUQMrNPzRr3BPH0aj5TTmItS8FmyreLZtwg6AtAYeLxIQA4lZW29sH32jIA==
dJJV8cB0vtR7w6C+uFq7MTT2+FW7pmre2fVRTaACL1wk9CtuyLQv0xV+da49uq70TzuEC6jzxdEao0U=
OzdUQ6vjo78M0CF6MZRmQIYgOMJxdxrhIlhu8h+NTGCwiXBoGUiuRpgU5kGWqlOfJZnH0ssXo0Y=
dsplnT0BM42t/3G5n8id7TT2+FW7pmre2fVRTaACL1wk9CtuyLQv0xR+da49uq70TzuEC6jzxdEao0U=
AVhdWdfVH9bdEeNS2VyB5IYgOMJxdxrhIlhu8h+NTGCwiXBoGUmuRpgU5kGWqlOfJZnH0ssXo0Y=
o3PaeNzk5gOE3lwlG0DbZpAnVndW43+fYmhmUrrMWyCS/R/6k3pFUlrSoZzJwlJmeDlDDaFF7kxfkAu1+Hq/8BR8fGcJGwj1t6DcEeY+YL+c4mSvaJKF9040XKKOq5rko/0Rn79Id0mjFA==
w09h4ysT+0mMExJkYS32vjfV4vL36NM2V8nVOpp5U2epHx8aHX/Ntemwg0BOVRSlRuRRb28l1JRBTSVcOzqu3ahyWBdPYmB6teI6BHXSVswx70qe6xLjwnBI0cvaN3aLW21Eoxs=
y4h9yAoA2sv+2OAtZyHNKfaEJ1eNrSoBhh6IHc/VDwesVF1eWt65kPkuSkoYFZvhkQm2gJ9cU/lIlmdcdNDki7mXkHk3LESdVtL4E/xOvEPY3t07jvgE7r5HQsjD0Qlzj0RvRaMY
wmIas+KpexYABzLepK2KxjHe5PvT78cgcdnVP5ldSWWkHx8aHX/Ntemwg0BOVRSlRuRRb28l1JRBTSVcOzqu3ahyWBdPYmB6teI6BHXSVswx70qe6xLjwnBI0cvaN3aLW21Eoxs=
NnabIPH92SkilSqDX+8lpxd+YCxRRiViWuLBrAkSMvb4qeNdYbXOPF9gK8W4qh9glOycN0kr6MW3kDwhpm6ALxxyxH8o4qUHTkR8Uk77OnQjbXFPf3gXeaMk
/Ty1V93LErVhlsiw1BdmCgNa5PIeq3ADdE8tZlrmybgZBhoS2M3LiTHhBvgfpOOR6H63BDQINKPZv2BBNxS0tTb6KMu8FmyreLZtww6AtAYeLxIQA4lZW29sH32jIA==
seJhUQEDnsJwM379y8Sms3M1mRjFp93noeDaZE02kZyGhEg/f/eJC6qevwaHPwDEy7LEWmB9AfUsh/dWcHt+oPQd7CSYlQCcgeVuYpBoNtUuZjObTUV3ZhN7oyI=
232iZ2VzN+PwMGNM6uEk4jHe5PvT78cgcdnVP5ldSWW/Hx8aHX/Ntemwg0BOVRSlRuRRb28l1JRBTSVcOzqu3ahyWBdPYmB6teI6BHXSVswx70qe6xLjwnBI0cvaN3aLW21Eoxs=
V1uQQtj10wqNPZE0oAd0liqQgr5PBvfyhwt4H2+KivtkhGg5PImwchiHk4Jk0C21+J48s6qBGOQhirp8TUeX27/537JckIVrLo8aW4cFcKMv
K0zNNi5ajmL8IjIa3msT007Q68pu6YuWgnJD4+RlETVrVSPJ3Mb+JV2/1IqFGBqe+QjJb7c5DEigkRCgabsprszNxkmmkpM3tQEnmjtvoy4=
yR8XMxyC2ME4WW8RnkL567SYvBQ5+SnPxn4o3I3jhE7IYabdzN9WXkN2rtPOQD0f5bo9H2FlwMXstBNe0FRnI3X43Rr0mraEt3tcmxBTjQFyoy0=
EM6DyEgIUCJgMb5vcZqBkrSYvBQ5+SnOxn4o3I7jhE7IYabdzN9WXkN2rtPOQD0f5bo9H2FlwMXstBNe0FRnI3X/3Rr0mraEt3tcmxBTjQFyoy0=
34ysl3l7vwv5RSpPsBoGO97mHVsP/Tb5EotFJ7+ELOjfxdhLOizlAqb/hodKEWezzSdPpKPZqUuIJTVCEBrp3Uy11isQE5yEjjosnOgt4CTxUe/a5NHWbV7e86M9fZdeY0OjGg==
FmexcRKG2XFe26oXSC9enMzynKCwmDiqgB1Juaxg2dbazB1vQPkWllyK1HcIqlWRz9wIm27zKgzj1eHHH7AnYaM8
5wdLfmYFNdQ4cfHHEWCmpTCbxtVgYbHFXBwhqlqw5ROwhe7qvPYsC/jWreIPoPDnno/ScAOpGbvvzN8do0A=
EjS8OK7vxhPo4M8q5J3J5jGbxtVgYbHFXBwhqlqw5ROwhe7qvPYsC/jWreIPoPDnno/ScAOpGbvvzN8do0A=
DS7RbL5vAaimaTCJec+NlDObxtVgYbHFXBwhqlqw5ROwhe7qvPYsC/jWreIPoPDnno/ScAOpGbvvzN8do0A=
t6DSTHn9S7d7PeS/QvWwZOLzo8be2KvXTirJhc3cz0Xz0hh8TCRIrYzL0FAXJRBcZ6OJz9+nlcpHtNoscuBNjliZ8mjA8sm1XL3WIwB7vGxecmzUOMVATGHUblJ0uXaFjpaz6+2VtzZzS6MS
zrQ0so5duNYcZJKun/hW/0p6IHCJwnvYyhLOpIQfjxicQgTs/I3F/d6WlKryDFN5Kz8GidzHOalizj1+hK1YVyMvNSYf7dY+nPbELl7AR3SLdPtO2HS/c+R+RUqser6Un7v065izNXFKoxU=
1jbRmk6z431NsIiY3wVP+kp6IHCJwnvYyhLOpIQfjxicQgTs/43F/d6WlKrzDFN5Kz8GidzHOalizj1+hK1YVyMvNSYf7dY+nPbELl7AR3SLdPtO2HS/c+R+RUqser6Un7v065izNXFKoxU=
uLZb0Vb1As0EETQjTXw4ql9Cv01iAHrehzyg3SQ9nqN8ygwQ7x/xzpAuLxlW0eC/2KKvhFdbKz8rgDcVXqiEHynZ0Zy3uJSMkX+QexZhRDV0loJEPIYMG7hmTbMOcJBXXp/ygIMZ+auvPH9NoxA=
h+rnQ511BqV6HBBkyatFt19Cv01iAHrehzyg3SQ9nqN8ygwQ7h/xzpAuLxlW0eC+2KKvhFdbKz8rgDcVXqiEHynZ0Zy3uJSMkX+QexZhRDV0loJEPIYMG7hmTbMOcJBXXp/ygIMZ+auvPH9NoxA=
ztVXY2xDaTCBB01Xp4dn8AGidflAcFPo9idUyIe7N/rvO0ps1jy/ZLHqSjydZ67ezx6OcuwwFeve78obtyVgoz8=
LnjqZbDjCAFrNKiFTQqJVDSbxtVgYbHFXBwhqlqw5ROwhe7qvPYsC/jWreoLoPPnno/ScAOpGbvvzN8do0A=
C+meTnwmXFX3qpygmeGeIzebxtVgYbHFXBwhqlqw5ROwhe7qvPYsC/jWreoLoPPnno/ScAOpGbvvzN8do0A=
lScjhOkYKOPG93n1JEbLrQW6eflZZkzo9idUyIe7N/rvO0ps1jy/ZLHqSjydZ6bbzx2OcuwwFeve78obtyVgoz8=
Iq3FFQ0Xr1CJTe6Q7Vn/bwS6eflZZkzo9idUyIe7N/rvO0ps1jy/ZLHqSjydZ6bbzx2OcuwwFeve78obtyVgoz8=
1sV0NtMVfB3jkTO1JgV6tOvsyTFRzfb8UklG8KmeY+M3V2/EHdix91NY0Nv1HCQOeI/OXnONXswm1azsSP2gdBFi6OoHgZa9/q5zU50tV44Dc6Mq
MwDsY6e+CruXAGm+gCmlgTT2+FW7pmre2fVRTaACL1wk9CtuyLQv0xt4dak8uq70TzuEC6jzxdEao0U=
W5zAyYCycBqimZ7AkVogNoYgOMJxdxrhIlhu8h+NTGCwiXBoGUaoRp8V5kGWqlOfJZnH0ssXo0Y=
vfI4+qf49/BoOC5ctc+OjtG70I+EsA6KxURPr7Y22NeMyQs5SvgaglyK1HcIqlWQyNwLm27zKgzj1eHHH7AnYaM8
fo3qzgzWMqMpd/nkwFQdE+vsyTFRzfb8UklG8KmeY+M3V2/EHdix91NY0Nv1HCQOeI/OXnONXswm1azsSP2gdBFg6uoNhpa1/a5zU50tV44Dc6Mq
x7BvrdRNCpt9BHN8ongk+zT2+FW7pmre2fVRTaACL1wk9CtuyLQv0xl6daM7uqb3TzuEC6jzxdEao0U=
kcuYY4Crolw4N8fqMWVCJYYgOMJxdxrhIlhu8h+NTGCwiXBoGUSqRpUS5kmVqlOfJZnH0ssXo0Y=
RvRTNFPnj8Mz/D3QrEorN9G70I+EsA6KxURPr7Y22NeMyQs5SvgaglyK1HcIqlWSytwBnG77KQzj1eHHH7AnYaM8
MujmXtPAQA23Zf25GYPO6uvsyTFRzfb8UklG8KmeY+M3V2/EHdix91NY0Nv1HCQOeI/OXnONXswm1azsSP2gdBFm6eoAgJa1/a5zU50tV44Dc6Mq
ae3cebDDur1f5nVDGPLwrDT2+FW7pmre2fVRTaACL1wk9CtuyLQv0x95da49uqb3TzuEC6jzxdEao0U=
oTy6c+R0ry3kdS07ksaB1YYgOMJxdxrhIlhu8h+NTGCwiXBoGUKpRpgU5kmVqlOfJZnH0ssXo0Y=
DDNyqOMyhULTx7i+AfHk19G70I+EsA6KxURPr7Y22NeMyQs5SvgaglyK1HcIqlWUydwMmm77KQzj1eHHH7AnYaM8
tmbRiqZ2+L5PepwDpfUXvFqx+kifPJNZyHKlMnTwpCs591BZNwyE/dZyuDP8LnyjWH4dVYkYRE4+LwEow/HJ0w+kL2WjOA==
TG9r+Vxtm1/MepvCD5BV5twQhTciQTjkAUoa/O2HsNnfOr8yNFPla05PetvnxRCjTw==
9KMQueVtXJT3hl7pF1b3VzT2+FW7pmre2fVRTaACL1wk9CtuyLQv0xp5da49uqb3TzuEC6jzxdEao0U=
ncEomZCdIGB5Bd1yG6a4hIYgOMJxdxrhIlhu8h+NTGCwiXBoGUepRpgU5kmVqlOfJZnH0ssXo0Y=
n89M/MNWMlfBHZe+8TgJ4DHe5PvT78cgcdnVP5ldSWW/Hx8aHX/Ntemwg0BOVRSlRuRRb28l1JRFTytcOzqu3ahyWBdPYmB6teI6BHXSVswx70SZ6xLjwnhL0cvaN3aLW21Eoxs=
4sBisO4pvouogHczfLBACHM1mRjFp93noeDaZE02kZyGhEg/f/eJC6qevwaHPwDAybzEWmB9AfUsh/dWcHt+oPQd7CSYlQCcgetpYpBoNt0tZjObTUV3ZhN7oyI=
PilMgRWdbwHGb9pzU5rlggNa5PIeq3ADdE8tZlrmybgZBhoS2M3LiTHhBvgfpOOR6Hq1CjQINKPZv2BBNxS0tTb6KMu8FmyreLZtzQmAtAYeJxEQA4lZW29sH32jIA==
1hjohMlpBAtqt6Ske+p1MBd+YCxRRiViWuLBrAkSMvb4qeNdYbXOPF9gK8W4rh1ulOycN0kr6MW3kDwhpm6ALxxyxH8o4qUJSUR8Uk7zOXQjbXFPf3gXeaMk
X4pdCkMDKuprs4cPOyLy4zHe5PvT78cgcdnVP5ldSWWkHx8aHX/Ntemwg0BOVRSlRuRRb28l1JRFTytcOzqu3ahyWBdPYmB6teI6BHXSVswx70SZ6xLjwnhL0cvaN3aLW21Eoxs=
QnxJEQ/bgAtcIO7Vc+OnKfaEJ1eNrSoBhh6IHc/VDwesVF1eWt65kPkuSkoYFZvhkQm2gJ9cU/lIkmVSdNDki7mXkHk3LESdVtL4E/xOvEPY3t01ifgE7r5PQcjD0Qlzj0RvRaMY
sx+oZJGeXEfGdrY4RNu5ljfV4vL36NM2V8nVOpp5U2epHx8aHX/Ntemwg0BOVRSlRuRRb28l1JRFTytcOzqu3ahyWBdPYmB6teI6BHXSVswx70SZ6xLjwnhL0cvaN3aLW21Eoxs=
2npdGt+Q9BZLM3VEx5pg5JAnVndW43+fYmhmUrrMWyCS/R/6k3pFUlrSoZzJwlJmeDlDDaFF7kxfkAu1+H69/hR8fGcJGwj1t6DcEeY+YL+c4mSvaJKF+Uk0XKKOo5nko/0Rn79Id0mjFA==
5jSjSJpfO84XsTjfRJEsMu3Gqw31jDM+uon+BXMQWs7wtWUvJQdpky/bDlCkP+wtk6yVAxsnDAn68zVKXpu4hRL0S65oNI+T+nlVbl06xjdvO2RLSHNlEXqjJQ==
iGzuWJKqJ81WI0q1kA8b5ci/MAxwmZ2oNBJexavzaz+nzwE7IEyqB+Ixndy7H3Uf4lW0M3sWsCPWGbyExTLmjAEPVJn7MpOCiOuhS0qXJkuLDXSjKw==
