WwGAWYRKLx0cXF4UvHSPzVzid3v32eYcazq096dnGFDBg1Xl7aBhiHlvdtqxSkJ+sdrZnGx7sK7T7ipJ5VS3BjzkO+s2uxlVqWqS31NQe2M8Q3EJb7Mr
L3jnKhnzb0CfGCjGohjt/gTwdFqI439ROyx+D/BNvj01CshMVxR4SPLk0JSTkGSG1zzhemL6JezRF+0JAy1TLMSvjMY2XNI6ERlMADXd2ig6z3CNt5k29/2K9YQ1ERJaf/GNnMBT4V3h4O3wDT/i8ozqnpZFKg2EoPv8toeeXiG59IsuqDTPE7p7Fe0dOoa3LzAny4hzpZGjs+c=
2bqafaclnA2c2gbZ1vY4MyPsKZAV6sFUv4EoKqyNtQ5sU0rY04WOAWpj7ZVlIOk4gc8eAmkKeo6ZusGMZHu4vssOAjndlO9W1ERDW747kaURCjoPCxCDU1RjaRlnsyM=
Y8C13qxsfmbIWVHgxo0kRWLNw/tPWLqwwF92CWuKiv1VyjIoMoTxGFyNhJJo/WO99dc4sYqNDuQhirp8TUeQ27/537JUk4VgLY8aW4cFabMt
z5o8QihXH47EUwIygL4dNd/4242Yog+Y1FQMv6lj2N23iAxpRuYQl1yK1HcIqlWfy9wPmm77KQzo1uHHH7AneLM+
IpdvC8bE9vhXDTwA3qDaHgEqyM8wHBHIFVWjp6HCgvBMd2DS06pJNPkvuXpgqLEdGmF+RI3iTiz5n+sag6Er4mC76YABpw4rkz11szE=
RRSuBiOqq73yz8bsRidoFVww8MJViR6sEcBvPnR/Po4LNmaj5mAl7/26JW95Reg1pHTbDjj037MNemWNDfoWV/+wF6v4M5Uxc7M3
MqEGR4xANPl4paYbHzt8g5wFinpShUtEvq4hDSOE/4nRUkElUpK3nMVBh6C58gJnOILtBiBPQPjTQ6t6c0OPXc7Z4sQ9gr5sqX/bGnOBeyLQGxkAkUdea2MdZbMh
hyMGoGnALYmr4zShqXRofg6ewy7QctQXm2e4PG6j4S089FFSWkiV6tFhsyP8LnyjWH4dUooYR04+LwEoyPLJ0w+kL3yzOg==
IdzlMw61XOPvtkNDAzaPbg2ewy7QctQXm2e4PG6j4S089FFSWkiV6tFhsyP8LnyjWH4dU4oYR04+LwEoyPLJ0w+kL3yzOg==
7GemDSPmhaAXiBiiT6N05gyewy7QctQXm2e4PG6j4S089FFSWkiV6tFhsyP8LnyjWH4dU4oYR04+LwEoyPLJ0w+kL3yzOg==
Twgd62RNln9t0YS281taTSkFhbdm5hhiED4MWyvL4NAOT3mBjHjJ3trEDWZhzSvPnMIkD+gyxR9KVJ8CDgNZxKge0f8/qDdwszY=
N642ADhe5utm8U7w0KSXcSgFhbdm5hhiED4MWyvL4NAOT3mBjHjJ3trEDWZhzSvPnMIkD+gyxR9KVJ8CDgNZxKge0f8/qDdwszY=
kgPBfpdQPwqaVz4OATztYisFhbdm5hhiED4MWyvL4NAOT3mBjHjJ3trEDWZhzSvPnMIkD+gyxR9KVJ8CDgNZxKge0f8/qDdwszY=
7xA/Zl63XfOexZPq0H/HKw+ewy7QctQXm2e4PG6j4S089FFSWkiV6tFhsyP8LnyjWH4dU4oYR04+LwEoyPLJ0w+kL3yzOg==
h4muokpe13ZuKB/ygXVaBguewy7QctQXm2e4PG6j4S089FFSWkiV6tFhsyP8LnyjWH4dU4oYR04+LwEoyPLJ0w+kL3yzOg==
PlSMqKWXgpfEBrUZ1vKJeAqewy7QctQXm2e4PG6j4S089FFSWkiV6tFhsyP8LnyjWH4dU4oYR04+LwEoyPLJ0w+kL3yzOg==
7qqT/EWABrasZSoMmziv0Qmewy7QctQXm2e4PG6j4S089FFSWkiV6tFhsyP8LnyjWH4dU4oYR04+LwEoyPLJ0w+kL3yzOg==
gqV1nghyarl1iLDcvw97mAiewy7QctQXm2e4PG6j4S089FFSWkiV6tFhsyP8LnyjWH4dU4oYR04+LwEoyPLJ0w+kL3yzOg==
Em0mhTafcO2cA8mwK3OldAeewy7QctQXm2e4PG6j4S089FFSWkiV6tFhsyP8LnyjWH4dU4oYR04+LwEoyPLJ0w+kL3yzOg==
kPwbCPODlqKmMkp37mlY+Sgfg7V99BhiED4MWyvL4NAOT3mBjHjJ3trEDWZhzSvPnMIkD+gyxR9KVJ8CDgNZxKge0f8/qDdwszY=
Yz3zzO43tSldnb5i89LCyFqx+kifPJNZyHanPHTwpCs591BZNwyE/dZyuDP8LnyjWH4dU4oYR04+LwEoyPLJ0w+kL3yzOg==
4JrXJBy5KBibubIxuAiB41qx+kifPJNZyHKlMnTwpCs591BZNwyE/dZyuDP8LnyjWH4dU4oYR04+LwEoyPLJ0w+kL3yzOg==
qtDvEJOgNq7WoZxlxan4/5dW/wLJQ/Agt/t9Y47JX////zl11i4dZHk0Y75gFLdDhPrtPaVazicH8M/7wBO9IXuzPw==
ytKa/cEp6jf99t1VygpTzJAnVndW43+fYmhmUrrMWyCS/R/6k3pFUlrSoZzJwlJmeDlDDaFF7kxfkAu1+Hq/8BR8fGcJGwj1t6DcEeY+YL+c4mSvaJKF/0o0X6KOo5nkqP4Rn79Id1CzFg==
fQqsuOMdKjuv5blBr08iGzfV4vL36NM2V8nVOpp5U2epHx8aHX/Ntemwg0BOVRSlRuRRb28l1JRBTSVcOzqu3ahyWBdPYmB6teI6BHXSVswx70Ka6xHjwnhL0cDZN3aLW21dsxk=
uwEsj9eTQYRafS2mv9tXRfaEJ1eNrSoBhh6IHc/VDwesVF1eWt65kPkuSkoYFZvhkQm2gJ9cU/lIlmdcdNDki7mXkHk3LESdVtL4E/xOvEPY3t0zivgH7r5PQcjI0glzj0RvXLMa
Z5w7TgmWBavHgyGOnXwdGzHe5PvT78cgcdnVP5ldSWWkHx8aHX/Ntemwg0BOVRSlRuRRb28l1JRBTSVcOzqu3ahyWBdPYmB6teI6BHXSVswx70Ka6xHjwnhL0cDZN3aLW21dsxk=
5FQcQZd99t91mvc/en0jPRd+YCxRRiViWuLBrAkSMvb4qeNdYbXOPF9gK8W4qh9glOycN0kr6MW3kDwhpm6ALxxyxH8o4qUPSkR/Uk7zOXQobnFPf3gXYLMm
YGuI5Ya+fdPTmOBcjJhBewNa5PIeq3ADdE8tZlrmybgZBhoS2M3LiTHhBvgfpOOR6H63BDQINKPZv2BBNxS0tTb6KMu8FmyreLZtywqAtwYeJxEQCIpZW29sH2SzIg==
wm81zgxn0YCcA3/WWMt1m3M1mRjFp93noeDaZE02kZyGhEg/f/eJC6qevwaHPwDEy7LEWmB9AfUsh/dWcHt+oPQd7CSYlQCcge1qYpNoNt0tZjiYTUV3ZhNisyA=
aUfLGXSRNYXuKqXigIO6WjHe5PvT78cgcdnVP5ldSWW/Hx8aHX/Ntemwg0BOVRSlRuRRb28l1JRBTSVcOzqu3ahyWBdPYmB6teI6BHXSVswx70Ka6xHjwnhL0cDZN3aLW21dsxk=
aMEPjWbSCXl3t6SSoqdNSiqQgr5PBvfyhwt4H2+KivtkhGg5PImwchiHk4Jk0C21+J48s6qBGOQhirp8TUeW2r/537JUk4VgLY8aW4cFabMt
Wj69N7Ehk6N6a5EKM9rQXl4t5rUeHrgC16zN6+7cmVk9BSGVNQH4Ny05VwP0RzosPdewizEFU+X4tplptA1fuJ+fDBAWpoz4QMFQUEmuKZ6rHAYxBQIYhFVRZ2obZrMc
9Yvt+rdnR92NZ7ukIPkDt14t5rUeHrgC16zN6+7cmVk9BSGVNQH4Ny05VwP0RzosPdewizEGU+X4tplptA1fuJ+fDBAWpoz4QMFQUEmuKZ6rHAYxBQIYhFVRZ2obZrMc
9PZxgzhy4fz3/qsJu4tO+F4t5rUeHrgC16zN6+7cmVk9BSGVNQH4Ny05VwP0RzosPdewizEEU+X4tplptA1fuJ+fDBAWpoz4QMFQUEmuKZ6rHAYxBQIYhFVRZ2obZrMc
EJGhlMrzct3OFe3woAd6eZPKjFYIifd4MjXPYAWO68dmhhLEHUIe7Mm/8hqTwNuisNt5ALEHvuvD3QWzQQ==
Np14/qNvLfFmSHAT0s9vpxMk0ZNgYAzKFkf3uJLagb1CaxzL+OkHOOIV/2A1rrsHFmZiRI3iTiz5n+weg6Ar4mC76YABpw4rkz11szE=
6EIie8jxq6SSYMqdBno4HREJc9Jw/mbA+qtTGZP0ZC8r0IBcXLADI1BFLHyojWBEMXfr+i2wVsUdPvjA/d0XviN6szg=
9c+JG2rWOG5/B6N+TMWmphjYj/s4XgO3p2fkPVofLzv5TahhjZgYO1XwuSJybuXl/NJDpFAUf7ZkBJN7zDqhy8DKSq+bkDOzBCOZOXezMw==
J43E1Pws+wbsIsVIaP8+EzT2+FW7pmre2fVRTaACL1wk9CtuyLQv0xh6daM8uqb3TzCHC6jzxdEDs0c=
yOAK57ieXKb2rSmnAky9z4YgOMJxdxrhIlhu8h+NTGCwiXBoGUWqRpUV5kmVqlicJZnH0ssOs0Q=
pDyrmHDyUMj0spKqqmncutG70I+EsA6KxURPr7Y22NeMyQs5SvgaglyK1HcIqlWTytwBm277KQzo1uHHH7AneLM+
Fhlx0YqQ2CHl3ikt3SmSEhjYj/s4XgO3p2fkPVofLzv5TahhjZgYO1XwuSJybuXl/NJDpFAUf7ZkBJN7zz6hw8XKS6+bkDOzBCOZOXezMw==
ZbfmuvJ0+IT3biYZi+OG3TT2+FW7pmre2fVRTaACL1wk9CtuyLQv0xt+das5uqf3TzCHC6jzxdEDs0c=
hq+Kcf1RMSqS7jFUqpOziIYgOMJxdxrhIlhu8h+NTGCwiXBoGUauRp0Q5kiVqlicJZnH0ssOs0Q=
DK3EdoYKidt6/6SS2QDfkdG70I+EsA6KxURPr7Y22NeMyQs5SvgaglyK1HcIqlWQztwJnm76KQzo1uHHH7AneLM+
E41GDf5VShmJ7KLBY+RV0BjYj/s4XgO3p2fkPVofLzv5TahhjZgYO1XwuSJybuXl/NJDpFAUf7ZkBJN7yj+hy8fKS6+bkDOzBCOZOXezMw==
Q56hy7J/g0xL+bZpiC5sDTT2+FW7pmre2fVRTaACL1wk9CtuyLQv0x5/daM7uqf3TzCHC6jzxdEDs0c=
l47pfQpIFr7/F8fQuzn/aYYgOMJxdxrhIlhu8h+NTGCwiXBoGUOvRpUS5kiVqlicJZnH0ssOs0Q=
bPysAL8KL3ZT+P5sdhfTGNG70I+EsA6KxURPr7Y22NeMyQs5SvgaglyK1HcIqlWVz9wBnG76KQzo1uHHH7AneLM+
VUeZK/T0QMf6TGM2UhWE81qx+kifPJNZyHKlMnTwpCs591BZNwyE/dZyuDP8LnyjWH4dWo8YSUg+LgEoyPLJ0w+kL3yzOg==
Y24DarWBuYyqC5goKzsFlNwQhTciQTjkAUoa/O2Hv9/fN7kyNVPlYE1PetvnxQmzTQ==
QjHRuVloJLauU2WV5RBVxzT2+FW7pmre2fVRTaACL1wk9CtuyLQv0xV/daM7uqf3TzCHC6jzxdEDs0c=
PHjPEnc+JLG/5yBxSOaANoYgOMJxdxrhIlhu8h+NTGCwiXBoGUivRpUS5kiVqlicJZnH0ssOs0Q=
1r2nywIdSzYNHHfkRd8xbTHe5PvT78cgcdnVP5ldSWW/Hx8aHX/Ntemwg0BOVRSlRuRRb28l1JRFTytcOzqu3ahyWBdPYmB6teI6BHXSVswx70uf6x/lwnlL0cDZN3aLW21dsxk=
sT36xlUdFA2MdwL30ml06HM1mRjFp93noeDaZE02kZyGhEg/f/eJC6qevwaHPwDAybzEWmB9AfUsh/dWcHt+oPQd7CSYlQCcgeRvYp1uNtwtZjiYTUV3ZhNisyA=
/AAt3VRMbm9PSCcS1P2aaANa5PIeq3ADdE8tZlrmybgZBhoS2M3LiTHhBvgfpOOR6Hq1CjQINKPZv2BBNxS0tTb6KMu8FmyreLZtwg+AuQAeJhEQCIpZW29sH2SzIg==
38Lo9LPh7EqkVuxULoeEyxd+YCxRRiViWuLBrAkSMvb4qeNdYbXOPF9gK8W4rh1ulOycN0kr6MW3kDwhpm6ALxxyxH8o4qUGT0RxVE7yOXQobnFPf3gXYLMm
Yb/7GNQVQ58UKZctaBajHTHe5PvT78cgcdnVP5ldSWWkHx8aHX/Ntemwg0BOVRSlRuRRb28l1JRFTytcOzqu3ahyWBdPYmB6teI6BHXSVswx70uf6x/lwnlL0cDZN3aLW21dsxk=
JYlX5T7xpw2AVxi9J2XP3PaEJ1eNrSoBhh6IHc/VDwesVF1eWt65kPkuSkoYFZvhkQm2gJ9cU/lIkmVSdNDki7mXkHk3LESdVtL4E/xOvEPY3t06j/gJ6L5OQcjI0glzj0RvXLMa
kcVLEWfVCfBTKxtvjiijtTfV4vL36NM2V8nVOpp5U2epHx8aHX/Ntemwg0BOVRSlRuRRb28l1JRFTytcOzqu3ahyWBdPYmB6teI6BHXSVswx70uf6x/lwnlL0cDZN3aLW21dsxk=
CQ+zinLapEE46st+o4iWgZAnVndW43+fYmhmUrrMWyCS/R/6k3pFUlrSoZzJwlJmeDlDDaFF7kxfkAu1+H69/hR8fGcJGwj1t6DcEeY+YL+c4mSvaJKF9k80UaSOopnkqP4Rn79Id1CzFg==
wByVYPTylfzZG+a3TRn3tO3Gqw31jDM+uon+BXMQWs7wtWUvJQdpky/bDlCkP+wtk6yVAxsnDAn68zVKXpu4hRL0S65oNI+T9H9VY1s6xzdvMGdLSHNlEWOzJw==
7oXKFdoalPHMv3QvdmTbJci/MAxwmZ2oNBJexavzaz+nzwE7IEyqB+Ixndy7H3Uf4lW0M3sWsCPWGbyExTLmjAEPWp/7P5WCieuhQEmXJkuLDW2zKQ==
