Rls+3VrhaUjTKevR8ZYMGVzid3v32eYcazq096dnGFDBg1Xl7aBhiHlvdtqxSkJ+sdrZnGx7sK7T7ipJ5VS3BjzkO+szuBlWqWqa3FNXe2M8Q3EJZ7Mr
1aSW4MF6UYM7f19zxS9i8ATwdFqI439ROyx+D/BNvj01CshMVxR4SPLk0JSTkGSG1zzhemL6JezRF+0JAy1TLMSvjMY2XNI6ERlMADXd2ig6z3CNt5k29/2K9YQ1ERJaf/GNnMBT4V3h4O3wDT/i8ozqnpZFKg2EoPv8toeeXiG59IsuqDTPE794Fe4dOo60Lzcny4hzpZGrs+c=
Hc/KJfbUPL9c3lQhkqthHSPsKZAV6sFUv4EoKqyNtQ5sU0rY04WOAWpj7ZVlIOk4gc8eAmkKeo6ZusGMZHu4vssOAjndlO9W1ERDW7s4kaYRCjIMCxeDU1RjaRlvsyM=
F9CbrMH2aMAuyAtFF6zxGmLNw/tPWLqwwF92CWuKiv1VyjIoMoTxGFyNhJJo/WO99dc4sYqNDuQhirp8TUeV2L/637JckIVnLY8aW4cFYbMt
6bwPSDz5P09DIO0+wAyUSN/4242Yog+Y1FQMv6lj2N23iAxpRuYQl1yK1HcIqlWSyNwMmm7zKgzv1uHHH7AncLM+
d0utzUeSZ8DyJdUqlpFxcgEqyM8wHBHIFVWjp6HCgvBMd2DS06pJNPkvuXpgqLEdGmF+RI3iTiz5n+sfg6Ir4mi46YcBpw4rkz19szE=
QZDGv4WK/XjfLv+2iHQ44Vww8MJViR6sEcBvPnR/Po4LNmaj5mAl7/26JW95Reg1pHTbDjj037MNf2WODfoeVP+3F6v4M5Uxe7M3
sF30BHOJFS8Rq29z3/6IXZwFinpShUtEvq4hDSOE/4nRUkElUpK3nMVBh6C58gJnOILtBiBPQPjTQ6t6c0OPXc7Z4sQ9gr5sqX/bH3OCeyLYGBkHkUdea2MdbbMh
taqxUnaNJihhhwPnj9l63g6ewy7QctQXm2e4PG6j4S089FFSWkiV6tFhsyP8LnyjWH4dUo8YRE4+JwIoz/LJ0w+kL3SzOg==
XlRe5w/DdzKYr8EmIz6vKQ2ewy7QctQXm2e4PG6j4S089FFSWkiV6tFhsyP8LnyjWH4dU48YRE4+JwIoz/LJ0w+kL3SzOg==
nLLGm/uiljWMxbGNP/w/vgyewy7QctQXm2e4PG6j4S089FFSWkiV6tFhsyP8LnyjWH4dU48YRE4+JwIoz/LJ0w+kL3SzOg==
T80SspJ2dP7Nz81enlb8+ykFhbdm5hhiED4MWyvL4NAOT3mBjHjJ3trEDWZhzSvPnMIkD+gyxR9PVJwCDgtaxK8e0f8/qDd4szY=
d2U93LY/h2GZ7PIEg91OKSgFhbdm5hhiED4MWyvL4NAOT3mBjHjJ3trEDWZhzSvPnMIkD+gyxR9PVJwCDgtaxK8e0f8/qDd4szY=
qrXiCMn5CZ2PiJPwGX8l8ysFhbdm5hhiED4MWyvL4NAOT3mBjHjJ3trEDWZhzSvPnMIkD+gyxR9PVJwCDgtaxK8e0f8/qDd4szY=
UthE6STAKzW7TDgBh86qfQ+ewy7QctQXm2e4PG6j4S089FFSWkiV6tFhsyP8LnyjWH4dU48YRE4+JwIoz/LJ0w+kL3SzOg==
nIdnSaUDnL4/lT0GbL+6IAuewy7QctQXm2e4PG6j4S089FFSWkiV6tFhsyP8LnyjWH4dU48YRE4+JwIoz/LJ0w+kL3SzOg==
+33D6TVUHtqkzw3f64R6qQqewy7QctQXm2e4PG6j4S089FFSWkiV6tFhsyP8LnyjWH4dU48YRE4+JwIoz/LJ0w+kL3SzOg==
mhmnPq8DHD094edexbwf8Qmewy7QctQXm2e4PG6j4S089FFSWkiV6tFhsyP8LnyjWH4dU48YRE4+JwIoz/LJ0w+kL3SzOg==
eeecSHdXWlKTZu/JcLCPMgiewy7QctQXm2e4PG6j4S089FFSWkiV6tFhsyP8LnyjWH4dU48YRE4+JwIoz/LJ0w+kL3SzOg==
eB9L7rOMDE007jMWV9npDAeewy7QctQXm2e4PG6j4S089FFSWkiV6tFhsyP8LnyjWH4dU48YRE4+JwIoz/LJ0w+kL3SzOg==
gCfMVq5IagrKxleixJcsligfg7V99BhiED4MWyvL4NAOT3mBjHjJ3trEDWZhzSvPnMIkD+gyxR9PVJwCDgtaxK8e0f8/qDd4szY=
BQbEiDVGsfEc2dIQz+pTdFqx+kifPJNZyHanPHTwpCs591BZNwyE/dZyuDP8LnyjWH4dU48YRE4+JwIoz/LJ0w+kL3SzOg==
P4dFtniU1FO/khV6v6l5Xlqx+kifPJNZyHKlMnTwpCs591BZNwyE/dZyuDP8LnyjWH4dU48YRE4+JwIoz/LJ0w+kL3SzOg==
fKQhKKks4AGXBYFBpWgw6JdW/wLJQ/Agt/t9Y47JX////zl11i4dZHk0Y75gFLdDhP/tPqVaxiQH98/7wBO9IXOzPw==
rJPLZ8oWmKZVWxNb3aWjW5AnVndW43+fYmhmUrrMWyCS/R/6k3pFUlrSoZzJwlJmeDlDDaFF7kxfkAu1+Hq/8BR8fGcJGwj1t6DcEeY+YL+c4mSvaJKF/E80XKKOq5rkr/4Rn79Id1izFg==
Z3QxWtVlGU887cbelHKwrjfV4vL36NM2V8nVOpp5U2epHx8aHX/Ntemwg0BOVRSlRuRRb28l1JRBTSVcOzqu3ahyWBdPYmB6teI6BHXSVswx70Gf6xLjwnBI0cfZN3aLW21Vsxk=
3BzMZpJYpiqQ1QTmerUxY/aEJ1eNrSoBhh6IHc/VDwesVF1eWt65kPkuSkoYFZvhkQm2gJ9cU/lIlmdcdNDki7mXkHk3LESdVtL4E/xOvEPY3t0wj/gE7r5HQsjP0glzj0RvVLMa
HQm28Xf1PRKEutlfiOn4xDHe5PvT78cgcdnVP5ldSWWkHx8aHX/Ntemwg0BOVRSlRuRRb28l1JRBTSVcOzqu3ahyWBdPYmB6teI6BHXSVswx70Gf6xLjwnBI0cfZN3aLW21Vsxk=
00Jnf6tMeR6o7nGOcDGoFhd+YCxRRiViWuLBrAkSMvb4qeNdYbXOPF9gK8W4qh9glOycN0kr6MW3kDwhpm6ALxxyxH8o4qUMT0R8Uk77OnQvbnFPf3gXaLMm
PEb//k1j+muFG1fImKk2xgNa5PIeq3ADdE8tZlrmybgZBhoS2M3LiTHhBvgfpOOR6H63BDQINKPZv2BBNxS0tTb6KMu8FmyreLZtyA+AtAYeLxIQD4pZW29sH2yzIg==
W1AcGEUeVedpveZDeGqfjXM1mRjFp93noeDaZE02kZyGhEg/f/eJC6qevwaHPwDEy7LEWmB9AfUsh/dWcHt+oPQd7CSYlQCcge5vYpBoNtUuZj+YTUV3ZhNqsyA=
gqXdQkmAXDpWconozd18wTHe5PvT78cgcdnVP5ldSWW/Hx8aHX/Ntemwg0BOVRSlRuRRb28l1JRBTSVcOzqu3ahyWBdPYmB6teI6BHXSVswx70Gf6xLjwnBI0cfZN3aLW21Vsxk=
7vMSZL+JRkM4q1K20j6ehyqQgr5PBvfyhwt4H2+KivtkhGg5PImwchiHk4Jk0C21+J48s6qBGOQhirp8TUeU37/637JckIVnLY8aW4cFYbMt
1B2xK6N6suEyYcDDqEewNRjYj/s4XgO3p2fkPVofLzv5TahhjZgYO1XwuSJybuXl/NJDpFAUf7ZkBJN7zD+hxsHKQqyblzOzBCOZOX+zMw==
c5iKfSw12tkTfgaNnnCDuDT2+FW7pmre2fVRTaACL1wk9CtuyLQv0xt/da49uq70TzeHC6jzxdELs0c=
ruWGJ82F0bCmQ2PAqhnjIIYgOMJxdxrhIlhu8h+NTGCwiXBoGUavRpgU5kGWql+cJZnH0ssGs0Q=
iJDCA1HlHZsl9Iuw5835ydG70I+EsA6KxURPr7Y22NeMyQs5SvgaglyK1HcIqlWQz9wMmm7zKgzv1uHHH7AncLM+
u0l+2dixURcaVTy0QMQ7R1qx+kifPJNZyHKlMnTwpCs591BZNwyE/dZyuDP8LnyjWH4dU44YRE4+JwIoz/LJ0w+kL3SzOg==
pM65htqjImHxdQshw3kzE9wQhTciQTjkAUoa/O2Htt7fOr8yPFDlZ01PetvnxQGzTQ==
rpAat/2UWEPI2lTA9fKhyzT2+FW7pmre2fVRTaACL1wk9CtuyLQv0xx+da49uq70TzeHC6jzxdELs0c=
DwfgqsTcRUAraZ0IkMyHQoYgOMJxdxrhIlhu8h+NTGCwiXBoGUGuRpgU5kGWql+cJZnH0ssGs0Q=
uAzgzLKCPkgFEiJ5L/LOzjHe5PvT78cgcdnVP5ldSWW/Hx8aHX/Ntemwg0BOVRSlRuRRb28l1JRFTytcOzqu3ahyWBdPYmB6teI6BHXSVswx70Ke6xLjwnBI0cfZN3aLW21Vsxk=
5WzASq5KXZ9nK/ukpWkN6nM1mRjFp93noeDaZE02kZyGhEg/f/eJC6qevwaHPwDAybzEWmB9AfUsh/dWcHt+oPQd7CSYlQCcge1uYpBoNtUuZj+YTUV3ZhNqsyA=
okRvCT7NTu9xJhWWTjMUAgNa5PIeq3ADdE8tZlrmybgZBhoS2M3LiTHhBvgfpOOR6Hq1CjQINKPZv2BBNxS0tTb6KMu8FmyreLZtyw6AtAYeLxIQD4pZW29sH2yzIg==
R+WVqh4ZEW1gVBUXIF3EWRd+YCxRRiViWuLBrAkSMvb4qeNdYbXOPF9gK8W4rh1ulOycN0kr6MW3kDwhpm6ALxxyxH8o4qUPTkR8Uk77OnQvbnFPf3gXaLMm
Y+0K2XbHhauO9vzbFLDhcjHe5PvT78cgcdnVP5ldSWWkHx8aHX/Ntemwg0BOVRSlRuRRb28l1JRFTytcOzqu3ahyWBdPYmB6teI6BHXSVswx70Ke6xLjwnBI0cfZN3aLW21Vsxk=
PdcHdTN1j4AiqewUia0nmvaEJ1eNrSoBhh6IHc/VDwesVF1eWt65kPkuSkoYFZvhkQm2gJ9cU/lIkmVSdNDki7mXkHk3LESdVtL4E/xOvEPY3t0zjvgE7r5HQsjP0glzj0RvVLMa
yRviK4JharwmX9gZZoyitTfV4vL36NM2V8nVOpp5U2epHx8aHX/Ntemwg0BOVRSlRuRRb28l1JRFTytcOzqu3ahyWBdPYmB6teI6BHXSVswx70Ke6xLjwnBI0cfZN3aLW21Vsxk=
ZwPRyHwVYptlxObzn6bzBJAnVndW43+fYmhmUrrMWyCS/R/6k3pFUlrSoZzJwlJmeDlDDaFF7kxfkAu1+H69/hR8fGcJGwj1t6DcEeY+YL+c4mSvaJKF/040XKKOq5rkr/4Rn79Id1izFg==
7PSsAyWuZaUWvWTVr0rNmO3Gqw31jDM+uon+BXMQWs7wtWUvJQdpky/bDlCkP+wtk6yVAxsnDAn68zVKXpu4hRL0S65oNI+T/H5Vbl06zjRvN2dLSHNlEWuzJw==
hkx9NLiGIIciFZTLk4RPqsi/MAxwmZ2oNBJexavzaz+nzwE7IEyqB+Ixndy7H3Uf4lW0M3sWsCPWGbyExTLmjAEPUp77MpOCgOihR0mXJkuLDWWzKQ==
