5U1wCR6J7PwNeV8BdMdbbVzid3v32eYcazq096dnGFDBg1Xl7aBhiHlvdtqxSkJ+sdrZnGx7sK7T7ipJ5VS3BjzkO+s4uRlaqGqa3FNSe2M8Q3EJaaMp
R9+waGT9LsgDpYoJRyIymgTwdFqI439ROyx+D/BNvj01CshMVxR4SPLk0JSTkGSG1zzhemL6JezRF+0JAy1TLMSvjMY2XNI6ERlMADXd2ig6z3CNt5k29/2K9YQ1ERJaf/GNnMBT4V3h4O3wDT/i8ozqnpZFKg2EoPv8toeeXiG59IsuqDTPE7R5FeIcOo60LzIny4hzpZGlo+U=
5SiwYPncJce8xTBlJs1CdCPsKZAV6sFUv4EoKqyNtQ5sU0rY04WOAWpj7ZVlIOk4gc8eAmkKeo6ZusGMZHu4vssOAjndlO9W1ERDW7k4kaoQCjIMCxKDU1RjaRlhoyE=
humrRFVKljB2DouADofL3WLNw/tPWLqwwF92CWuKiv1VyjIoMoTxGFyNhJJo/WO99dc4sYqNDuQhirp8TUeX2L/23rJckIViLY8aW4cFb6Mv
uvURP4i1q5ceBE+qpa/Cxt/4242Yog+Y1FQMv6lj2N23iAxpRuYQl1yK1HcIqlWfyNwAm27zKgzq1uHHH7AnfqM8
r9NThTVit/DP19bVz86xc7KSqFQZKpmSkngqoM+wy2n9R7/+nIhSS34izZaXTCcT57o+FG9lxN3gtBNe0FRnI3L+3RL0mraEt3JfmxBTjQFtoy0=
s3ZFbhM0Wz/oZ6yGtgfMcFww8MJViR6sEcBvPnR/Po4LNmaj5mAl7/26JW95Reg1pHTbDjj037MFfmWCDPoeVP+yF6v4M5UxdaM1
LZsxIDHSj/ZNXX1RZ0Y74pwFinpShUtEvq4hDSOE/4nRUkElUpK3nMVBh6C58gJnOILtBiBPQPjTQ6t6c0OPXc7Z4sQ9gr5sqX/THnOOeiLYGBkCkUdea2MdY6Mj
1C7hqCWxLVL3CRNv/j7a6w6ewy7QctQXm2e4PG6j4S089FFSWkiV6tFhsyP8LnyjWH4dWo4YSE8+JwIoyvLJ0w+kL3qjOA==
jcZ07sIh7QA+94vP2og6rw2ewy7QctQXm2e4PG6j4S089FFSWkiV6tFhsyP8LnyjWH4dW44YSE8+JwIoyvLJ0w+kL3qjOA==
wzjkYK+3Al3ubhSjuRAxkAyewy7QctQXm2e4PG6j4S089FFSWkiV6tFhsyP8LnyjWH4dW44YSE8+JwIoyvLJ0w+kL3qjOA==
g8cd5MnVjw3o9k1+MQvo5wuewy7QctQXm2e4PG6j4S089FFSWkiV6tFhsyP8LnyjWH4dW44YSE8+JwIoyvLJ0w+kL3qjOA==
x/ioMtTvgGGjMC++zIWJXAqewy7QctQXm2e4PG6j4S089FFSWkiV6tFhsyP8LnyjWH4dW44YSE8+JwIoyvLJ0w+kL3qjOA==
QwnB7ZOh/nvPG2OBa7CjMwmewy7QctQXm2e4PG6j4S089FFSWkiV6tFhsyP8LnyjWH4dW44YSE8+JwIoyvLJ0w+kL3qjOA==
MI2B5jdDQGGzeWZMyGliDFww8MJViR6vEcBvPnR/Po4LNmaj5mAl7/26JW95Reg1pHTbDjj037MEfmWCDPoeVP+yF6v4M5UxdaM1
u3zX7Xeq9w497a0JRjXG2Vww8MJViR6uEcBvPnR/Po4LNmaj5mAl7/26JW95Reg1pHTbDjj037MEfmWCDPoeVP+yF6v4M5UxdaM1
UV4TP2XczGzfphFwIJ0dTAiewy7QctQXm2e4PG6j4S089FFSWkiV6tFhsyP8LnyjWH4dW44YSE8+JwIoyvLJ0w+kL3qjOA==
3gODBgzCYxs32ng5wWqbeQeewy7QctQXm2e4PG6j4S089FFSWkiV6tFhsyP8LnyjWH4dW44YSE8+JwIoyvLJ0w+kL3qjOA==
lj3bgXQtlTqoB6NA3xbnugaewy7QctQXm2e4PG6j4S089FFSWkiV6tFhsyP8LnyjWH4dW44YSE8+JwIoyvLJ0w+kL3qjOA==
TV0LGT6rzXn/rsusJb72olqx+kifPJNZyHanPHTwpCs591BZNwyE/dZyuDP8LnyjWH4dW44YSE8+JwIoyvLJ0w+kL3qjOA==
/9A4jPBJ94qbT5kmlkwzRFqx+kifPJNZyHKlMnTwpCs591BZNwyE/dZyuDP8LnyjWH4dW44YSE8+JwIoyvLJ0w+kL3qjOA==
tzurssNYjTInAZfIrDKVlpdW/wLJQ/Agt/t9Y47JX////zl11i4dZHk0Y75gFLdDjP7tMqRaxiQH8s/7wBO9IX2jPQ==
81E0ADLcVJLZhf6JzKllWJAnVndW43+fYmhmUrrMWyCS/R/6k3pFUlrSoZzJwlJmeDlDDaFF7kxfkAu1+Hq/8BR8fGcJGwj1t6DcEeY+YL+c4mSvaJKF/ks0WaaOqprkqv4Rn79Id1ajFA==
qC2/Ioa4hM5NHDXNIcrwaDfV4vL36NM2V8nVOpp5U2epHx8aHX/Ntemwg0BOVRSlRuRRb28l1JRBTSVcOzqu3ahyWBdPYmB6teI6BHXSVswx70Ob6xfnwnFI0cLZN3aLW21boxs=
KMzCB8p7oSiTosEsbLMC8vaEJ1eNrSoBhh6IHc/VDwesVF1eWt65kPkuSkoYFZvhkQm2gJ9cU/lIlmdcdNDki7mXkHk3LESdVtL4E/xOvEPY3t0yi/gB6r5GQsjK0glzj0RvWqMY
W51bV+5avDFELkQw4QVaSzHe5PvT78cgcdnVP5ldSWWkHx8aHX/Ntemwg0BOVRSlRuRRb28l1JRBTSVcOzqu3ahyWBdPYmB6teI6BHXSVswx70Ob6xfnwnFI0cLZN3aLW21boxs=
7TBYVSw8FPZ51QJplptfkBd+YCxRRiViWuLBrAkSMvb4qeNdYbXOPF9gK8W4qh9glOycN0kr6MW3kDwhpm6ALxxyxH8o4qUOS0R5Vk76OnQqbnFPf3gXZqMk
4d+yG5lHL0zOqp8miusZCwNa5PIeq3ADdE8tZlrmybgZBhoS2M3LiTHhBvgfpOOR6H63BDQINKPZv2BBNxS0tTb6KMu8FmyreLZtyguAsQIeLhIQCopZW29sH2KjIA==
F+1e4Uw0e1dPDSjIdMaHWXM1mRjFp93noeDaZE02kZyGhEg/f/eJC6qevwaHPwDEy7LEWmB9AfUsh/dWcHt+oPQd7CSYlQCcgexrYpVsNtQuZjqYTUV3ZhNkoyI=
FqlwFjpfBecUGZ2H/OHnzjHe5PvT78cgcdnVP5ldSWW/Hx8aHX/Ntemwg0BOVRSlRuRRb28l1JRBTSVcOzqu3ahyWBdPYmB6teI6BHXSVswx70Ob6xfnwnFI0cLZN3aLW21boxs=
pRn+XfCd6JwL7bmzLg3onSqQgr5PBvfyhwt4H2+KivtkhGg5PImwchiHk4Jk0C21+J48s6qBGOQhirp8TUeW27//27JdkIViLY8aW4cFb6Mv
/Wu6til9xpsHizC6ZNo/pnYrm5h70w9qVG1sWRnnwb9ZI8GzipnBkz+lEOVa8uGN6F3lUQMrNPzRr3BPH0aj5TTmItS8FmyreLZtzwqAsQIeLhIQCopZW29sH2KjIA==
QHR+CNTsUrSXYSe/lmKOpV4t5rUeHrgC16zN6+7cmVk9BSGVNQH4Ny05VwP0RzosPdewizEEU+X4tplptA1fuJ+fDBAWpoz4QMFQUEmtKp6tGAY4BgIahFVRZ2obYKMe
dOu6tBg9VmE8gwz7MnkJl3Yrm5h70w9qVG1sWRnnwb9ZI8Gzi5nBkz+lEOVa8uGN6F3lUgMrNPzRr3BPH0aj5TTmItS8FmyreLZtzwqAsQIeLhIQCopZW29sH2KjIA==
a/72VjlOnpptyAolYo/taF4t5rUeHrgC16zN6+7cmVk9BSGVNQH4Ny05VwP0RzosPdewizEFU+X4tplptA1fuJ+fDBAWpoz4QMFQUEmtKp6tGAY4BgIahFVRZ2obYKMe
nVYuTnq4UP+hvZnNk35wR3Yrm5h70w9qVG1sWRnnwb9ZI8GzipnBkz+lEOVa8uGN6F3lUAMrNPzRr3BPH0aj5TTmItS8FmyreLZtzwqAsQIeLhIQCopZW29sH2KjIA==
ooraV4MRqMhqo2rph8fymHYrm5h70w9qVG1sWRnnwb9ZI8Gzi5nBkz+lEOVa8uGN6F3lXAMrNPzRr3BPH0aj5TTmItS8FmyreLZtzwqAsQIeLhIQCopZW29sH2KjIA==
AoV5daVjX2VCyznEZHSpvnYrm5h70w9qVG1sWRnnwb9ZI8GzipnBkz+lEOVa8uGN6F3lUwMrNPzRr3BPH0aj5TTmItS8FmyreLZtzwqAsQIeLhIQCopZW29sH2KjIA==
PWlZDCVzVl16/HEmo3QvtF4t5rUeHrgC16zN6+7cmVk9BSGVNQH4Ny05VwP0RzosPdewizEGU+X4tplptA1fuJ+fDBAWpoz4QMFQUEmtKp6tGAY4BgIahFVRZ2obYKMe
MzlBBKtHD+MktZR4zqfIJ3Yrm5h70w9qVG1sWRnnwb9ZI8Gzi5nBkz+lEOVa8uGN6F3lXQMrNPzRr3BPH0aj5TTmItS8FmyreLZtzwqAsQIeLhIQCopZW29sH2KjIA==
p3LaHnmLUnO59BEslkuydlqx+kifPJNZyHKlMnTwpCs591BZNwyE/dZyuDP8LnyjWH4dVY4YRUo+JgIoyvLJ0w+kL3qjOA==
mLe6dIzlPe2cewLhrMu6UdwQhTciQTjkAUoa/O2HsN7fO7syPVDlYk1PetvnxQ+jTw==
TxzXoPybeH9e73DgR8Sd1TT2+FW7pmre2fVRTaACL1wk9CtuyLQv0xp+da85uq/0TzKHC6jzxdEFo0U=
fZEL87yMai8Jrt5h4kqw3YYgOMJxdxrhIlhu8h+NTGCwiXBoGUeuRpkQ5kCWqlqcJZnH0ssIo0Y=
gbCe0bx66MKZY3t+UGsn5zHe5PvT78cgcdnVP5ldSWW/Hx8aHX/Ntemwg0BOVRSlRuRRb28l1JRFTytcOzqu3ahyWBdPYmB6teI6BHXSVswx70Se6xPnwnFI0cLZN3aLW21boxs=
KPWApjoQJtxCGjOeuFO/nnM1mRjFp93noeDaZE02kZyGhEg/f/eJC6qevwaHPwDAybzEWmB9AfUsh/dWcHt+oPQd7CSYlQCcgetuYpFsNtQuZjqYTUV3ZhNkoyI=
kLuaxpmDBA6oEUfUNixoWANa5PIeq3ADdE8tZlrmybgZBhoS2M3LiTHhBvgfpOOR6Hq1CjQINKPZv2BBNxS0tTb6KMu8FmyreLZtzQ6AtQIeLhIQCopZW29sH2KjIA==
ONOhzHCy2j1WlGDJSuCDcRd+YCxRRiViWuLBrAkSMvb4qeNdYbXOPF9gK8W4rh1ulOycN0kr6MW3kDwhpm6ALxxyxH8o4qUJTkR9Vk76OnQqbnFPf3gXZqMk
DlT93RSKm80yq375ptXXuDHe5PvT78cgcdnVP5ldSWWkHx8aHX/Ntemwg0BOVRSlRuRRb28l1JRFTytcOzqu3ahyWBdPYmB6teI6BHXSVswx70Se6xPnwnFI0cLZN3aLW21boxs=
qppnuY6HEP74MAtGUGG5MPaEJ1eNrSoBhh6IHc/VDwesVF1eWt65kPkuSkoYFZvhkQm2gJ9cU/lIkmVSdNDki7mXkHk3LESdVtL4E/xOvEPY3t01jvgF6r5GQsjK0glzj0RvWqMY
G/Vgn3URep7p62g4INBSFDfV4vL36NM2V8nVOpp5U2epHx8aHX/Ntemwg0BOVRSlRuRRb28l1JRFTytcOzqu3ahyWBdPYmB6teI6BHXSVswx70Se6xPnwnFI0cLZN3aLW21boxs=
1J4Qql8r35pLJvu3ud9pvZAnVndW43+fYmhmUrrMWyCS/R/6k3pFUlrSoZzJwlJmeDlDDaFF7kxfkAu1+H69/hR8fGcJGwj1t6DcEeY+YL+c4mSvaJKF+U40XaaOqprkqv4Rn79Id1ajFA==
GLANKm/Ratl9gr305UCYAO3Gqw31jDM+uon+BXMQWs7wtWUvJQdpky/bDlCkP+wtk6yVAxsnDAn68zVKXpu4hRL0S65oNI+T+n5Vb1k6zzRvMmdLSHNlEWWjJQ==
lIQpPFuvyFnH4C2w2oKi0si/MAxwmZ2oNBJexavzaz+nzwE7IEyqB+Ixndy7H3Uf4lW0M3sWsCPWGbyExTLmjAEPVJ77M5eCgeihQkmXJkuLDWujKw==
