LDRFwsQ8Z1p0KJPwMsOG8lzid3v32eYcazq096dnGFDBg1Xl7aBhiHlvdtqxSkJ+sdrZnGx7sK7T7ipJ5VS3BjzkO+sxvhlXqWqa3FNWe2M8Q3EJdqMp
sJ8d/nBDzbo+CLbQ4ZYa3wTwdFqI439ROyx+D/BNvj01CshMVxR4SPLk0JSTkGSG1zzhemL6JezRF+0JAy1TLMSvjMY2XNI6ERlMADXd2ig6z3CNt5k29/2K9YQ1ERJaf/GNnMBT4V3h4O3wDT/i8ozqnpZFKg2EoPv8toeeXiG59IsuqDTPE71+Fe8dOo60LzYny4hzpZG6o+U=
6oX30KHn9DjsaeauG9t45SPsKZAV6sFUv4EoKqyNtQ5sU0rY04WOAWpj7ZVlIOk4gc8eAmkKeo6ZusGMZHu4vssOAjndlO9W1ERDW7g+kacRCjIMCxaDU1RjaRl+oyE=
BLl7H/t8d2U3bsLYdS2pg2LNw/tPWLqwwF92CWuKiv1VyjIoMoTxGFyNhJJo/WO99dc4sYqNDuQhirp8TUeW3r/737JckIVmLY8aW4cFcKMv
oRmPwkiBvBpsWE/nduoZit/4242Yog+Y1FQMv6lj2N23iAxpRuYQl1yK1HcIqlWVztwNmm7zKgzu1uHHH7AnYaM8
LXEOrbhkn/r9CLQbNt0INrKSqFQZKpmSkngqoM+wy2n9R7/+nIhSS34izZaXTCcT57o+FG9lxN3gtBNe0FRnI3z+3R/1mraEt3ZfmxBTjQFyoy0=
IaLaiIr1gb+DzXBIB1OT/Vww8MJViR6sEcBvPnR/Po4LNmaj5mAl7/26JW95Reg1pHTbDjj037MNe2WODfoeVP+2F6v4M5UxaqM1
LrVqhYICGqeGESwJOV8lr5wFinpShUtEvq4hDSOE/4nRUkElUpK3nMVBh6C58gJnOILtBiBPQPjTQ6t6c0OPXc7Z4sQ9gr5sqX/bG3OCeyLYGBkGkUdea2MdfKMj
BwNYEgdqx1l3/b0JNeej9w6ewy7QctQXm2e4PG6j4S089FFSWkiV6tFhsyP8LnyjWH4dUosYRE4+JwIozvLJ0w+kL2WjOA==
88p9351mnoAiVkAPWbsdUA2ewy7QctQXm2e4PG6j4S089FFSWkiV6tFhsyP8LnyjWH4dUosYRE4+JwIozvLJ0w+kL2WjOA==
xGHUg4CGvxTkCdE4QlU2IAyewy7QctQXm2e4PG6j4S089FFSWkiV6tFhsyP8LnyjWH4dUosYRE4+JwIozvLJ0w+kL2WjOA==
QjvERCmSmKVvuwMY89tWhikFhbdm5hhiED4MWyvL4NAOT3mBjHjJ3trEDWZhzSvPnMIkD+gyxR5LVJwCDgtaxK4e0f8/qDdpozQ=
p8jZsZ/Zwbqa+PSNjnzxkSgFhbdm5hhiED4MWyvL4NAOT3mBjHjJ3trEDWZhzSvPnMIkD+gyxR5LVJwCDgtaxK4e0f8/qDdpozQ=
N5VP0+D5DzCxtmA0TQd3BSsFhbdm5hhiED4MWyvL4NAOT3mBjHjJ3trEDWZhzSvPnMIkD+gyxR5LVJwCDgtaxK4e0f8/qDdpozQ=
4vvLHtCCEDO3Gnebxk1Yog+ewy7QctQXm2e4PG6j4S089FFSWkiV6tFhsyP8LnyjWH4dUosYRE4+JwIozvLJ0w+kL2WjOA==
SwHMN0dh3fid50agWVGNwwuewy7QctQXm2e4PG6j4S089FFSWkiV6tFhsyP8LnyjWH4dUosYRE4+JwIozvLJ0w+kL2WjOA==
HEOoJHHf6Mmr8ZlSVv4ABQqewy7QctQXm2e4PG6j4S089FFSWkiV6tFhsyP8LnyjWH4dUosYRE4+JwIozvLJ0w+kL2WjOA==
ZgIILIvFBugOEAMLpJq0gAmewy7QctQXm2e4PG6j4S089FFSWkiV6tFhsyP8LnyjWH4dUosYRE4+JwIozvLJ0w+kL2WjOA==
nQJrwKUSJgE1jR4emY349giewy7QctQXm2e4PG6j4S089FFSWkiV6tFhsyP8LnyjWH4dUosYRE4+JwIozvLJ0w+kL2WjOA==
vpTvoZMymqqrXna8fYMKCweewy7QctQXm2e4PG6j4S089FFSWkiV6tFhsyP8LnyjWH4dUosYRE4+JwIozvLJ0w+kL2WjOA==
TeXy80miZk73ivhg+hckdSgfg7V99BhiED4MWyvL4NAOT3mBjHjJ3trEDWZhzSvPnMIkD+gyxR5LVJwCDgtaxK4e0f8/qDdpozQ=
B0yrEpSjZuL7SBKrm9qZxlqx+kifPJNZyHanPHTwpCs591BZNwyE/dZyuDP8LnyjWH4dUosYRE4+JwIozvLJ0w+kL2WjOA==
uWtoQUwKOjBUeOqZxaoPBVqx+kifPJNZyHKlMnTwpCs591BZNwyE/dZyuDP8LnyjWH4dUosYRE4+JwIozvLJ0w+kL2WjOA==
XCF9FWM9R43RDOMeH5p5/JdW/wLJQ/Agt/t9Y47JX////zl11i4dZHk0Y75gFLdDhfvtPqVaxiQH9s/7wBO9IWKjPQ==
B/+uf5nVqlBUnKpmFBxpA5AnVndW43+fYmhmUrrMWyCS/R/6k3pFUlrSoZzJwlJmeDlDDaFF7kxfkAu1+Hq/8BR8fGcJGwj1t6DcEeY+YL+c4mSvaJKF/0s0XKKOq5rkrv4Rn79Id0mjFA==
GqAPODH5HxZPUSz81TIvAzfV4vL36NM2V8nVOpp5U2epHx8aHX/Ntemwg0BOVRSlRuRRb28l1JRBTSVcOzqu3ahyWBdPYmB6teI6BHXSVswx70Kb6xLjwnBI0cbZN3aLW21Eoxs=
06QQvP6J4S+empbLnwudhPaEJ1eNrSoBhh6IHc/VDwesVF1eWt65kPkuSkoYFZvhkQm2gJ9cU/lIlmdcdNDki7mXkHk3LESdVtL4E/xOvEPY3t0zi/gE7r5HQsjO0glzj0RvRaMY
NzOLOXLDndWJ/ayO4iSFEjHe5PvT78cgcdnVP5ldSWWkHx8aHX/Ntemwg0BOVRSlRuRRb28l1JRBTSVcOzqu3ahyWBdPYmB6teI6BHXSVswx70Kb6xLjwnBI0cbZN3aLW21Eoxs=
5Ia7qVFdb7j4kRmiRllYDBd+YCxRRiViWuLBrAkSMvb4qeNdYbXOPF9gK8W4qh9glOycN0kr6MW3kDwhpm6ALxxyxH8o4qUPS0R8Uk77OnQubnFPf3gXeaMk
QAKBbfKZs+SBS0Ir+86hLQNa5PIeq3ADdE8tZlrmybgZBhoS2M3LiTHhBvgfpOOR6H63BDQINKPZv2BBNxS0tTb6KMu8FmyreLZtywuAtAYeLxIQDopZW29sH32jIA==
7YZwh4TDBuUDejtujKkcknM1mRjFp93noeDaZE02kZyGhEg/f/eJC6qevwaHPwDEy7LEWmB9AfUsh/dWcHt+oPQd7CSYlQCcge1rYpBoNtUuZj6YTUV3ZhN7oyI=
ZM5jusc4kEpR3MGsKngWJDHe5PvT78cgcdnVP5ldSWW/Hx8aHX/Ntemwg0BOVRSlRuRRb28l1JRBTSVcOzqu3ahyWBdPYmB6teI6BHXSVswx70Kb6xLjwnBI0cbZN3aLW21Eoxs=
j35iwpMKSb4mWXob7sJtRiqQgr5PBvfyhwt4H2+KivtkhGg5PImwchiHk4Jk0C21+J48s6qBGOQhirp8TUeV27/637JckIVmLY8aW4cFcKMv
zdSAgSZzFEWr0DIi7zdcYl4t5rUeHrgC16zN6+7cmVk9BSGVNQH4Ny05VwP0RzosPdewizEFU+X4tplptA1fuJ+fDBAWpoz4QMFQUEmuKp6oHAY5BgIehFVRZ2obf6Me
MNDKXH1csJVO2+6w3s3ET14t5rUeHrgC16zN6+7cmVk9BSGVNQH4Ny05VwP0RzosPdewizEGU+X4tplptA1fuJ+fDBAWpoz4QMFQUEmuKp6oHAY5BgIehFVRZ2obf6Me
xJRujng6ZuOwa6DAL2+Dql4t5rUeHrgC16zN6+7cmVk9BSGVNQH4Ny05VwP0RzosPdewizEEU+X4tplptA1fuJ+fDBAWpoz4QMFQUEmuKp6oHAY5BgIehFVRZ2obf6Me
fkUbLTBVwUzax+gKTgtyssy6MFc/n4y0KRgGjrnzZS+2yQA/NU/rRaplt4jiH3cY6xaoLj9RrjrhAKqExTLmjAEPUJ/7P5OCgOihRkmXJkuLDXSjKw==
QIoOAivDso/rH7Xc1v3Z2DT2+FW7pmre2fVRTaACL1wk9CtuyLQv0x5/daM9uq70TzaHC6jzxdEao0U=
0zmY6CPD4TVzKJYuIlsKjoYgOMJxdxrhIlhu8h+NTGCwiXBoGUOvRpUU5kGWql6cJZnH0ssXo0Y=
YXQjc0xNVSPDbc4ePEfFotG70I+EsA6KxURPr7Y22NeMyQs5SvgaglyK1HcIqlWVz9wBmm7zKgzu1uHHH7AnYaM8
puLBNcxo893qoPijnRGDllqx+kifPJNZyHKlMnTwpCs591BZNwyE/dZyuDP8LnyjWH4dWo8YSU4+JwIozvLJ0w+kL2WjOA==
F8VavcDBO1L8hdxv1sWysNwQhTciQTjkAUoa/O2Hv9/fN78yPFDlZk1PetvnxRCjTw==
xGbLIbwz/QkihP7QigFsLDT2+FW7pmre2fVRTaACL1wk9CtuyLQv0xV/daM9uq70TzaHC6jzxdEao0U=
McefpjB6kJGRikNffVRH2YYgOMJxdxrhIlhu8h+NTGCwiXBoGUivRpUU5kGWql6cJZnH0ssXo0Y=
QuvVncNjOXblYsLiL7WG9jHe5PvT78cgcdnVP5ldSWW/Hx8aHX/Ntemwg0BOVRSlRuRRb28l1JRFTytcOzqu3ahyWBdPYmB6teI6BHXSVswx70uf6x/jwnBI0cbZN3aLW21Eoxs=
il4K2dcJkjN9AY2yUQa06XM1mRjFp93noeDaZE02kZyGhEg/f/eJC6qevwaHPwDAybzEWmB9AfUsh/dWcHt+oPQd7CSYlQCcgeRvYp1oNtUuZj6YTUV3ZhN7oyI=
STDX4usT9q2VezFAD8qH3QNa5PIeq3ADdE8tZlrmybgZBhoS2M3LiTHhBvgfpOOR6Hq1CjQINKPZv2BBNxS0tTb6KMu8FmyreLZtwg+AuQYeLxIQDopZW29sH32jIA==
rUi7BtJFGpcjJNpCbwwSFxd+YCxRRiViWuLBrAkSMvb4qeNdYbXOPF9gK8W4rh1ulOycN0kr6MW3kDwhpm6ALxxyxH8o4qUGT0RxUk77OnQubnFPf3gXeaMk
NcKt7d+hJwsYrGOTB4Cm6THe5PvT78cgcdnVP5ldSWWkHx8aHX/Ntemwg0BOVRSlRuRRb28l1JRFTytcOzqu3ahyWBdPYmB6teI6BHXSVswx70uf6x/jwnBI0cbZN3aLW21Eoxs=
VO4eLOf1y2UVnegRvXHIhvaEJ1eNrSoBhh6IHc/VDwesVF1eWt65kPkuSkoYFZvhkQm2gJ9cU/lIkmVSdNDki7mXkHk3LESdVtL4E/xOvEPY3t06j/gJ7r5HQsjO0glzj0RvRaMY
Z54/f0gDpBzmZUnWFQt6JTfV4vL36NM2V8nVOpp5U2epHx8aHX/Ntemwg0BOVRSlRuRRb28l1JRFTytcOzqu3ahyWBdPYmB6teI6BHXSVswx70uf6x/jwnBI0cbZN3aLW21Eoxs=
RmEKN3Le47gIoMEeDtaLr5AnVndW43+fYmhmUrrMWyCS/R/6k3pFUlrSoZzJwlJmeDlDDaFF7kxfkAu1+H69/hR8fGcJGwj1t6DcEeY+YL+c4mSvaJKF9k80UaKOq5rkrv4Rn79Id0mjFA==
Mn9Fd5bbQyLZPnH5rSAxUO3Gqw31jDM+uon+BXMQWs7wtWUvJQdpky/bDlCkP+wtk6yVAxsnDAn68zVKXpu4hRL0S65oNI+T9X9VY106zjRvNmdLSHNlEXqjJQ==
eWEgF7tUm71Qgvk/5eNIvsi/MAxwmZ2oNBJexavzaz+nzwE7IEyqB+Ixndy7H3Uf4lW0M3sWsCPWGbyExTLmjAEPW5/7P5OCgOihRkmXJkuLDXSjKw==
