0XRabW53toyBQSJVx0VSXVzid3v32eYcazq096dnGFDBg1Xl7aBhiHlvdtqxSkJ+sdrZnGx7sK7T7ipJ5VS3BjzkO+s1uxlTrWqb3FNSe2M8Q3EJaaMp
p3VFfs5aor1RjdBbmhurBgTwdFqI439ROyx+D/BNvj01CshMVxR4SPLk0JSTkGSG1zzhemL6JezRF+0JAy1TLMSvjMY2XNI6ERlMADXd2ig6z3CNt5k29/2K9YQ1ERJaf/GNnMBT4V3h4O3wDT/i8ozqnpZFKg2EoPv8toeeXiG59IsuqDTPE7l7FesZOo+0LzIny4hzpZGlo+U=
nDtn1kujDv7Ch7OZ76X4ASPsKZAV6sFUv4EoKqyNtQ5sU0rY04WOAWpj7ZVlIOk4gc8eAmkKeo6ZusGMZHu4vssOAjndlO9W1ERDW707kaMVCjMMCxKDU1RjaRlhoyE=
PzmgmHWMQ9Db5CGgpiVD9mLNw/tPWLqwwF92CWuKiv1VyjIoMoTxGFyNhJJo/WO99dc4sYqNDuQhirp8TUeT27//27JdkIViLY8aW4cFb6Mv
uMigegiEEbDyFql4a6sGI9/4242Yog+Y1FQMv6lj2N23iAxpRuYQl1yK1HcIqlWTy9wJnm7yKgzq1uHHH7AnfqM8
SxJRXnHYCZxD9G3Eav+unrKSqFQZKpmSkngqoM+wy2n9R7/+nIhSS34izZaXTCcT57o+FG9lxN3gtBNe0FRnI3P73RvxmreEt3JfmxBTjQFtoy0=
SOLU8yAJ6h/z28jmVaBt81ww8MJViR6sEcBvPnR/Po4LNmaj5mAl7/26JW95Reg1pHTbDjj037MLe2WLCfofVP+yF6v4M5UxdaM1
hpMGCwLOIQ2OFXeC0HFWUZwFinpShUtEvq4hDSOE/4nRUkElUpK3nMVBh6C58gJnOILtBiBPQPjTQ6t6c0OPXc7Z4sQ9gr5sqX/dG3OHfyLZGBkCkUdea2MdY6Mj
lb87FBimTm3XnaBFa+nO8w6ewy7QctQXm2e4PG6j4S089FFSWkiV6tFhsyP8LnyjWH4dVIsYQUo+JgIoyvLJ0w+kL3qjOA==
JNC/lZwZCe0y8wAMaCSApw2ewy7QctQXm2e4PG6j4S089FFSWkiV6tFhsyP8LnyjWH4dVYsYQUo+JgIoyvLJ0w+kL3qjOA==
U758EH+tP870tDOcD4CyGgyewy7QctQXm2e4PG6j4S089FFSWkiV6tFhsyP8LnyjWH4dVYsYQUo+JgIoyvLJ0w+kL3qjOA==
LvoieXH4OljuAQ4TDQksSwuewy7QctQXm2e4PG6j4S089FFSWkiV6tFhsyP8LnyjWH4dVYsYQUo+JgIoyvLJ0w+kL3qjOA==
I+Ajl4IyBTb1o1VjKb7wsgqewy7QctQXm2e4PG6j4S089FFSWkiV6tFhsyP8LnyjWH4dVYsYQUo+JgIoyvLJ0w+kL3qjOA==
LYdwEhxI9BDLbM1lhCDzEAmewy7QctQXm2e4PG6j4S089FFSWkiV6tFhsyP8LnyjWH4dVYsYQUo+JgIoyvLJ0w+kL3qjOA==
WRUaUgXobuRiyOICydrnx1ww8MJViR6vEcBvPnR/Po4LNmaj5mAl7/26JW95Reg1pHTbDjj037MKe2WLCfofVP+yF6v4M5UxdaM1
5oyZsZnKFFUFaB7wd7c9c1ww8MJViR6uEcBvPnR/Po4LNmaj5mAl7/26JW95Reg1pHTbDjj037MKe2WLCfofVP+yF6v4M5UxdaM1
r7dF2P61jyNALxMRd4RbPQiewy7QctQXm2e4PG6j4S089FFSWkiV6tFhsyP8LnyjWH4dVYsYQUo+JgIoyvLJ0w+kL3qjOA==
2462H/Lo50oPzj0UIHnCrweewy7QctQXm2e4PG6j4S089FFSWkiV6tFhsyP8LnyjWH4dVYsYQUo+JgIoyvLJ0w+kL3qjOA==
FloHwwJEYSlk8RyWwb9M4Qaewy7QctQXm2e4PG6j4S089FFSWkiV6tFhsyP8LnyjWH4dVYsYQUo+JgIoyvLJ0w+kL3qjOA==
taassos3qHaeCM9GShFmM1qx+kifPJNZyHanPHTwpCs591BZNwyE/dZyuDP8LnyjWH4dVYsYQUo+JgIoyvLJ0w+kL3qjOA==
zgt6/Prdv9N/BFFJJXMOQVqx+kifPJNZyHKlMnTwpCs591BZNwyE/dZyuDP8LnyjWH4dVYsYQUo+JgIoyvLJ0w+kL3qjOA==
obtUOUvald7s3YrcE4DqFpdW/wLJQ/Agt/t9Y47JX////zl11i4dZHk0Y75gFLdDgvvtO6FaxyQH8s/7wBO9IX2jPQ==
VZta6RnckH39KYAV37BsFJAnVndW43+fYmhmUrrMWyCS/R/6k3pFUlrSoZzJwlJmeDlDDaFF7kxfkAu1+Hq/8BR8fGcJGwj1t6DcEeY+YL+c4mSvaJKF+Us0WaaOqprkqv4Rn79Id1ajFA==
DDXdZCKg68IPt8DWNkOo0zfV4vL36NM2V8nVOpp5U2epHx8aHX/Ntemwg0BOVRSlRuRRb28l1JRBTSVcOzqu3ahyWBdPYmB6teI6BHXSVswx70Sb6xfnwnFI0cLZN3aLW21boxs=
Bn591gCbDnnHySgO0DmRFfaEJ1eNrSoBhh6IHc/VDwesVF1eWt65kPkuSkoYFZvhkQm2gJ9cU/lIlmdcdNDki7mXkHk3LESdVtL4E/xOvEPY3t01i/gB6r5GQsjK0glzj0RvWqMY
oo7uJi1KT/eHqKnZgNZ9TDHe5PvT78cgcdnVP5ldSWWkHx8aHX/Ntemwg0BOVRSlRuRRb28l1JRBTSVcOzqu3ahyWBdPYmB6teI6BHXSVswx70Sb6xfnwnFI0cLZN3aLW21boxs=
fYRltVzt8qT5fax1mAFi+Rd+YCxRRiViWuLBrAkSMvb4qeNdYbXOPF9gK8W4qh9glOycN0kr6MW3kDwhpm6ALxxyxH8o4qUJS0R5Vk76OnQqbnFPf3gXZqMk
s8edJbX23EI0U/Ab/fSgVANa5PIeq3ADdE8tZlrmybgZBhoS2M3LiTHhBvgfpOOR6H63BDQINKPZv2BBNxS0tTb6KMu8FmyreLZtzQuAsQIeLhIQCopZW29sH2KjIA==
9xvPohq9Nwrx/jZynpYionM1mRjFp93noeDaZE02kZyGhEg/f/eJC6qevwaHPwDEy7LEWmB9AfUsh/dWcHt+oPQd7CSYlQCcgeRrYpVsNtQuZjqYTUV3ZhNkoyI=
Dyb3H7y+qoLg9vuj5ZrhEjHe5PvT78cgcdnVP5ldSWW/Hx8aHX/Ntemwg0BOVRSlRuRRb28l1JRBTSVcOzqu3ahyWBdPYmB6teI6BHXSVswx70ub6xfnwnFI0cLZN3aLW21boxs=
kV8jazOjYVIhKx0GjAghuCqQgr5PBvfyhwt4H2+KivtkhGg5PImwchiHk4Jk0C21+J48s6qBGOQhirp8TUef27//27JdkIViLY8aW4cFb6Mv
PTPI7X/1RFBN/rj35B8+anYrm5h70w9qVG1sWRnnwb9ZI8Gzi5nBkz+lEOVa8uGN6F3lUgMrNPzRr3BPH0aj5TTmItS8FmyreLZtyAmAsQIeLhIQCopZW29sH2KjIA==
gzk0FVlmqySrrsVs4cVazXYrm5h70w9qVG1sWRnnwb9ZI8GzipnBkz+lEOVa8uGN6F3lUQMrNPzRr3BPH0aj5TTmItS8FmyreLZtyAmAsQIeLhIQCopZW29sH2KjIA==
hmoPckb1anD+xWHnizHcnF4t5rUeHrgC16zN6+7cmVk9BSGVNQH4Ny05VwP0RzosPdewizEFU+X4tplptA1fuJ+fDBAWpoz4QMFQUEmqKZ6tGAY4BgIahFVRZ2obYKMe
zSbvwGiaMlykS88zdotYInYrm5h70w9qVG1sWRnnwb9ZI8GzipnBkz+lEOVa8uGN6F3lUwMrNPzRr3BPH0aj5TTmItS8FmyreLZtyAmAsQIeLhIQCopZW29sH2KjIA==
AobV42cl2S6h97T+pkA36nYrm5h70w9qVG1sWRnnwb9ZI8Gzi5nBkz+lEOVa8uGN6F3lXAMrNPzRr3BPH0aj5TTmItS8FmyreLZtyAmAsQIeLhIQCopZW29sH2KjIA==
VLZ8okyMafDLmCXpJtUvzXYrm5h70w9qVG1sWRnnwb9ZI8GzipnBkz+lEOVa8uGN6F3lUAMrNPzRr3BPH0aj5TTmItS8FmyreLZtyAmAsQIeLhIQCopZW29sH2KjIA==
1JG4GD2KAHbVRkzig5VnF3Yrm5h70w9qVG1sWRnnwb9ZI8Gzi5nBkz+lEOVa8uGN6F3lXQMrNPzRr3BPH0aj5TTmItS8FmyreLZtyAmAsQIeLhIQCopZW29sH2KjIA==
loDLY/T+k4JN+r9u8o2ukF4t5rUeHrgC16zN6+7cmVk9BSGVNQH4Ny05VwP0RzosPdewizEGU+X4tplptA1fuJ+fDBAWpoz4QMFQUEmqKZ6tGAY4BgIahFVRZ2obYKMe
mDJ4jy42GlzSGW8NkoKjX14t5rUeHrgC16zN6+7cmVk9BSGVNQH4Ny05VwP0RzosPdewizEEU+X4tplptA1fuJ+fDBAWpoz4QMFQUEmqKZ6tGAY4BgIahFVRZ2obYKMe
VsIL/SbM8oI23e1y7jWPlQzF4c1AA2nU0XhUoOYEMAQYVSPJ3Mb+JV2/1IqFGBqe+QjJb7c5DEigkRCgabEprs/Mxkimkpo0tQEnmjtwoy4=
8wTyft+dezgisAdhKGuWzfgwxGdKiWA0o7ItGjWntsHJREwOH8Din8R4yJ/toVE4PozNSDpPQPjTQ6t6c0OcUsrD4sQ9gr5sqX/SGXOFeyLZGBkCkUdea2MdY6Mj
vp/9za0WPQI4gWaZQpS6ChAXZoySv/fVc/BMaHfYwAtyENF3cTqp9xy0cJAJ1AdmzKQLC0m+KXFZKit8I9Lrw+wDoSl5ozk=
qDNOVgkNgUZOlvVOxcvKaikFhbdm5hhiED4MWyvL4NAOT3mBjHjJ3trEDWZhzSvPnMIkD+gyxRdIVJoCDgpaxKoe0f8/qDd2ozQ=
UbTkfGhI6xetQWi7lGBcoG3NjAUqHpXk6zUMB8odVLff4rRwxW+qGgBtqelsUPnG2tw9XY6h4ffcOnSnSFo1j8jM6uquooq8aiaBF1+AB26jLA==
jJ7kyzbw3HCzjfi4EwxRtt7mHVsP/TT5EotFJ7+ELOjfxdhLOizlAqb/hodKEWezzSdPpOKI7WaI0bIjEBrp3Uy11isQE5yEjjosnOgt4CTxV+va4dDWbF7e+qA9fZdeY1yjGg==
3Cq9hQiE+xPWWP2YHXEblI2j2I2wbL/LgB1Juaxg2dbazB1vQPkWllyK1HcIqlWVy9wNmm7yKgzq1uHHH7AnfqM8
D7m6RhpbpGxqtoQabT6Ffd7mHVsP/TX5EotFJ7+ELOjfxdhLOizlAqb/hodKEWezzSdPpOKI7WaI0bIiEBrp3Uy11isQE5yEjjosnOgt4CTxUOva4dDWbF7e+qA9fZdeY1yjGg==
c6p2bxvbnzP0zYicSZak1o2j2I2wbL/KgB1Juaxg2dbazB1vQPkWllyK1HcIqlWSy9wNmm7yKgzq1uHHH7AnfqM8
4x7HZJULobNwiNBt4U60uygFhbdm5hhiED4MWyvL4NAOT3mBjHjJ3trEDWZhzSvPnMIkD+gyxRlLVJ0CDgpaxKoe0f8/qDd2ozQ=
+UG5trPEJgdss79OXlOf1G3NjAUqHpXk6zUMB8odVLff47RwxW+qGgBtqelsUPnG2tw9XY6h4ffcOnSnSFo1gcvM7equooq8aiaBF1+AB26jLA==
pYeQ7j2ec0Jcym3juQ9H8ysFhbdm5hhiED4MWyvL4NAOT3mBjHjJ3trEDWZhzSvPnMIkD+gyxR9KVJ0CDgpaxKoe0f8/qDd2ozQ=
4rFmIzZlSBb6Ud1KaJV7vG3NjAUqHpXk6zUMB8odVLff4LRwxW+qGgBtqelsUPnG2tw9XY6h4ffcOnSnSFo1h8rM7equooq8aiaBF1+AB26jLA==
XxlEwqvZrwP32H/SNq+IX+Lzo8be2KvXTirJhc3cz0Xz0hh8TCRJrYzL0FAXJRBcZ6aJz9+nlcpHtNoscuBNjliZ8mjA8sm1XLnfNAd7vGxecmzUOMVATGHUalJxuHaEjpa66O2VtzZzVKMS
//Qx12wdRr07Ox6oYSnhL+Lzo8be2KjXTirJhc3cz0Xz0hh8TCRKrYzL0FAXJRBcZ6WJz9+nlcpHtNoscuBNjliZ8mjA8sm1XLnfNAd7vGxecmzUOMVATGHYaVJxuHaEjpa66O2VtzZzVKMS
BgdJBNm9wjqBPb5ckvw5VlSmdOxHYiD2pCFDyIaNc+C6Nl930i6+ZLHqSjydZ6PezxuPcu0wFeLd78obtyV/oz8=
7SxRi4FhxIYX5WzT1NpjTxkg1ohvMgffWlSluprblPNCbBzL+OkHOOIV/2A2rrsHFmZiRI3iTiz5n+8eg6Mr4mm46YIBpw4rkz1zozM=
n+rkYE+wMbCMhFrnN/CaGid52xnPusrw5/v8Y1c0+diChEgtaPzTEabQvBWHOA/e1rCYQSNsBPcbyIBHbGhju+Ad7CSYlQCcgehuYpFoNtQuZjqYTUV3ZhNkoyI=
CSzfR6SH2E7OWT77rL7bdW0EnqYvsmIkFmdLEnfA4tJIB3+WjHn/msCRAGJ7xTTfnMIkD+gyxRtOVJ0CDgpaxKoe0f8/qDd2ozQ=
50Z78WiNqDo1M71a4FLf1yR52xnPusrw5/v8Y1c0+diChEgtaPzTEabQvBWHOA/e1rCYQSNsBPcbyIBHbGhju+Ad7CSYlQCcgeluYpFoNtQuZjqYTUV3ZhNkoyI=
CSzfR6SH2E7OWT77rL7bdW0EnqYvsmIkFmdLEnfA4tJIB3+WjHn/msCRAGJ7xTTfnMIkD+gyxRtOVJ0CDgpaxKoe0f8/qDd2ozQ=
KOxDaSiVRssJA2bcx6yy+iV52xnPusrw5/v8Y1c0+diChEgtaPzTEabQvBWHOA/e1rCYQSNsBPcbyIBHbGhju+Ad7CSYlQCcgeluYpFoNtQuZjqYTUV3ZhNkoyI=
fvkC9otfvdRHrzETFswW2m0EnqYvsmIkFmdLEnfA4tJIB3+WjHn/msCRAGJ7xTTfnMIkD+gyxRhOVJ0CDgpaxKoe0f8/qDd2ozQ=
knUgnHKt5xaePXGWm5fWgCN52xnPusrw5/v8Y1c0+diChEgtaPzTEabQvBWHOA/e1rCYQSNsBPcbyIBHbGhju+Ad7CSYlQCcgepuYpFoNtQuZjqYTUV3ZhNkoyI=
tlKp9AkN0U+zYOC8xUET2UJ26/uFUPVmlB3HS+84u6BcUauonp174LImR5e63sak6TrinCXXKF5Ha3cSBWDNouXf4juvNXejNw==
EVwKOVgSFk/1KcOlR/BBzDcG9hlW2L6MqLOYuBfP87UrQPSzo1QA08Qks5/44cwQUPmwGPk3rjZ5ZCYwdtra7MXpB6IreKM2
GQV5wVPfSF8n764SBaU57wGidflAcFPo9idUyIe7N/rvO0ps1jy/ZLHqSjydZ6/bzxqPcu0wFeLd78obtyV/oz8=
87sYSwoIrfGt+25j4PDcwMrs/Ehaj+B4MwOLelOD/txilBPEHUIe7Mm/8xqTwtuiudh5ArEHvuvD3QOjQw==
hibN3mDPVKx5zBZiT+QP6cTs/Ehaj+B4MwOLelOD/txilBPEHUIe7Mm/8hqTwtuiudh5ArEHvuvD3QOjQw==
HwgPcsKlGJzaBAQC9vkVSMXs/Ehaj+B4MwOLelOD/txilBPEHUIe7Mm/8hqTwtuiudh5ArEHvuvD3QOjQw==
gbAr0uVR091rn6UyTGg+xQeewy7QctQXm2e4PG6j4S089FFSWkiV6tFhsyP8LnyjWH4dUokYRE4+JgIoyvLJ0w+kL3qjOA==
7TtzWu7cBYYnSoYGktMyfU09y4BfsXEuGi5DFjGWzuFAVXmBjHjJ3trEDXVuyTHPnMIkD+gyxR5JVJwCDgpaxKoe0f8/qDd2ozQ=
mqhR7tdaii+bFBU6Uc/rsMXs/Ehaj+B4MwOLelOD/txilBPEHUIe7Mm//xmTwtuiudh5ArEHvuvD3QOjQw==
qRRw7KA746Ae+YeyFDuOlsns/Ehaj+B4MwOLelOD/txilBPEHUIe7Mm//xmTwtuiudh5ArEHvuvD3QOjQw==
M/2jIlW8Uzg13NZmuiWB8Mvs/Ehaj+B4MwOLelOD/txilBPEHUIe7Mm//hmTwtuiudh5ArEHvuvD3QOjQw==
h+9JAPKcVssI4hLDVCD5g8js/Ehaj+B4MwOLelOD/txilBPEHUIe7Mm//RmTwtuiudh5ArEHvuvD3QOjQw==
sBtBMNSOySnVTl5lNTSTVA+ewy7QctQXm2e4PG6j4S089FFSWkiV6tFhsyP8LnyjWH4dWogYRE4+JgIoyvLJ0w+kL3qjOA==
YxSetRhoR+dFvvKh4PZqg009y4BfsXEuGi5DFjGezuFAVXmBjHjJ3trEDXVuyTHPnMIkD+gyxRZIVJwCDgpaxKoe0f8/qDd2ozQ=
qqALLkknQMvPrzs6N463Awuewy7QctQXm2e4PG6j4S089FFSWkiV6tFhsyP8LnyjWH4dW4gYRE4+JgIoyvLJ0w+kL3qjOA==
+gt2/LkOCOTu0r/jYWXVJU09y4BfsXEuGi5DFjGazuFAVXmBjHjJ3trEDXVuyTHPnMIkD+gyxRdIVJwCDgpaxKoe0f8/qDd2ozQ=
fX2PVg2PpUg7yUYyr5OsIgqewy7QctQXm2e4PG6j4S089FFSWkiV6tFhsyP8LnyjWH4dU48YRE4+JgIoyvLJ0w+kL3qjOA==
yRBZV3y47BJK1Yw/RtNDaE09y4BfsXEuGi5DFjGbzuFAVXmBjHjJ3trEDXVuyTHPnMIkD+gyxR9PVJwCDgpaxKoe0f8/qDd2ozQ=
/9J30MsIBvZqSg66jY3fSwmewy7QctQXm2e4PG6j4S089FFSWkiV6tFhsyP8LnyjWH4dUI8YRE4+JgIoyvLJ0w+kL3qjOA==
x6V9GQXJ0Q4IMYrmSroD8E09y4BfsXEuGi5DFjGYzuFAVXmBjHjJ3trEDXVuyTHPnMIkD+gyxRxPVJwCDgpaxKoe0f8/qDd2ozQ=
ZkeSEhnJG5fyy2tan1kGEAiewy7QctQXm2e4PG6j4S089FFSWkiV6tFhsyP8LnyjWH4dVo8YRE4+JgIoyvLJ0w+kL3qjOA==
Zq7Kp51jjSQNze55BGfCZU09y4BfsXEuGi5DFjGZzuFAVXmBjHjJ3trEDXVuyTHPnMIkD+gyxRpPVJwCDgpaxKoe0f8/qDd2ozQ=
es21TYbqyXaUrlEtepuQJgeewy7QctQXm2e4PG6j4S089FFSWkiV6tFhsyP8LnyjWH4dV48YRE4+JgIoyvLJ0w+kL3qjOA==
nQkjhJRQU/fg3YwANHwf0k09y4BfsXEuGi5DFjGWzuFAVXmBjHjJ3trEDXVuyTHPnMIkD+gyxRtPVJwCDgpaxKoe0f8/qDd2ozQ=
dKUohR4G7tFPBY1ShYLnPtJ4EyYSiijTPHl2Ta36SiC+/wXvthtaVVrVoYi0hlxxOX1SBuFD7koL7xio8EjtoSNffDgBCxj7n/LLQeQiaqCc4mSvaJKF/040XKKOqprkqv4Rn79Id1ajFA==
+qpqWXP5JvFWkbf8SXsDHNJ4EyYSiinTPHl2Ta36SiC+/wXvthtaVVrVoYi0hlxxOX1SBuFD7koL7xio8EjtpSNffDgBCxj7n/LLQeQiaqCc4mSvaJKF+040XKKOqprkqv4Rn79Id1ajFA==
CXfnKKtTy/2V75/JCwK8RtJ4EyYSii7TPHl2Ta36SiC+/wXvthtaVVrVoYi0hlxxOX1SBuFD7koL7xio8EjtpCNffDgBCxj7n/LLQeQiaqCc4mSvaJKF9040XKKOqprkqv4Rn79Id1ajFA==
tF+MsOsw2UdBeDrH6fsnudJ4EyYSiivTPHl2Ta36SiC+/wXvthtZVVrVoYi0hlxxOX1SBuFD7koL7xio8EjtpyNffDgBCxj7n/LLQeQiaqCc4mSvaJKF/Us0X6KOqprkqv4Rn79Id1ajFA==
RjEl5DcW431wbrvsmGX3hdJ4EyYSiinTPHl2Ta36SiC+/wXvthtZVVrVoYi0hlxxOX1SBuFD7koL7xio8EjtpiNffDgBCxj7n/LLQeQiaqCc4mSvaJKF+Us0X6KOqprkqv4Rn79Id1ajFA==
k24nFjCtWzCtNA0+GTN829J4EyYSii7TPHl2Ta36SiC+/wXvthtZVVrVoYi0hlxxOX1SBuFD7koL7xio8EjtqSNffDgBCxj7n/LLQeQiaqCc4mSvaJKF/0o0X6KOqprkqv4Rn79Id1ajFA==
fNnr9nkefgYs7SJPE3MqYSkfg7V99BhiED4MWyvL4NAOT3mBjHjJ3trEDWZhzSvPnMIkD+gyxR9LVJkDDgpaxKoe0f8/qDd2ozQ=
UMHlAXZBrjmhEGAY/ggiL23JlUViWNG4ijUMB8odVLff4q52x3S4GgBtqelsUPnG2tw9XY6h4ffcOnSnSFo1h8vM6euuooq8aiaBF1+AB26jLA==
LvzPOk+rn3N+C4qORK2XnF9Cv01iAHrehzyg3SQ9nqN8ygwQ6x37zJIqMBlW0eC+2KKvhFdbKz8rgDcVXqiEHSnZ0Zy3uJSMkX+Qfx92QzV0loJEPIYMG7hmTbMLcJFXXp7ygIoa+auvPH9SoxA=
OUZ4TRY2SACfs6OP4dRip1qx+kifPJNZyHKlMnTwpCs591BZNwyE/dZyuDP8LnyjWH4dW4kYREg+LgEoyvLJ0w+kL3qjOA==
UGL0XDBV6Frdae84T5P4U9wQhTciQTjkAUoa/O2Ht9jfOrkyNVPlYk1PetvnxQ+jTw==
/mlI4fJFPVNzjPexNyHy5jT2+FW7pmre2fVRTaACL1wk9CtuyLQv0x14da47uqf3TzKHC6jzxdEFo0U=
qZq3i3IvEm/jdvt5L/3NeYYgOMJxdxrhIlhu8h+NTGCwiXBoGUCoRpgS5kiVqlqcJZnH0ssIo0Y=
pW99eW8zQgFUl1XaBcrT6THe5PvT78cgcdnVP5ldSWW/Hx8aHX/Ntemwg0BOVRSlRuRRb28l1JRFTytcOzqu3ahyWBdPYmB6teI6BHXSVswx70OY6xLlwnlL0cLZN3aLW21boxs=
KPXzvP7q2N29r5HxY5VAKHM1mRjFp93noeDaZE02kZyGhEg/f/eJC6qevwaHPwDAybzEWmB9AfUsh/dWcHt+oPQd7CSYlQCcgexoYpBuNtwtZjqYTUV3ZhNkoyI=
5Y6tGmIhj60FB0ASnEX0sgNa5PIeq3ADdE8tZlrmybgZBhoS2M3LiTHhBvgfpOOR6Hq1CjQINKPZv2BBNxS0tTb6KMu8FmyreLZtygiAtAAeJhEQCopZW29sH2KjIA==
tlZq8lK7NoR6eTqAFL3sfxd+YCxRRiViWuLBrAkSMvb4qeNdYbXOPF9gK8W4rh1ulOycN0kr6MW3kDwhpm6ALxxyxH8o4qUOSER8VE7yOXQqbnFPf3gXZqMk
FSO8CdxILQsPd/PwuSFY0jHe5PvT78cgcdnVP5ldSWWkHx8aHX/Ntemwg0BOVRSlRuRRb28l1JRFTytcOzqu3ahyWBdPYmB6teI6BHXSVswx70OY6xLlwnlL0cLZN3aLW21boxs=
yMwT8cBSrcboe9oj7Gx5ZfaEJ1eNrSoBhh6IHc/VDwesVF1eWt65kPkuSkoYFZvhkQm2gJ9cU/lIkmVSdNDki7mXkHk3LESdVtL4E/xOvEPY3t0yiPgE6L5OQcjK0glzj0RvWqMY
gMjN5YK1YKC9L0prJlkvuzfV4vL36NM2V8nVOpp5U2epHx8aHX/Ntemwg0BOVRSlRuRRb28l1JRFTytcOzqu3ahyWBdPYmB6teI6BHXSVswx70OY6xLlwnlL0cLZN3aLW21boxs=
HbL/i6iFUf3Pg3AxitqY5ZAnVndW43+fYmhmUrrMWyCS/R/6k3pFUlrSoZzJwlJmeDlDDaFF7kxfkAu1+H69/hR8fGcJGwj1t6DcEeY+YL+c4mSvaJKF/kg0XKSOopnkqv4Rn79Id1ajFA==
aOwLKLKHKjm4MjSLD7imUu3Gqw31jDM+uon+BXMQWs7wtWUvJQdpky/bDlCkP+wtk6yVAxsnDAn68zVKXpu4hRL0S65oNI+T/XhVbls6xzdvMmdLSHNlEWWjJQ==
gQGuWUiOvN3dAO49tquxM8i/MAxwmZ2oNBJexavzaz+nzwE7IEyqB+Ixndy7H3Uf4lW0M3sWsCPWGbyExTLmjAEPU5j7MpWCieuhQkmXJkuLDWujKw==
