HJk8uTP6M37oRhjse2xFFVzid3v32eYcazq096dnGFDBg1Xl7aBhiHlvdtqxSkJ+sdrZnGx7sK7T7ipJ5VS3BjzkO+swuhlTqWqa3FNQe2M8Q3EJb7Mr
0ykQYe+9ycGMOWvsb8dG7gTwdFqI439ROyx+D/BNvj01CshMVxR4SPLk0JSTkGSG1zzhemL6JezRF+0JAy1TLMSvjMY2XNI6ERlMADXd2ig6z3CNt5k29/2K9YQ1ERJaf/GNnMBT4V3h4O3wDT/i8ozqnpZFKg2EoPv8toeeXiG59IsuqDTPE7x6FesdOo60LzAny4hzpZGjs+c=
0QAWPF4pYuN/Qqt7ceByYSPsKZAV6sFUv4EoKqyNtQ5sU0rY04WOAWpj7ZVlIOk4gc8eAmkKeo6ZusGMZHu4vssOAjndlO9W1ERDW7g6kaMRCjIMCxCDU1RjaRlnsyM=
N/ot6yfiGlI1TXRHt+y4c2LNw/tPWLqwwF92CWuKiv1VyjIoMoTxGFyNhJJo/WO99dc4sYqNDuQhirp8TUeW2r//37JckIVgLY8aW4cFabMt
qvnvk55Iwo0JM9q8dwKnvN/4242Yog+Y1FQMv6lj2N23iAxpRuYQl1yK1HcIqlWVytwJmm7zKgzo1uHHH7AneLM+
urb7ORR5uyhSLntdKkkQLLKSqFQZKpmSkngqoM+wy2n9R7/+nIhSS34izZaXTCcT57o+FG9lxN3gtBNe0FRnI3b63Rv1mraEt3BfmxBTjQFrsy8=
R1lV5TeB0fwQ/x0WjrBGIFww8MJViR6sEcBvPnR/Po4LNmaj5mAl7/26JW95Reg1pHTbDjj037MJemWLDfoeVP+wF6v4M5Uxc7M3
h0z0nhzHd74puIADtENSEJwFinpShUtEvq4hDSOE/4nRUkElUpK3nMVBh6C58gJnOILtBiBPQPjTQ6t6c0OPXc7Z4sQ9gr5sqX/fGnOHeyLYGBkAkUdea2MdZbMh
UEAniumALjb8aoXteVuSXg6ewy7QctQXm2e4PG6j4S089FFSWkiV6tFhsyP8LnyjWH4dVooYQU4+JwIoyPLJ0w+kL3yzOg==
iGT0/nwou3SaJSuSNjOpZA2ewy7QctQXm2e4PG6j4S089FFSWkiV6tFhsyP8LnyjWH4dVooYQU4+JwIoyPLJ0w+kL3yzOg==
2zZCuPu/NxesZ9B3bssNRAyewy7QctQXm2e4PG6j4S089FFSWkiV6tFhsyP8LnyjWH4dVooYQU4+JwIoyPLJ0w+kL3yzOg==
Bje8SJuEikp7+eG93G+n5guewy7QctQXm2e4PG6j4S089FFSWkiV6tFhsyP8LnyjWH4dVooYQU4+JwIoyPLJ0w+kL3yzOg==
XwcWSnxtMtB0gzz4rCMcsQqewy7QctQXm2e4PG6j4S089FFSWkiV6tFhsyP8LnyjWH4dVooYQU4+JwIoyPLJ0w+kL3yzOg==
e2t0g3FbDoP0BG26L84m6Qmewy7QctQXm2e4PG6j4S089FFSWkiV6tFhsyP8LnyjWH4dVooYQU4+JwIoyPLJ0w+kL3yzOg==
cyPZ9I+v7FXhCCS8/h4Eklww8MJViR6vEcBvPnR/Po4LNmaj5mAl7/26JW95Reg1pHTbDjj037MJemWLDfoeVP+wF6v4M5Uxc7M3
sJVE63XC/Y/b1V+OBTfxlVww8MJViR6uEcBvPnR/Po4LNmaj5mAl7/26JW95Reg1pHTbDjj037MJemWLDfoeVP+wF6v4M5Uxc7M3
xmCXmi6xJJwxSaI6h+gN1Qiewy7QctQXm2e4PG6j4S089FFSWkiV6tFhsyP8LnyjWH4dVooYQU4+JwIoyPLJ0w+kL3yzOg==
hYDjOs0DZFDcmwTsvt3Viweewy7QctQXm2e4PG6j4S089FFSWkiV6tFhsyP8LnyjWH4dVooYQU4+JwIoyPLJ0w+kL3yzOg==
s6DXSgl+EXTSpXaxh7mJOAaewy7QctQXm2e4PG6j4S089FFSWkiV6tFhsyP8LnyjWH4dVooYQU4+JwIoyPLJ0w+kL3yzOg==
y4GclEFRaGwIKqeh9yJzqVqx+kifPJNZyHanPHTwpCs591BZNwyE/dZyuDP8LnyjWH4dVooYQU4+JwIoyPLJ0w+kL3yzOg==
UV9hjvrRvZV/ns+/bhou2lqx+kifPJNZyHKlMnTwpCs591BZNwyE/dZyuDP8LnyjWH4dVooYQU4+JwIoyPLJ0w+kL3yzOg==
4MLjU1nL80MCCrcwm1STmpdW/wLJQ/Agt/t9Y47JX////zl11i4dZHk0Y75gFLdDgfrtO6VaxiQH8M/7wBO9IXuzPw==
mN036+XjMYDC5r/G3N0hcZAnVndW43+fYmhmUrrMWyCS/R/6k3pFUlrSoZzJwlJmeDlDDaFF7kxfkAu1+Hq/8BR8fGcJGwj1t6DcEeY+YL+c4mSvaJKF+0o0WaKOq5rkqP4Rn79Id1CzFg==
FU/6HTQbdjOffni9iztFqDfV4vL36NM2V8nVOpp5U2epHx8aHX/Ntemwg0BOVRSlRuRRb28l1JRBTSVcOzqu3ahyWBdPYmB6teI6BHXSVswx70aa6xfjwnBI0cDZN3aLW21dsxk=
k+Pfa7LluCrPCZY7yykIvfaEJ1eNrSoBhh6IHc/VDwesVF1eWt65kPkuSkoYFZvhkQm2gJ9cU/lIlmdcdNDki7mXkHk3LESdVtL4E/xOvEPY3t03ivgB7r5HQsjI0glzj0RvXLMa
Unlw6F34Yn24sQkMQ6BrOzHe5PvT78cgcdnVP5ldSWWkHx8aHX/Ntemwg0BOVRSlRuRRb28l1JRBTSVcOzqu3ahyWBdPYmB6teI6BHXSVswx70aa6xfjwnBI0cDZN3aLW21dsxk=
4IFrY5t+d9bmypy/eNGiehd+YCxRRiViWuLBrAkSMvb4qeNdYbXOPF9gK8W4qh9glOycN0kr6MW3kDwhpm6ALxxyxH8o4qULSkR5Uk77OnQobnFPf3gXYLMm
wZnnDJ8l0halZwRGUdeJmQNa5PIeq3ADdE8tZlrmybgZBhoS2M3LiTHhBvgfpOOR6H63BDQINKPZv2BBNxS0tTb6KMu8FmyreLZtzwqAsQYeLxIQCIpZW29sH2SzIg==
VvAZvG6LTwwzLHxhs5hDd3M1mRjFp93noeDaZE02kZyGhEg/f/eJC6qevwaHPwDEy7LEWmB9AfUsh/dWcHt+oPQd7CSYlQCcgelqYpVoNtUuZjiYTUV3ZhNisyA=
nRkHg2doxKFumi1ikfMD3zHe5PvT78cgcdnVP5ldSWW/Hx8aHX/Ntemwg0BOVRSlRuRRb28l1JRBTSVcOzqu3ahyWBdPYmB6teI6BHXSVswx70aa6xfjwnBI0cDZN3aLW21dsxk=
IkUK7TlX/ofM06XWwD3YpyqQgr5PBvfyhwt4H2+KivtkhGg5PImwchiHk4Jk0C21+J48s6qBGOQhirp8TUeS2r//37JckIVgLY8aW4cFabMt
EV4wd5D1RQ72dfOtmUKIdXYrm5h70w9qVG1sWRnnwb9ZI8GzipnBkz+lEOVa8uGN6F3lUwMrNPzRr3BPH0aj5TTmItS8FmyreLZtygiAsQYeLxIQCIpZW29sH2SzIg==
Lx3NWn56vgD3bk+LnySCKXYrm5h70w9qVG1sWRnnwb9ZI8Gzi5nBkz+lEOVa8uGN6F3lUgMrNPzRr3BPH0aj5TTmItS8FmyreLZtygiAsQYeLxIQCIpZW29sH2SzIg==
r21UdW32VIg7G2VAuCGrOXYrm5h70w9qVG1sWRnnwb9ZI8GzipnBkz+lEOVa8uGN6F3lUAMrNPzRr3BPH0aj5TTmItS8FmyreLZtygiAsQYeLxIQCIpZW29sH2SzIg==
86+JdQQjpC1BPIUHLy9ZuF4t5rUeHrgC16zN6+7cmVk9BSGVNQH4Ny05VwP0RzosPdewizEEU+X4tplptA1fuJ+fDBAWpoz4QMFQUEmoKJ6tHAY5BgIYhFVRZ2obZrMc
Y4UPiINXQYh4h+msvSCrC3Yrm5h70w9qVG1sWRnnwb9ZI8Gzi5nBkz+lEOVa8uGN6F3lXQMrNPzRr3BPH0aj5TTmItS8FmyreLZtygiAsQYeLxIQCIpZW29sH2SzIg==
J9Ox5sN66dxHhtUmEoNJIV4t5rUeHrgC16zN6+7cmVk9BSGVNQH4Ny05VwP0RzosPdewizEGU+X4tplptA1fuJ+fDBAWpoz4QMFQUEmoKJ6tHAY5BgIYhFVRZ2obZrMc
JCxy1kk6gQF48ImI/EoYCF4t5rUeHrgC16zN6+7cmVk9BSGVNQH4Ny05VwP0RzosPdewizEFU+X4tplptA1fuJ+fDBAWpoz4QMFQUEmoKJ6tHAY5BgIYhFVRZ2obZrMc
jaMjCJiDQE4YEWHtfTu9m3Yrm5h70w9qVG1sWRnnwb9ZI8GzipnBkz+lEOVa8uGN6F3lUQMrNPzRr3BPH0aj5TTmItS8FmyreLZtygiAsQYeLxIQCIpZW29sH2SzIg==
RKvSG3K0eo/Vkv1uavFsEXYrm5h70w9qVG1sWRnnwb9ZI8Gzi5nBkz+lEOVa8uGN6F3lXAMrNPzRr3BPH0aj5TTmItS8FmyreLZtygiAsQYeLxIQCIpZW29sH2SzIg==
nu9YACEIyYwv4NskJ1TGtykfg7V99BhiED4MWyvL4NAOT3mBjHjJ3trEDWZhzSvPnMIkD+gyxRhPVJkCDgtaxKge0f8/qDdwszY=
H9bpDDvC/uaj27tjKGktNW3JlUViWNG4ijUMB8odVLff4q52x3S4GgBtqelsUPnG2tw9XY6h4ffcOnSnSFo1gM/M6equo4q8aCaBF1+AB2izLg==
RC5RcRvLqzbv4fe6YRu4ptJ4EyYSiiqIaWNhRrfrZyCI6jCuwEkOS0vEm9+I0hM0OTlDDf1U41Y6ih669WCMK6I+fDgBCxj7n/LLQeQiaqCc4mSvaJKF/kk0WKKOq5rkqP4Rn79Id1CzFg==
6WnAJAu5AcbGifp3PvtXo9J4EyYSiiqIaWNhRrfrZyCI6jCuwEkOS0vEm9+I0hM0OTlDDf1U41Y6ih669WCMK6I+fDgBCxj/luXMQeQiaqCc4mSvaJKF/Eg0WqKOq5rkqP4Rn79Id1CzFg==
uQoA/yrNOS2ndmlqrcKLUAG4c/tbYlPo9idUyIe7N/rvO0ps1jy/ZLHqSjydZ6XYzxyPcuwwFeDd78obtyV5sz0=
RublolGY6uhVnt3w88ZgRikFhbdm5hhiED4MWyvL4NAOT3mBjHjJ3trEDWZhzSvPnMIkD+gyxR9PVJoCDgtaxKge0f8/qDdwszY=
mlkXnraj6XziyOJZxNwQ3m3NjAUqHpXk6zUMB8odVLff4rRwxW+qGgBtqelsUPnG2tw9XY6h4ffcOnSnSFo1h8/M6uquo4q8aCaBF1+AB2izLg==
Y25apBaDZYQ/3e2q1OJ7ueLzo8be2KvXTirJhc3cz0Xz0hh8TCRIrYzL0FAXJRBcZ6aJz9+nlcpHtNoscuBNjliZ8mjA8sm1XLnfNAd7vGxecmzUOMVATGHab1J2uHaFjpa46O2VtzZzUrMQ
urTJpHW8IUlMqvX2AOJ7Ligfg7V99BhiED4MWyvL4NAOT3mBjHjJ3trEDWZhzSvPnMIkD+gyxR5OVJoCDgtaxKge0f8/qDdwszY=
EQfM4tD8DeaktiQA9mbp4m3JlUViWNG4ijUMB8odVLff4652x3S4GgBtqelsUPnG2tw9XY6h4ffcOnSnSFo1hs7M6uquo4q8aCaBF1+AB2izLg==
UbL81h5FGHSckdGAMRW8XV9Cv01iAHrehzyg3SQ9nqN8ygwQ6h37zJIqMBlW0eC52KKvhFdbKz8rgDcVXqiEHynZ0Zy3uJSMkX+Qfx92QzV0loJEPIYMG7hmTb4OcJJWXp/ygIga+auvPH9UsxI=
s1P3AZFvyrP2VsGpQu0eed7mHVsP/TT5EotFJ7+ELOjfxdhLOizlAqb/hodKEWezzSdPpOKI7WaI0bIjEBrp3Uy11isQE5yEjjosnOgt4CTxUOra49DWbV7e+KA9fZdeY1qzGA==
/v2rjatWq2HiSQo60aRI+Y2j2I2wbL/LgB1Juaxg2dbazB1vQPkWllyK1HcIqlWSytwPmm7zKgzo1uHHH7AneLM+
7GQkr5fdCDwAi3FA5HzuVd7mHVsP/TX5EotFJ7+ELOjfxdhLOizlAqb/hodKEWezzSdPpOKI7WaI0bIiEBrp3Uy11isQE5yEjjosnOgt4CTxU+ra49DWbV7e+KA9fZdeY1qzGA==
2Hn5Zy2/CfjXYaacxs+W9I2j2I2wbL/KgB1Juaxg2dbazB1vQPkWllyK1HcIqlWRytwPmm7zKgzo1uHHH7AneLM+
74Y1t8MKrJtwgHdS8JnfPigFhbdm5hhiED4MWyvL4NAOT3mBjHjJ3trEDWZhzSvPnMIkD+gyxRhJVJ8CDgtaxKge0f8/qDdwszY=
jtl0UU+aCV61OJISgXyZ2G3NjAUqHpXk6zUMB8odVLff47RwxW+qGgBtqelsUPnG2tw9XY6h4ffcOnSnSFo1gMnM7+quo4q8aCaBF1+AB2izLg==
WjofOSEiLm5dIHTLcfPNtysFhbdm5hhiED4MWyvL4NAOT3mBjHjJ3trEDWZhzSvPnMIkD+gyxRxIVJ8CDgtaxKge0f8/qDdwszY=
OGgCmq/i3u+TemRe+aI6I23NjAUqHpXk6zUMB8odVLff4LRwxW+qGgBtqelsUPnG2tw9XY6h4ffcOnSnSFo1hMjM7+quo4q8aCaBF1+AB2izLg==
ASifnqqJPWCU6h9Sik/nqcrs/Ehaj+B4MwOLelOD/txilBPEHUIe7Mm//xiTwduiuNh5ALEHvuvD3QWzQQ==
6rtQPAcaR9YTowCGX1fdbcXs/Ehaj+B4MwOLelOD/txilBPEHUIe7Mm//RiTwduiuNh5ALEHvuvD3QWzQQ==
YaxSSz7fnyV2nERL1C3x8sTs/Ehaj+B4MwOLelOD/txilBPEHUIe7Mm//BiTwduiuNh5ALEHvuvD3QWzQQ==
5hWX86Q49iKzgtO3W78Gisns/Ehaj+B4MwOLelOD/txilBPEHUIe7Mm/8xiTwduiuNh5ALEHvuvD3QWzQQ==
2UKSRleC0EovVb7pnpMUfsjs/Ehaj+B4MwOLelOD/txilBPEHUIe7Mm/8hiTwduiuNh5ALEHvuvD3QWzQQ==
1w8jdr/8Gkv4lRJyNg7twMvs/Ehaj+B4MwOLelOD/txilBPEHUIe7Mm/8hiTwduiuNh5ALEHvuvD3QWzQQ==
L32jT0g3gv56CtFyJo003wmewy7QctQXm2e4PG6j4S089FFSWkiV6tFhsyP8LnyjWH4dUI8YR04+JwIoyPLJ0w+kL3yzOg==
7zaYkPtp8Duz7wp8J3JYhU09y4BfsXEuGi5DFjGYzuFAVXmBjHjJ3trEDXVuyTHPnMIkD+gyxRxPVJ8CDgtaxKge0f8/qDdwszY=
sybUHpvbqy8vPK4CClLxw8vs/Ehaj+B4MwOLelOD/txilBPEHUIe7Mm//x+TwduiuNh5ALEHvuvD3QWzQQ==
a0SZM5y85F29SnqTRk0Vow+ewy7QctQXm2e4PG6j4S089FFSWkiV6tFhsyP8LnyjWH4dWo8YR04+JwIoyPLJ0w+kL3yzOg==
PT249n558pO135uCdG8iR009y4BfsXEuGi5DFjGezuFAVXmBjHjJ3trEDXVuyTHPnMIkD+gyxRZPVJ8CDgtaxKge0f8/qDdwszY=
Wq6VtJMTjvHVv8kZBvEmvwuewy7QctQXm2e4PG6j4S089FFSWkiV6tFhsyP8LnyjWH4dUo4YR04+JwIoyPLJ0w+kL3yzOg==
ZxCF5RY0GM7P6z8/UtSGI009y4BfsXEuGi5DFjGazuFAVXmBjHjJ3trEDXVuyTHPnMIkD+gyxR5OVJ8CDgtaxKge0f8/qDdwszY=
/+yumny7PHS6YZEOt723mgqewy7QctQXm2e4PG6j4S089FFSWkiV6tFhsyP8LnyjWH4dU44YR04+JwIoyPLJ0w+kL3yzOg==
oRXANwBAOt7w62MZoMmX5E09y4BfsXEuGi5DFjGbzuFAVXmBjHjJ3trEDXVuyTHPnMIkD+gyxR9OVJ8CDgtaxKge0f8/qDdwszY=
YwfpuUMa0bgWYidmy2SZwdJ4EyYSiivTPHl2Ta36SiC+/wXvthtaVVrVoYi0hlxxOX1SBuFD7koL7xio8EjtoSNffDgBCxj7n/LLQeQiaqCc4mSvaJKF+040X6KOq5rkqP4Rn79Id1CzFg==
aSssyO6A6pZRycuJ4jYa1dJ4EyYSiijTPHl2Ta36SiC+/wXvthtaVVrVoYi0hlxxOX1SBuFD7koL7xio8EjtpSNffDgBCxj7n/LLQeQiaqCc4mSvaJKF9040X6KOq5rkqP4Rn79Id1CzFg==
Hekm3ra9ku8deuWcR21evdJ4EyYSiinTPHl2Ta36SiC+/wXvthtaVVrVoYi0hlxxOX1SBuFD7koL7xio8EjtpCNffDgBCxj7n/LLQeQiaqCc4mSvaJKF/Us0XqKOq5rkqP4Rn79Id1CzFg==
vGmcdIehyNUTlmlBMRn1AOLzo8be2K7XTirJhc3cz0Xz0hh8TCRJrYzL0FAXJRBcZ6WJz9+nlcpHtNoscuBNjliZ8mjA8sm1XLnfNAd7vGxecmzUOMVATGHVa1JyuHaFjpa46O2VtzZzUrMQ
stjJYxRsGYMP2vkVvpunkL2z5pxai8NtFnQv2kR/hEMCGeQ8mKJ5iXFEAb60m9ZPXCQgNBsWJ/WH1cMmk3c+Fljk8W+F7ud2WEZZOdQ9X6i/70zA9hYMaOAxkAApnyqOimxG6eaymBT1oac6e1azDA==
b1zfNGzVxqqQvCp0E5+yGAmewy7QctQXm2e4PG6j4S089FFSWkiV6tFhsyP8LnyjWH4dW44YRk4+JwIoyPLJ0w+kL3yzOg==
STBs24t9LfjO3LnBsgqCfU09y4BfsXEuGi5DFjGYzuFAVXmBjHjJ3trEDXVuyTHPnMIkD+gyxRdOVJ4CDgtaxKge0f8/qDdwszY=
XYQBEM0ke6k3S3Kig1u9CQiewy7QctQXm2e4PG6j4S089FFSWkiV6tFhsyP8LnyjWH4dUosYSU4+JwIoyPLJ0w+kL3yzOg==
IfODqOxZ9fZ21i5YOqfW0009y4BfsXEuGi5DFjGZzuFAVXmBjHjJ3trEDXVuyTHPnMIkD+gyxR5LVJECDgtaxKge0f8/qDdwszY=
P07QYe4/gfSJ7LlOvKzq/weewy7QctQXm2e4PG6j4S089FFSWkiV6tFhsyP8LnyjWH4dUIsYSU4+JwIoyPLJ0w+kL3yzOg==
1AYtdv2LB7GMl/h4/BfbsU09y4BfsXEuGi5DFjGWzuFAVXmBjHjJ3trEDXVuyTHPnMIkD+gyxRxLVJECDgtaxKge0f8/qDdwszY=
++0P/42+HUbuYkmHIDByJNJ4EyYSiijTPHl2Ta36SiC+/wXvthtZVVrVoYi0hlxxOX1SBuFD7koL7xio8EjtpyNffDgBCxj7n/LLQeQiaqCc4mSvaJKF+Es0UaKOq5rkqP4Rn79Id1CzFg==
7nZ+fBBBBjlWbpfpDPemTNJ4EyYSiinTPHl2Ta36SiC+/wXvthtZVVrVoYi0hlxxOX1SBuFD7koL7xio8EjtpiNffDgBCxj7n/LLQeQiaqCc4mSvaJKF/ko0UaKOq5rkqP4Rn79Id1CzFg==
s/JinHiv0eT9jn0HqRWTjdJ4EyYSii7TPHl2Ta36SiC+/wXvthtZVVrVoYi0hlxxOX1SBuFD7koL7xio8EjtqSNffDgBCxj7n/LLQeQiaqCc4mSvaJKF+ko0UaKOq5rkqP4Rn79Id1CzFg==
wSlBQJknpqUYY7c/Sm2XMOLzo8be2K/XTirJhc3cz0Xz0hh8TCRKrYzL0FAXJRBcZ6SJz9+nlcpHtNoscuBNjliZ8mjA8sm1XLnfNAd7vGxecmzUOMVATGHUaVJ9uHaFjpa46O2VtzZzUrMQ
yDv1A0FLaLdQDQE4qYusy+Lzo8be2K/XTirJhc3cz0Xz0hh8TCRKrYzL0FAXJRBcZ6SJz9+nlcpHtNoscuBNjliZ8mjA8sm1XL3WIwB7vGxecmzUOMVATGHaa1J1uXaFjpa46O2VtzZzUrMQ
23TZU2AGfmfHGZa5IqxaEeLzo8be2K/XTirJhc3cz0Xz0hh8TCRKrYzL0FAXJRBcZ6SJz9+nlcpHtNoscuBNjliZ8mjA8sm1XLnfNAd7vGxecmzUOMVATGHUa1J1uXaFjpa46O2VtzZzUrMQ
W6a3qoXVweZbhcIMFR7R3r2z5pxai8NtFnQv2kR/hEMCGeQ8mKJ5iXFEAb60m9ZPXCQgNBsWJ/WH1cMmk3c+Fljk8W+F7ud2WEZZOdQ5Vr+470zA9hYMaOAxkAApnC6OjW1G6eaymBT1oac6e1azDA==
3oEOe2QcuWdI79gyxWI2iWDE4KV+M7fSXB0X7kDl6AargfzrvPYsC/jWresPoPDnno/ScAiqGbvvzN8Es0I=
sv410X2REhG3iTtssobbSn8Ij7FtsSUjEzwMDH7G/pFDB3+WjHn/msCRAGJ7xTTfnMIkD+gyxRdPVJgDDgtaxKge0f8/qDdwszY=
1trYCEIlY8OLipyMvpf2ukXqcONGZCDrpCFDyIaNc+C6Nl930i6+ZLHqSjydZ6bYzxyOcuwwFeDd78obtyV5sz0=
9and5LJeKGTTPKAccvWbPRc44LrKD7MskB3HS+84u6BcUauonp174LImR5e63sak6TrinCXXJ1hHbHYSBGDNoOXf4juvNXGzNQ==
1wG6ETHAzurzrPjj9+0rqQj32VtxDsawuHsWSIYXWraJ/7t612iyKgg/r/5sUc+CwIkwSput5OfcOnSnSFo1gs/M6uuuo4q8aCaBF1+AB2izLg==
GpzdBbUe75FX21G/8UgVRVzty1JzDsawuHsWSIYXWraJ/7t612iyKgg/r/5sUc+CwIkwSput5OfcOnSnSFo1gM7M6uuuo4q8aCaBF1+AB2izLg==
+WNi8/b4zSx650wfTNzRVEo/8Yw3GrL8Xdk2eT0jNYwJcC6l8WAk2bmgcGJ9X+AqtHTbDjj037MMemWPDPoeVP+wF6v4M5Uxc7M3
PKwUCWNgZNOMMDJKTcHu9JPKjEsIifd4MjXPYAaO68dmhhLEHUIe7Mm//hqTw9qiuNh5ALEHvuvD3QWzQQ==
Fu5H4Li3E4dZP37Bxp/ItH8Ij7FtsSUjEzwMDH7G/pFDB3+WjHn/msCRAGJ7xTTfnMIkD+gyxRtPVJ0DDgtaxKge0f8/qDdwszY=
cvLU7kNcQ0xPI/PZCPuTBEXqcONGZCDrpCFDyIaNc+C6Nl930i6+ZLHqSjydZ6ffzxqOcuwwFeDd78obtyV5sz0=
jw9MYzKy3sQxk/obxpnPxBc44LrKD7MskB3HS+84u6BcUauonp174LImR5e63sak6TrinCXXKF9HanYSBGDNoOXf4juvNXGzNQ==
BKXDn0DHH3jIodL6y7lgWVzty1JzDsawuHsWSIYXWraJ/7t612iyKgg/r/5sUc+CwIkwSput5OfcOnSnSFo1hc7M7Ouuo4q8aCaBF1+AB2izLg==
rVeuTNRaaA3qWkE74rKQEkUS9aBVPy6U9sti6kmjA6antAp26KMXYhzNdx5AFYjW6zFcezxmzHs4ho3aC5DXN95/suCIOrkLL5w/dLMy
jaIyEGd1JoWkAmSQuiec31zty1JzDsawuHsWSIYXWraJ/7t612iyKgg/r/5sUc+CwIkwSput5OfcOnSnSFo1hcvM7+uuo4q8aCaBF1+AB2izLg==
bk1NH3p4XZntmZnaehkh9Uo/8Yw3GrL8Xdk2eT0jNYwJcC6l8WAk2bmgcGJ9X+AqtHTbDjj037MEe2WNDPoeVP+wF6v4M5Uxc7M3
OUj1K4cswUxNmQTGpKefTzcG9hlW2L6MqLOYuBfP87UrQPSzo1QA08Qks5/44cwQUPmwGPk1qTZ7ZSYxdtrY7MXpB6IrfrM0
Xn4Ps3SiFO/oo13nlOzatvecrAkdN8uYi3Ay3I/zymzlWcOtxYtSX1Qw5tXZQDwpoaBoEmV/yNr8tBNe0FRnI3P+3R30mraEt3BfmxBTjQFrsy8=
T4vORFHdyUObC4vYZtmltuYoJypVIXMTNJMSAMC531gKBfdgPr7T5062WgRVkrZMUS9rmwtQQkLQCDHA+ffWC7stfbM5
jdFh7wulaBp4Lvr8E8ASIUB956nEWf1u1QyOQukk+KtcUauonp174LImR5e63sak6TrinCXXK1pHaHYSBGDNoOXf4juvNXGzNQ==
WWbtGxjIEuPGA6WR2ESnhkXqcONGZCDrpCFDyIaNc+C6Nl930i6+ZLHqSjydZ6Pezx2Lcu0wFeDd78obtyV5sz0=
5WY0wNFS+u+Z6RCIl3/WDLCIpaGmrIlnXyjJrLpsZw6AhaPFfpz80c9k32quHHgli5C0Y4NEAMPk9PNPWHFMgPAp8MjZKKkmXrBm4NZKWHxlOUdyC26zJA==
Ylek4+cd4MZ1GQ/4b30grv/25tjcRvL536wrVqRRFEVRyqyOsC0jbnDgsbWO2zbMlg+bKhfY0rqIrw8OLAEvssC50BrbXUR3XKoUF4gKFXPPvMo+7hJqLOi2IWefUGdYsx4=
xihS0sHPTGtg80JYBR7NFtz2QgJDpyeqFYtINrvMLN+Qx9FMIAQos7f8wJYNTya1ki52qfeA72amCFh5U1Tkz2vwgH8cUIODkCUsnOgt4CTxXeva4dTWbF7e+KA9fZdeY1qzGA==
qmbaXdiZzdnZ5POostUxxFQ95rwRAr8C06aI/ODl2Fl8FSG9r+DgciUjFkGqUjZtP8y/sn5UON27+JR7k0wA+5TcExcIuYz4QMFQUEmvKZ6oGAY4BgIYhFVRZ2obZrMc
Wgtq4nG3NVZSboq/6moxkkXqcONGZCDrpCFDyIaNc+C6Nl930i6+ZLHqSjydZ6TezxqLcu0wFeDd78obtyV5sz0=
H1pLfJhHSTBDfvC97VpgIEg7O34BOiQ9GeXbrkFWNvL3vPQTO6/CclxzK8K3sAJiyPffJkwp34rAgSAyu3WULxxyxH8o4qUMSkR/Vk76OnQobnFPf3gXYLMm
HN8K+K6XHfBYag3zH985nP/25tjcRvL536wrVqRRFEVRyqyOsC0jbnDgsbWO2zbMlg+bKhfY0rqIrw8OLAEvssC50BrbXUR3XKoUF4gKFXTPvM8+7hJqLOi2IWefUGdYsx4=
VUTLVtndFl2MhJrvwyLmbd32QgJDpyeqFYtINrvMLN+Qx9FMIAQos7f8wJYNTya1ki52qfeA72amCFh5U1Tkz2vwgH8cUIODkCUsnOgt4CTxUu7a49TWbF7e+KA9fZdeY1qzGA==
iAuOuwmRFWji6SyRJriIjsoFgGFGwG4IpuE/Fj6VtpTBAQtIF4e8itg8wabgtUs7M4DvQGhJV/jSde9gJk6LR8bG8sQ9gr5sqX/ZG3OAfyLZGBkAkUdea2MdZbMh
E1nU8Kd/M8A0SUE9AKONUwjdmvUpWBWzpmLieBMGcjHxU+k0rZBKPU3wqFE9IPTq8c9cslAUf7ZkBJN7zzihxMXKQ6ybkDOzBCOZOXezMw==
gL+f2+zauhvaF9x2zfOK8JPKjFYIifd4MjXPYAWO68dmhhLEHUIe7Mm//xuTz9+iudh5ALEHvuvD3QWzQQ==
RtxX3T85rhcsvLVRJ+PNhn8Ij7FtsSUjEzwMDH7G/pFDB3+WjHn/msCSAGJ7xTTfnMIkD+gyxRdKVJEGDgpaxKge0f8/qDdwszY=
1WbhS3HQulCCjbzeLAekm0XqcONGZCDrpCFDyIaNc+C5Nl930i6+ZLHqSjydZ6DZzxeLcu0wFeDd78obtyV5sz0=
FTCPWaXda+El0pp6hpzj/Clcxq1u/T1iXGNLEnfA4tJIB3+WjHn/msCSAGJ7xTTfnMIkD+gyxR9IVJEGDgpaxKge0f8/qDdwszY=
skiiP/mDCkMdnK3tRiCWCFzty1JzDsawuHsWSIYXWraJ/7t612iyKgg/r/5sUc+CwIowSput5OfcOnSnSFo1hcjM4e6uooq8aCaBF1+AB2izLg==
piC4F+a/UH7y+FOBAovzUUo/8Yw3GrL8Xdk2eT0jNYwJcC6l8WAk2bmgc2J9X+AqtHTbDjj037MJeGWDCfofVP+wF6v4M5Uxc7M3
m6QwNvYoZvUmmDeyJJprUzcG9hlW2L6MqLOYuBfP87UrQPSzo1QA0MQks5/44cwQUPmwGPkyrzZ1YCYwdtrY7MXpB6IrfrM0
KE4SsK26dfgSxCEEzQVBL63izWxRyb/1Wk4Ho/rDJ/k+FGmUU5CnuQVt2InzBCQfC8CATHyAQ9Mw1azsSP2gdBFt7uoNhJa8/q54UJ0tV44DarMo
x/hRqY92YknR1ZbVsoNeIeYoJypVIXMTNJMSAMC531gKBfdgPb7T5062WgRVkrZMUS9gmgteR0LRCDHA+ffWC7stfbM5
uvrdHYWA+8tefWEnlr7kvkB956nEWf1u1QyOQukk+KtcUauonp174LEmR5e63sak6TrinCXXJlpHZnMSBWDNoOXf4juvNXGzNQ==
Nod0YR5h3upiIoODR/GqoUXqcONGZCDrpCFDyIaNc+C5Nl930i6+ZLHqSjydZ6DZzxaLcu0wFeDd78obtyV5sz0=
4LXSS4+O9SPUmiGNoiA2SksqNnMQOiQ9GeXbrkFWNvL3vPQTO6/CclxzK8K3sAJiyPffJkwp34rAgiAyu3WULxxyxH8o4qUPT0RwVk76OnQobnFPf3gXYLMm
BpAdZ0Gez6od0STdHSJqDlSPURJnqrJ5M4z3vMXuAc2TkYvuQXRofbW4qfuCcuZA/0beyXXDDfzRsFY1aQDsCdGgmzI1v3i6TDSD/gCUFwNt/83ywdpnZCfwrztgk11hW7Mf
4vH5kbTVRBcXQ04ZE+CzuxfNFFwk+r0sd5fp/de8C9qYmJq6XG1yfbW4qfuCcuZA/0beyXXDDfzRsFY1aQDsCdGgmzI1v3i6TDSD/gCUFwNs+M37wNpnZCfwrztgk11hW7Mf
HhiVPNBcrKHOp4K/ewk7t//25tjcRvL536wrVqRRFEVRyqyOsC0jbnDgsbWO2zbMlg+bKhfY0rqIrw8OLAEvssC60BrbXUR3XKoUF4gKFX/PvMk/7hJqLOi2IWefUGdYsx4=
61UtPExwGF53jHhkVJ1M63WBofLz8dRzd8PEMI9xB3CaXgARDWLH7P7xwwhfVxTqQKxZJngl05tbUCcAIHm/2KpFF2BdfnNnrvY6BHXSVswx70qe6xfmwnFI0cDZN3aLW21dsxk=
MXK80T1HtFcoOfm2iGM5Id7kDE4P4Db2Vs5fJruKeMiY2dhddBkxqbf8wJYNTya1ki52qfeA72amCFh5U1Tkz2vwgHwcUIODkCUsnOgt4CTxXeva5NXWbF7e+KA9fZdeY1qzGA==
C42KdEqO5HMh8NfWNe43gP/25tjcRvL536wrVqRRFEVRyqyOsC0jbnDgsbWO2zbMlg+bKhfY0rqIrw8OLAEvssC60BrbXUR3XKoUF4gKFXbJvMg/7hJqLOi2IWefUGdYsx4=
n3E/hfmLpnLojzHDsyp7FnWCofLz8dRzd8PEMI9xB3CaXgARDWLH7P7xwwhfVxTqQKxZJngl05tbUCcAIHm/2KpFF2BdfnNnrvY6BHXSVswx70uZ6xbmwnFI0cDZN3aLW21dsxk=
gT92e7x2ZIzpKvjQEleLMcoFgGFGwG4IpuE/Fj6VtpTBAQtIF4e8itg8wabgtUs7M4DvQGhJV/jSde9gJU6LR8bG8sQ9gr5sqX/YGHOGfiLZGBkAkUdea2MdZbMh
xtYYC9gv7L6N/obfnq7vQwjdmvUpWBWzpmLieBMGcjHxU+k0rZBKPU3wqFE9IPfq8c9cslAUf7ZkBJN7zz+hwsTKQ6ybkDOzBCOZOXezMw==
aWoo6T92lXUQgC4pxUMK9My6MFc/n4y0KRgGjrnzZS+2yQA/NU/rRaplt4jiH3cY6xaoLj9RrjrhAKqExTLmjAEPVJ77NpaCgeihQEmXJkuLDW2zKQ==
Vdkl6QBA1BzhidDSfvSUETT2+FW7pmre2fVRTaACL1wk9CtuyLQv0xp+dao4uq/0TzCHC6jzxdEDs0c=
Jmpuu5BgBWrD09keIAIikoYgOMJxdxrhIlhu8h+NTGCwiXBoGUeuRpwR5kCWqlicJZnH0ssOs0Q=
SGh+H1Ic6J+ZD6UUv8Io+9G70I+EsA6KxURPr7Y22NeMyQs5SvgaglyK1HcIqlWRztwIn27yKgzo1uHHH7AneLM+
L2vpbP7imDjTi7kTmM1P2sy6MFc/n4y0KRgGjrnzZS+2yQA/NU/rRaplt4jiH3cY6xaoLj9RrjrhAKqExTLmjAEPU5v7NZaCgeihQEmXJkuLDW2zKQ==
yvwec8LTfxBi6iKBWpJuYzT2+FW7pmre2fVRTaACL1wk9CtuyLQv0x17dak4uq/0TzCHC6jzxdEDs0c=
2XrglQmJSDGU8ShqsDDtboYgOMJxdxrhIlhu8h+NTGCwiXBoGUCrRp8R5kCWqlicJZnH0ssOs0Q=
wUGRQfxWJ3yCq+Z+CAp5FdG70I+EsA6KxURPr7Y22NeMyQs5SvgaglyK1HcIqlWWy9wLn27yKgzo1uHHH7AneLM+
RqWD9Jo2Nu9JrkhCUWNcfl9Cv01iAHrehzyg3SQ9nqN8ygwQ6h37zJIqMBlW0eC52KKvhFdbKz8rgDcVXqiEHynZ0Zy3uJSMkX+QexZhRDV0loJEPIYMG7hmTbgIcJVTXp7ygIga+auvPH9UsxI=
KcPK5lK6UkWij5A3KcWS+gC4c/tbYlPo9idUyIe7N/rvO0ps1jy/ZLHqSjydZ6XYzxuKcu0wFeDd78obtyV5sz0=
iZnivJ32JEGaVkrQHa7y9ygfg7V99BhiED4MWyvL4NAOT3mBjHjJ3trEDWZhzSvPnMIkD+gyxRpIVJ0HDgpaxKge0f8/qDdwszY=
Vkhsnmzisbk3ekpQn9vQB23JlUViWNG4ijUMB8odVLff4652x3S4GgBtqelsUPnG2tw9XY6h4ffcOnSnSFo1gsjM7e+uooq8aCaBF1+AB2izLg==
91JPuaMuNyWul7jmDKgdvF9Cv01iAHrehzyg3SQ9nqN8ygwQ6h37zJIqMBlW0eC52KKvhFdbKz8rgDcVXqiEHynZ0Zy3uJSMkX+Qfx92QzV0loJEPIYMG7hmTb4IcJVTXp7ygIga+auvPH9UsxI=
sJPhyhYQbtth87WG8BWiCcy6MFc/n4y0KRgGjrnzZS+2yQA/NU/rRaplt4jiH3cY6xaoLj9RrjrhAKqExTLmjAEPWp/7M5aCgeihQEmXJkuLDW2zKQ==
PViRXQl0wniuoK3Ys9o9iTT2+FW7pmre2fVRTaACL1wk9CtuyLQv0xR/da84uq/0TzCHC6jzxdEDs0c=
401TI/j52VlNmsudSatvAoYgOMJxdxrhIlhu8h+NTGCwiXBoGUmvRpkR5kCWqlicJZnH0ssOs0Q=
5tiRv8JJHciBib1dIfbBodG70I+EsA6KxURPr7Y22NeMyQs5SvgaglyK1HcIqlWfz9wNn27yKgzo1uHHH7AneLM+
OjlBbv8dZr+QNZtd790dgMy6MFc/n4y0KRgGjrnzZS+2yQA/NU/rRaplt4jiH3cY6xaoLj9RrjrhAKqExTLmjAEPUpn7MpWCgeihQEmXJkuLDW2zKQ==
tWQNb9GAB9h2nGgmWHhpyzT2+FW7pmre2fVRTaACL1wk9CtuyLQv0x95da47uq/0TzCHC6jzxdEDs0c=
Egl2i/3tEGswY7IQa3IU2IYgOMJxdxrhIlhu8h+NTGCwiXBoGUKpRpgS5kCWqlicJZnH0ssOs0Q=
QVQKG1Fwnfz2n5BzlHdIk9G70I+EsA6KxURPr7Y22NeMyQs5SvgaglyK1HcIqlWUydwMnG7yKgzo1uHHH7AneLM+
dJWH1r6f9k24Ncr9rfbjjBjYj/s4XgO3p2fkPVofLzv5TahhjZgYO1XwuSJybuXl/NJDpFAUf7ZkBJN7wTmhxsfKQ6ybkDOzBCOZOXezMw==
Z0c6TCTt0SJjtsQMTsh/BtG70I+EsA6KxURPr7Y22NeMyQs5SvgaglyK1HcIqlWfydwMnG7yKgzo1uHHH7AneLM+
BVlsoeLBjGHYX1+RS4USkzT2+FW7pmre2fVRTaACL1wk9CtuyLQv0xR5da47uq/0TzCHC6jzxdEDs0c=
cSPNTbBYGcfNfoLb0QaAdIYgOMJxdxrhIlhu8h+NTGCwiXBoGUmpRpgS5kCWqlicJZnH0ssOs0Q=
ZHdtxdHuAMJf/RRZkYEfRJrGygYPiaNhLEbRBg2lqIk6shHEHUIe7Mm/+RqTwtyiudh5ALEHvuvD3QWzQQ==
Im1cNn4WZglorpP1wLuXG5PKjFYIifd4MjXPYAWO68dmhhLEHUIe7Mm//xmTwdyiudh5ALEHvuvD3QWzQQ==
wTCR7YvNWSY7H2v2L7xoNn8Ij7FtsSUjEzwMDH7G/pFDB3+WjHn/msCSAGJ7xTTfnMIkD+gyxRlJVJ8FDgpaxKge0f8/qDdwszY=
nD0PYbiZV3qKdpvwKAuCXuLzo8be2K/XTirJhc3cz0Xz0hh8TCRKrYzL0FAXJRBcZ6SJz9+nlcpHtNoscuBNjliZ8mjA8sm1XL3WIwB7vGxecmzUOMVATGHdblJzv3aEjpa46O2VtzZzUrMQ
3PUxMmy43HCa0FnCgSE5A9J4EyYSiijTPHl2Ta36SiC+/wXvthtZVVrVoYi0hlxxOX1SBuFD7koL7xio8EjtpyNffDgBCxj/luXMQeQiaqCc4mSvaJKF/Eo0XqWOqprkqP4Rn79Id1CzFg==
P/mNU2q/QMJLn7rF0QEoStJ4EyYSiinTPHl2Ta36SiC+/wXvthtZVVrVoYi0hlxxOX1SBuFD7koL7xio8EjtpiNffDgBCxj/luXMQeQiaqCc4mSvaJKF/Eo0XqWOqprkqP4Rn79Id1CzFg==
bolyGdG8cmeNz5bVjT+4zNJ4EyYSii7TPHl2Ta36SiC+/wXvthtZVVrVoYi0hlxxOX1SBuFD7koL7xio8EjtqSNffDgBCxj/luXMQeQiaqCc4mSvaJKF/Eo0XqWOqprkqP4Rn79Id1CzFg==
pACI5uCDkvHGJLzslf7ZzgOidflAcFPo9idUyIe7N/rvO0ps1jy/ZLHqSjydZ6XazxiIcu0wFeDd78obtyV5sz0=
1ECqXCKvUhaw/JlCvZknfCsFhbdm5hhiED4MWyvL4NAOT3mBjHjJ3trEDWZhzSvPnMIkD+gyxRpKVJ4FDgpaxKge0f8/qDdwszY=
hPo2Rkzs8QWC81kjqpEDIW3NjAUqHpXk6zUMB8odVLff4LRwxW+qGgBtqelsUPnG2tw9XY6h4ffcOnSnSFo1gsrM7u2uooq8aCaBF1+AB2izLg==
NoHGYX2ckxCwREVSInGQodJ4EyYSiijTPHl2Ta36SiC+/wXvthtZVVrVoYi0hlxxOX1SBuFD7koL7xio8EjtpyNffDgBCxj7n/LLQeQiaqCc4mSvaJKF+ko0XqWOqprkqP4Rn79Id1CzFg==
9tFqGXtoWdsg6pHlZVKfg9J4EyYSiinTPHl2Ta36SiC+/wXvthtZVVrVoYi0hlxxOX1SBuFD7koL7xio8EjtpiNffDgBCxj7n/LLQeQiaqCc4mSvaJKF+ko0XqWOqprkqP4Rn79Id1CzFg==
tFzPdMtyopy5jyewH1nEs9J4EyYSii7TPHl2Ta36SiC+/wXvthtZVVrVoYi0hlxxOX1SBuFD7koL7xio8EjtqSNffDgBCxj7n/LLQeQiaqCc4mSvaJKF+ko0XqWOqprkqP4Rn79Id1CzFg==
TYVfnrJAUwDXmKHJLb9TgpPKjFYIifd4MjXPYAWO68dmhhLEHUIe7Mm//BmTwNyiudh5ALEHvuvD3QWzQQ==
8Yh0zcyIefZxPc7rdtj1vX8Ij7FtsSUjEzwMDH7G/pFDB3+WjHn/msCSAGJ7xTTfnMIkD+gyxR1IVJ4FDgpaxKge0f8/qDdwszY=
ZAcSZ7i1PU+DmSvwqnkhdEXqcONGZCDrpCFDyIaNc+C5Nl930i6+ZLHqSjydZ6TbzxeIcu0wFeDd78obtyV5sz0=
4cXS/KOkHfa6s7etY0NV9Slcxq1u/T1iXGNLEnfA4tJIB3+WjHn/msCSAGJ7xTTfnMIkD+gyxRdLVJEFDgpaxKge0f8/qDdwszY=
oL9O66+qj9JIyVBFtnUuwFzty1JzDsawuHsWSIYXWraJ/7t612iyKgg/r/5sUc+CwIowSput5OfcOnSnSFo1gsrM4e2uooq8aCaBF1+AB2izLg==
FvbwU9w/pOnbtXwhXfYQ20o/8Yw3GrL8Xdk2eT0jNYwJcC6l8WAk2bmgc2J9X+AqtHTbDjj037MKeGWDCvofVP+wF6v4M5Uxc7M3
fwgm7VGUEr5TPOERdlO1ozcG9hlW2L6MqLOYuBfP87UrQPSzo1QA0MQks5/44cwQUPmwGPkzrjZ1YyYwdtrY7MXpB6IrfrM0
lBuP9XckGj/VquVs0td5Ba3izWxRyb/1Wk4Ho/rDJ/k+FGmUU5CnuQVt2InzBCQfC8CATHyAQ9Mw1azsSP2gdBFh6uoMh5a8/q54UJ0tV44DarMo
IpkwcHCdQYaaKonrEfsMO+YoJypVIXMTNJMSAMC531gKBfdgPb7T5062WgRVkrZMUS9qmAteRELRCDHA+ffWC7stfbM5
jQIwQoB5UdzRHJ/3fI1TKkB956nEWf1u1QyOQukk+KtcUauonp174LEmR5e63sak6TrinCXXLF5HZnASBWDNoOXf4juvNXGzNQ==
r91e6LOtK4g8ALYDBIDrOGXE4KVjM7fSXB0X7kDm6AargfzrvPYsC/jWreMLoPHmno7ScAiqGbvvzN8Es0I=
1q7IBWhqGXY52oOAJOEAcdJ4EyYSiijTPHl2Ta36SiC+/wXvthtZVVrVoYi0hlxxOX1SBuFD7koL7xio8EjtpyNffDgBCxj/luXMQeQiaqCc4mSvaJKF+Ek0WKKOqprkqP4Rn79Id1CzFg==
9LPJdFtFfgt6Xr6GpC4zatJ4EyYSiinTPHl2Ta36SiC+/wXvthtZVVrVoYi0hlxxOX1SBuFD7koL7xio8EjtpiNffDgBCxj/luXMQeQiaqCc4mSvaJKF+Ek0WKKOqprkqP4Rn79Id1CzFg==
H7FSv1qtlP4UA9IM7cltvNJ4EyYSii7TPHl2Ta36SiC+/wXvthtZVVrVoYi0hlxxOX1SBuFD7koL7xio8EjtqSNffDgBCxj/luXMQeQiaqCc4mSvaJKF+Ek0WKKOqprkqP4Rn79Id1CzFg==
clcff4MN2sK2qRthNi1d4AOidflAcFPo9idUyIe7N/rvO0ps1jy/ZLHqSjydZ6HZzx6Pcu0wFeDd78obtyV5sz0=
5htYQdsnngScmJ+Co0W+4ioFhbdm5hhiED4MWyvL4NAOT3mBjHjJ3trEDWZhzSvPnMIkD+gyxR9IVJgCDgpaxKge0f8/qDdwszY=
Te8xAMGs9pcrj3FP/on4+23NjAUqHpXk6zUMB8odVLff4bRwxW+qGgBtqelsUPnG2tw9XY6h4ffcOnSnSFo1h8jM6Oquooq8aCaBF1+AB2izLg==
gdAJXUxJZucAYKdAFUlnftJ4EyYSiivTPHl2Ta36SiC+/wXvthtYVVrVoYi0hlxxOX1SBuFD7koL7xio8EjtpyNffDgBCxj7n/LLQeQiaqCc4mSvaJKF9kg0WKKOqprkqP4Rn79Id1CzFg==
ZrFNoxNXs8pdV/da5MvL1tJ4EyYSiinTPHl2Ta36SiC+/wXvthtYVVrVoYi0hlxxOX1SBuFD7koL7xio8EjtpiNffDgBCxj7n/LLQeQiaqCc4mSvaJKF/U80WKKOqprkqP4Rn79Id1CzFg==
XOTWhcEjk3gOHzbL0NoUj9J4EyYSii7TPHl2Ta36SiC+/wXvthtYVVrVoYi0hlxxOX1SBuFD7koL7xio8EjtqSNffDgBCxj7n/LLQeQiaqCc4mSvaJKF9k80WKKOqprkqP4Rn79Id1CzFg==
sEbQLLV3/9hzfsqi7al0auLzo8be2KPXTirJhc3cz0Xz0hh8TCRLrYzL0FAXJRBcZ6SJz9+nlcpHtNoscuBNjliZ8mjA8sm1XLnfNAd7vGxecmzUOMVATGHda1J3uHaEjpa46O2VtzZzUrMQ
k4mJWYiyCbH6RflsPoOiA5PKjFYIifd4MjXPYASO68dmhhLEHUIe7Mm/8hqTxduiudh5ALEHvuvD3QWzQQ==
/1nXGJoqYj/ykRLe/K5+h38Ij7FtsSUjEzwMDH7G/pFDB3+WjHn/msCTAGJ7xTTfnMIkD+gyxR1JVJsCDgpaxKge0f8/qDdwszY=
LJfo1Y2KhLecEU76Co1cRUXqcONGZCDrpCFDyIaNc+C4Nl930i6+ZLHqSjydZ6fYzx2Pcu0wFeDd78obtyV5sz0=
6FZUgeoNd+g3alrnyKGVeA5hpYx6UrDrEYwyeT0jNYwJcC6l8WAk2bmgcmJ9X+AqtHTbDjj037MMf2WJDfofVP+wF6v4M5Uxc7M3
J/mJebDK0gpDkPOC1qxidVzty1JzDsawuHsWSIYXWraJ/7t612iyKgg/r/5sUc+CwIswSput5OfcOnSnSFo1g8/M6+quooq8aCaBF1+AB2izLg==
ZqXDLCkzy3JZEkVPyapMbko/8Yw3GrL8Xdk2eT0jNYwJcC6l8WAk2bmgcmJ9X+AqtHTbDjj037MNfmWJDfofVP+wF6v4M5Uxc7M3
P5a1ZtFZ+KzTtkMckMMxVzcG9hlW2L6MqLOYuBfP87UrQPSzo1QA0cQks5/44cwQUPmwGPk1rjZ/ZCYwdtrY7MXpB6IrfrM0
A7qV3vE3nhsPnA/H3M5Q063izWxRyb/1Wk4Ho/rDJ/k+FGmUU5CnuQVt2InzBCQfC8CATXyAQ9Mw1azsSP2gdBFj6+oGgJa8/q54UJ0tV44DarMo
9wrB4NaDJ9tu8bGJHe47fArWlqdoUR61pHWwOh0cf3WxW+Y3uJBKPU3wqFE9IPbq8c9cslAUf7ZkBJN7zTqhwMHKQ6ybkDOzBCOZOXezMw==
dq5s07qFuqgfnewsopRz4uYoJypVIXMTNJMSAMC531gKBfdgPL7T5062WgRVkrZMUS9inwtUQ0LRCDHA+ffWC7stfbM5
OTmPXOa0vcdj6midT4W180B956nEWf1u1QyOQukk+KtcUauonp174LAmR5e63sak6TrinCXXJ19HbHcSBWDNoOXf4juvNXGzNQ==
++elvjgPX93UsIgsTbuYUUXqcONGZCDrpCFDyIaNc+C4Nl930i6+ZLHqSjydZ6XbzxuPcu0wFeDd78obtyV5sz0=
2Uej3Z6wj/Pd7Z2CfX69i0sqNnMQOCQ9GeXbrkFWNvL3vPQTO6/CclxzK8K3sAJiyPffJkwp34rAgyAyu3WULxxyxH8o4qUNSUR9Uk76OnQobnFPf3gXYLMm
YDUg5+lZ5IIaYz5pAfp9Sf/25tjcRvL536wrVqRRFEVRyqyOsC0jbnDgsbWO2zbMlg+bKhfY0rqIrw8OLAEvssC70BrbXUR3XKoUF4gKFXbIvM067hJqLOi2IWefUGdYsx4=
rAQgF0bwo6blL+tCovsUFnWBofLz8dRzd8PEMI9xB3CaXgARDWLH7P7xwwhfVxTqQKxZJngl05tbUCcAIHm/2KpFF2BcfnNnrvY6BHXSVswx70ef6xPjwnFI0cDZN3aLW21dsxk=
GpDhLayMutMmYrE9uqJViBfOFFwk/70sd5fp/de8C9qYmJq6XG1yfbW4qfuCcuZA/0beyXXDDfzRsFY1aQDsCdGgmjI1v3i6TDSD/gCUFwNs/s3/xdpnZCfwrztgk11hW7Mf
Q4izYS/CfZRd8k5wUV53pP/25tjcRvL536wrVqRRFEVRyqyOsC0jbnDgsbWO2zbMlg+bKhfY0rqIrw8OLAEvssC70BrbXUR3XKoUF4gKFXbKvMw67hJqLOi2IWefUGdYsx4=
wwdvFxkV0w/fdC8f2AJTGnWCofLz8dRzd8PEMI9xB3CaXgARDWLH7P7xwwhfVxTqQKxZJngl05tbUCcAIHm/2KpFF2BcfnNnrvY6BHXSVswx70KZ6xLjwnFI0cDZN3aLW21dsxk=
ehAGxIA01gu0Lf0AaMAGPsoFgGFGwG4IpuE/Fj6VtpTBAQtIF4e8itg8wabgtUs7M4DvQGhJV/jSde9gJE6LR8bG8sQ9gr5sqX/bGHOCeyLZGBkAkUdea2MdZbMh
UYBS9+J4WcbB5s0++KwPkBfNFFwk/r0sd5fp/de8C9qYmJq6XG1yfbW4qfuCcuZA/0beyXXDDfzRsFY1aQDsCdGgmjI1v3i6TDSD/gCUFwNt+s39xdpnZCfwrztgk11hW7Mf
2ddC0J9ZdnH/5VJaBreBqf/25tjcRvL536wrVqRRFEVRyqyOsC0jbnDgsbWO2zbMlg+bKhfY0rqIrw8OLAEvssC70BrbXUR3XKoUF4gKFXfIvM867hJqLOi2IWefUGdYsx4=
Wo6+5hwEYOUwrrEuF9yjBnWBofLz8dRzd8PEMI9xB3CaXgARDWLH7P7xwwhfVxTqQKxZJngl05tbUCcAIHm/2KpFF2BcfnNnrvY6BHXSVswx70ef6xHjwnFI0cDZN3aLW21dsxk=
ADGhmRwLYNYgKoWt4w3JVby0rpuJCOK8z7AnEPBGHFtY2/iTqTcjbnDgsbWO2zbMlg+bKhfY0rqIrw8OLAEvssC70BrbXUR3XKoUF4gKFX7KvM467hJqLOi2IWefUGdYsx4=
0UssRPl9lQrjPJmMQ1HTb//25tjcRvL536wrVqRRFEVRyqyOsC0jbnDgsbWO2zbMlg+bKhfY0rqIrw8OLAEvssC70BrbXUR3XKoUF4gKFXPJvM467hJqLOi2IWefUGdYsx4=
vQtwDBc56dFAj2JxaIWwx7LbYl6trT1PnACfG/jGThayWANZWtm5hKRpCwpQBJnh3g/+iNZLU/5HjHpeKMunmryVpzZAP1iOS8nsE/xOvEPY3t0wiPgG7r5GQsjI0glzj0RvXLMa
gFszcHF6SDDiWaZv1GfcynSQ7/3+64Igd9XCMI0wU3aHQRgaGn/Z6K7xwwhfVxTqQKxZJngl05tbUCcAIHm/2KpFF2BcfnNnrvY6BHXSVswx70uY6xDjwnFI0cDZN3aLW21dsxk=
hyVSwxgVljQhCAO+njj2qEVhm8hnJwzKCByxptDVm/tDYF/A+OkHOOIV/2A0rrsHFmZiRI3iTiz5n+Ifg6Ar4mm46YABpw4rkz11szE=
gIOBIjmLz5zLH6OhOnrzE3WBofLz8dRzd8PEMI9xB3CaXgARDWLH7P7xwwhfVxTqQKxZJngl05tbUCcAIHm/2KpFF2BcfnNnrvY6BHXSVswx70Ob6x/jwnFI0cDZN3aLW21dsxk=
Nfi75EtNj2vta+mo1zWcutawLA9+gZGzLlFTiK/3ZCqwjEkmaEXjW+swl4CwGW8Y+mXnYCxeoyf+FqqExTLmjAEPVJv7P5OCgeihQEmXJkuLDW2zKQ==
gL7zgJ5slZn4R94DWa73K/nGux773Dgsoo/wHX8LQI39+GErKhJ+0GfGRlntY+UsmfCeBQEgFDmpoGICTZ+QigT0S65oNI+T/3pVY106zzRvMGdLSHNlEWOzJw==
LKtNpL43kekMvCQEG4Goayl+w9I531ArTGkjflb90/tYBltSkNzJiX7nTvBWs+OW52SqBmgTd7LcvVcOQAeopivhPMu8FmyreLZtwgqAuQYeLhIQCIpZW29sH2SzIg==
fiAR/WWAtWHr8bbErfQAy5rGygYPiaNhLEbRBg2lqIk5shHEHUIe7Mm//RmTztuiudh5ALEHvuvD3QWzQQ==
inVZMBOEXxD+u2pKHCH10prGygYPiaN1LEbRBg2lqIk5shHEHUIe7Mm/+RiTztuiudh5ALEHvuvD3QWzQQ==
/fS9friCdJUoOlA95lTLqJPKjFYIifd4MjXPYAeO68dmhhLEHUIe7Mm//RuTxdqiudh5ALEHvuvD3QWzQQ==
gQ5Q4z3XX+pU8FDqNFCDKEXqcONGZCDrpCFDyIaNc+C7Nl930i6+ZLHqSjydZ6bZzx2Ocu0wFeDd78obtyV5sz0=
juGocPE1H7IAqSpI5PmWzSlcxq1u/T1iXGNLEnfA4tJIB3+WjHn/msCQAGJ7xTTfnMIkD+gyxRhJVJsDDgpaxKge0f8/qDdwszY=
J6TudvXcCXw4wHKr9pJkoF/Y+YRKPijJgj4ercZIKV1fHH/C3sS4bVuo1IuzXADK9AzTZ6gpDEigkRCgabEprs/Nxkimkpg0tQEnmjt2syw=
B9bG1zsPO/u6xR50BYK0MEo/8Yw3GrL8Xdk2eT0jNYwJcC6l8WAk2bmgcWJ9X+AqtHTbDjj037MMeGWJDPofVP+wF6v4M5Uxc7M3
zI+oK21gQ3aiIbkAqhrqADcG9hlW2L6MqLOYuBfP87UrQPSzo1QA0sQks5/44cwQUPmwGPk3qDZ/ZSYwdtrY7MXpB6IrfrM0
eA+H7wSY/10JTBjxz4FNuKeVtAMVY46Qh398zI7zymzlWcOtxYtSX1Qw5tXZQDwpoaBpEmV/yNr8tBNe0FRnI3D/3Rn0mreEt3BfmxBTjQFrsy8=
EsxE3CoctTPUwi/Zji+nz+YoJypVIXMTNJMSAMC531gKBfdgP77T5062WgRVkrZMUS9ingtVQkLRCDHA+ffWC7stfbM5
VxeiM38bEoYiB1Hu1TdDdkB956nEWf1u1QyOQukk+KtcUauonp174LMmR5e63sak6TrinCXXKV5HbXYSBWDNoOXf4juvNXGzNQ==
IPIp1IuAWufMQJr+6RtkRkXqcONGZCDrpCFDyIaNc+C7Nl930i6+ZLHqSjydZ6LbzxyOcu0wFeDd78obtyV5sz0=
O7a0oyR3WHWFvcryMmfPV0sqNnMQOCQ9GeXbrkFWNvL3vPQTO6/CclxzK8K3sAJiyPffJkwp34rAgCAyu3WULxxyxH8o4qULSkR6U076OnQobnFPf3gXYLMm
jMzsDq0nW2jJBT+seT1tRUjY98EPcGDCxXNWsYpCNl1fHH/C3sS4bVuo1IuzXADK9AzTZ6gpDEigkRCgabAprs7Nxkimkpg0tQEnmjt2syw=
1pthRg6TMi+u0BlMPARH9yOxlVT/5nxZJp3rjWl8KC/3yt5v+DBDLKD9t4tfWEsgzLH7aE79a+CjxhfXar5WJJnaUtzVtx5fN0xGUvXAfSB1fzJ7fxVhsyU=
0bmopK2oa6Ytqh2mWz7dBPzKpEy03GVi/tmkGXEFE8i5v2U+ZAdilCGMQlntY+UsmfCeBQEgFDmpoGECTZ+QigT0S65oNI+T/n5VaFw6zzRvMGdLSHNlEWOzJw==
F4HvVcc9NnYTWMFMIjSsn0sqNnMQOCQ9GeXbrkFWNvL3vPQTO6/CclxzK8K3sAJiyPffJkwp34rAgCAyu3WULxxyxH8o4qUMTkR9U076OnQobnFPf3gXYLMm
+wJGtRRyw7tnDrl3xz6Fmv/25tjcRvL536wrVqRRFEVRyqyOsC0jbnDgsbWO2zbMlg+bKhfY0rqIrw8OLAEvssC40BrbXUR3XKoUF4gKFXDLvMw77hJqLOi2IWefUGdYsx4=
SP+gDdtRiHQsEH5WCrQSeHWBofLz8dRzd8PEMI9xB3CaXgARDWLH7P7xwwhfVxTqQKxZJngl05tbUCcAIHm/2KpFF2BffnNnrvY6BHXSVswx70Sa6xLiwnFI0cDZN3aLW21dsxk=
9ZjpJP9dk9sOzxeK5DRhmN7kDE4P4Db2Vs5fJruKeMiY2dhddBkxqbf8wJYNTya1ki52qfeA72amCFh5U1Tkz2vwgH4cUIODkCUsnOgt4CTxXOna4NHWbF7e+KA9fZdeY1qzGA==
It5CPQfJZ5GDrDlcsRo46//25tjcRvL536wrVqRRFEVRyqyOsC0jbnDgsbWO2zbMlg+bKhfY0rqIrw8OLAEvssC40BrbXUR3XKoUF4gKFX7IvMw77hJqLOi2IWefUGdYsx4=
Oyyp/bobqWOIBlXx5iGpznWCofLz8dRzd8PEMI9xB3CaXgARDWLH7P7xwwhfVxTqQKxZJngl05tbUCcAIHm/2KpFF2BffnNnrvY6BHXSVswx70uf6xLiwnFI0cDZN3aLW21dsxk=
hwOBKZ9XgFI9GpYupmdhAcoFgGFGwG4IpuE/Fj6VtpTBAQtIF4e8itg8wabgtUs7M4DvQGhJV/jSde9gJ06LR8bG8sQ9gr5sqX/dHnOCeiLZGBkAkUdea2MdZbMh
j7p4o4gqg+rQpc7EBtt4mwjdmvUpWBWzpmLieBMGcjHxU+k0rZBKPU3wqFE9IPXq8c9cslAUf7ZkBJN7wT6hxsDKQ6ybkDOzBCOZOXezMw==
IGayk5I37Y4EjaMOFUXtnCkfg7d6/hliED4MWyvL4NAOT3mBjHjJ3trEDWZhzSvPnMIkD+gyxRlOVJkCDgNZxKge0f8/qDdwszY=
sdrWLEOo9MYrT+fs65hoNER1gdAieg7OHl66783Al+lYYG7Iqu8QOOMju3pjo6wSGmNyRI3iTiz5n+weg6cr4mC76YABpw4rkz11szE=
d2Ss+YdefXjS9BTRVbGcvwG4c/lcaFLo9idUyIe7N/rvO0ps1jy/ZLHqSjydZ6HZzx2PcuQzFeDd78obtyV5sz0=
63RpwiGJhJS96TjnRUz7HtJ4EyYSiivTPHl2Ta36SiC+/wXvthtYVVrVoYi0hlxxOX1SBuFD7koL7xio8EjtpyNffDgBCxj/luXMQeQiaqCc4mSvaJKF9kk0XaKOo5nkqP4Rn79Id1CzFg==
S1BFJXwd23OPM+VbcafSs9J4EyYSiinTPHl2Ta36SiC+/wXvthtYVVrVoYi0hlxxOX1SBuFD7koL7xio8EjtpiNffDgBCxj/luXMQeQiaqCc4mSvaJKF9kk0XaKOo5nkqP4Rn79Id1CzFg==
VpOSzAK/A3wQhGj+NxuxmtJ4EyYSii7TPHl2Ta36SiC+/wXvthtYVVrVoYi0hlxxOX1SBuFD7koL7xio8EjtqSNffDgBCxj/luXMQeQiaqCc4mSvaJKF9kk0XaKOo5nkqP4Rn79Id1CzFg==
DsUcdmxX8jUq24MuW5uQydJ4EyYSiivTPHl2Ta36SiC+/wXvthtaVVrVoYi0hlxxOX1SBuFD7koL7xio8EjtoSNffDgBCxj/luXMQeQiaqCc4mSvaJKF/0g0XaKOo5nkqP4Rn79Id1CzFg==
wms67Oq8TUWmNumOU2DFmNJ4EyYSiijTPHl2Ta36SiC+/wXvthtaVVrVoYi0hlxxOX1SBuFD7koL7xio8EjtpSNffDgBCxj/luXMQeQiaqCc4mSvaJKF/0g0XaKOo5nkqP4Rn79Id1CzFg==
LuJnJFzY9EdR/V8QisfKVdJ4EyYSiinTPHl2Ta36SiC+/wXvthtaVVrVoYi0hlxxOX1SBuFD7koL7xio8EjtpCNffDgBCxj/luXMQeQiaqCc4mSvaJKF/0g0XaKOo5nkqP4Rn79Id1CzFg==
zWLTZnhTHGctEwkO06UOC+Lzo8be2K7XTirJhc3cz0Xz0hh8TCRJrYzL0FAXJRBcZ6WJz9+nlcpHtNoscuBNjliZ8mjA8sm1XL3WIwB7vGxecmzUOMVATGHdaFJxuHaNjZa46O2VtzZzUrMQ
GiXNqCY/jCgeUF1ftPwnCQCidflAcFPo9idUyIe7N/rvO0ps1jy/ZLHqSjydZ6bYzxuPcuQzFeDd78obtyV5sz0=
tZghcpnbQNAaWReZqXSqqOLzo8be2KPXTirJhc3cz0Xz0hh8TCRLrYzL0FAXJRBcZ6SJz9+nlcpHtNoscuBNjliZ8mjA8sm1XL3WIwB7vGxecmzUOMVATGHfaFJxuHaNjZa46O2VtzZzUrMQ
f/UM+fTKmsN4UrmNWUVKDgKidflAcFPo9idUyIe7N/rvO0ps1jy/ZLHqSjydZ6TYzxuPcuQzFeDd78obtyV5sz0=
bRLHRWvFGGiEf0ujJK4qmi0Fhbdm5hhiED4MWyvL4NAOT3mBjHjJ3trEDWZhzSvPnMIkD+gyxRZIVJ0CDgNZxKge0f8/qDdwszY=
uFpNUlv27plIAR2nYdLOVG3NjAUqHpXk6zUMB8odVLff5rRwxW+qGgBtqelsUPnG2tw9XY6h4ffcOnSnSFo1jsjM7equq4m8aCaBF1+AB2izLg==
ZLs1hElnEAnwhVm0kzuxFSwFhbdm5hhiED4MWyvL4NAOT3mBjHjJ3trEDWZhzSvPnMIkD+gyxR5PVJ0CDgNZxKge0f8/qDdwszY=
g2/onxTPc8yonmahs2k3um3NjAUqHpXk6zUMB8odVLff57RwxW+qGgBtqelsUPnG2tw9XY6h4ffcOnSnSFo1hs/M7equq4m8aCaBF1+AB2izLg==
McL+7mNDpPiqZE5HVVrZI+Lzo8be2KvXTirJhc3cz0Xz0hh8TCRMrYzL0FAXJRBcZ6WJz9+nlcpHtNoscuBNjliZ8mjA8sm1XLnfNAd7vGxecmzUOMVATGHUb1JxuHaNjZa46O2VtzZzUrMQ
S/s+KBw7D4KvW6HDMIRjn9J4EyYSiiqIaWNhRrfrZyCI6jCuxng7HVbV6M3Ilkdgdz9DC/t0/1Ee7Ezv+W25+BdcfDgBCxj7n/LLQeQiaqCc4mSvaJKF/0s0XKKOo5nkqP4Rn79Id1CzFg==
C9WXLh0Q8BvHqPFXH0JgmdJ4EyYSiiqIaWNhRrfrZyCI6jCux3g7HVbV6MzIlkdgdz9DC/t0/1Ee7Ezv+W25+BdcfDgBCxj7n/LLQeQiaqCc4mSvaJKF90s0XKKOo5nkqP4Rn79Id1CzFg==
7eZ/ibYdtrmDV3besgMGXNJ4EyYSiiqIaWNhRrfrZyCI6jCuyHg7HVbV6MvIlkdgdz9DC/t0/1Ee7Ezv+W25+BdcfDgBCxj7n/LLQeQiaqCc4mSvaJKF+Uo0XKKOo5nkqP4Rn79Id1CzFg==
+mKy4vOPoZIF6nv0FRjd7NJ4EyYSiiqIaWNhRrfrZyCI6jCuwHg7HVbV6M7Ilkdgdz9DC/t0/1Ee7Ezu+W25+BdcfDgBCxj7n/LLQeQiaqCc4mSvaJKF9080XKKOo5nkqP4Rn79Id1CzFg==
5KRLIy1jEhU0fn0jejv2wtJ4EyYSiiqIaWNhRrfrZyCI6jCuxHg7HVbV6M3Ilkdgdz9DC/t0/1Ee7Ezu+W25+BdcfDgBCxj7n/LLQeQiaqCc4mSvaJKF+k40XKKOo5nkqP4Rn79Id1CzFg==
XdhmvdpUKZVEL1GkH8MuH9J4EyYSiiqIaWNhRrfrZyCI6jCuxHg7HVbV6M3Ilkdgdz9DC/t0/1Ee7Ezu+W25+BdcfDgBCxj/luXMQeQiaqCc4mSvaJKF+E40XKKOo5nkqP4Rn79Id1CzFg==
hqUZHQQ7P3cm3PmH9otEK1qx+kifPJNZyHKlMnTwpCs591BZNwyE/dZyuDP8LnyjWH4dVo4YR04+LwEoyPLJ0w+kL3yzOg==
0PXUHCa9jj3B06iKmYVNJdwQhTciQTjkAUoa/O2Hst7fOb8yNFPlYE1PetvnxQmzTQ==
tNvyqS7N2JVlStfOlaA+dDT2+FW7pmre2fVRTaACL1wk9CtuyLQv0xh+da09uqb3TzCHC6jzxdEDs0c=
cNGvLDY9OtWvgSLmAImt9oYgOMJxdxrhIlhu8h+NTGCwiXBoGUWuRpsU5kmVqlicJZnH0ssOs0Q=
9XBTtowFWv79dhOKgL177THe5PvT78cgcdnVP5ldSWW/Hx8aHX/Ntemwg0BOVRSlRuRRb28l1JRFTytcOzqu3ahyWBdPYmB6teI6BHXSVswx70ae6xHjwnhL0cDZN3aLW21dsxk=
+WAW7MxXPV4aq7uE2IAQInM1mRjFp93noeDaZE02kZyGhEg/f/eJC6qevwaHPwDAybzEWmB9AfUsh/dWcHt+oPQd7CSYlQCcgeluYpNoNt0tZjiYTUV3ZhNisyA=
tgM0Oeivfu5YFRNRUNaDMQNa5PIeq3ADdE8tZlrmybgZBhoS2M3LiTHhBvgfpOOR6Hq1CjQINKPZv2BBNxS0tTb6KMu8FmyreLZtzw6AtwYeJxEQCIpZW29sH2SzIg==
84kIrFzMPO5Cg6/FV1D5lBd+YCxRRiViWuLBrAkSMvb4qeNdYbXOPF9gK8W4rh1ulOycN0kr6MW3kDwhpm6ALxxyxH8o4qULTkR/Uk7zOXQobnFPf3gXYLMm
JG43r0+uM5L86zd5W1lY6DHe5PvT78cgcdnVP5ldSWWkHx8aHX/Ntemwg0BOVRSlRuRRb28l1JRFTytcOzqu3ahyWBdPYmB6teI6BHXSVswx70ae6xHjwnhL0cDZN3aLW21dsxk=
h8b0DTFLwLfzxejxMi4jzfaEJ1eNrSoBhh6IHc/VDwesVF1eWt65kPkuSkoYFZvhkQm2gJ9cU/lIkmVSdNDki7mXkHk3LESdVtL4E/xOvEPY3t03jvgH7r5PQcjI0glzj0RvXLMa
Op5RulVcvElcTKBWc3QcczfV4vL36NM2V8nVOpp5U2epHx8aHX/Ntemwg0BOVRSlRuRRb28l1JRFTytcOzqu3ahyWBdPYmB6teI6BHXSVswx70ae6xHjwnhL0cDZN3aLW21dsxk=
QB1imrnqQG5wgrlLRdKblpAnVndW43+fYmhmUrrMWyCS/R/6k3pFUlrSoZzJwlJmeDlDDaFF7kxfkAu1+H69/hR8fGcJGwj1t6DcEeY+YL+c4mSvaJKF+040X6KOo5nkqP4Rn79Id1CzFg==
En3E5XDub8geSRjLp8nRD+3Gqw31jDM+uon+BXMQWs7wtWUvJQdpky/bDlCkP+wtk6yVAxsnDAn68zVKXpu4hRL0S65oNI+T+H5VbV06xjdvMGdLSHNlEWOzJw==
8i1SQ+Ad0ZntuuICCCKgZsi/MAxwmZ2oNBJexavzaz+nzwE7IEyqB+Ixndy7H3Uf4lW0M3sWsCPWGbyExTLmjAEPVp77MZOCiOuhQEmXJkuLDW2zKQ==
