4TJ0Dfa/Rq6cmyePgERO01zid3v32eYcazq096dnGFDBg1Xl7aBhiHlvdtqxSkJ+sdrZnGx7sK7T7ipJ5VS3BjzkO+syuhlXr2qT31NbeGM8Q3EJdqMp
2OrOBlNQBSxVDmH9M6kYbATwdFqI439ROyx+D/BNvj01CshMVxR4SPLk0JSTkGSG1zzhemL6JezRF+0JAy1TLMSvjMY2XNI6ERlMADXd2ig6z3CNt5k29/2K9YQ1ERJaf/GNnMBT4V3h4O3wDT/i8ozqnpZFKg2EoPv8toeeXiG59IsuqDTPE756Fe8bOoe3Lzsky4hzpZG6o+U=
UEmUZ6q7RZ4avfi6WX66+CPsKZAV6sFUv4EoKqyNtQ5sU0rY04WOAWpj7ZVlIOk4gc8eAmkKeo6ZusGMZHu4vssOAjndlO9W1ERDW7o6kacXCjsPCxuAU1RjaRl+oyE=
Li2J/oE8v92XVrMalKgOCGLNw/tPWLqwwF92CWuKiv1VyjIoMoTxGFyNhJJo/WO99dc4sYqNDuQhirp8TUeU2r/72bJVk4VrLo8aW4cFcKMv
e9hQkksQFhjlV93qdvq6fd/4242Yog+Y1FQMv6lj2N23iAxpRuYQl1yK1HcIqlWTytwNnG76KQzj1eHHH7AnYaM8
fgVQgvPvojDVPkqxaplCM03yyBliXsqxvHNqGMwWX66Xjqxj3GelFRoU7LBgSvXE2t82QIGh4/vcOnSnSFo1gMrM7eyuqom8YyWBF1+AB3GjLA==
nByWGuIG0uAtg99Yhv7WPFww8MJViR6sEcBvPnR/Po4LNmaj5mAl7/26JW95Reg1pHTbDjj037MLemWPC/oXV/+7FKv4M5UxaqM1
uCBWcikeEKb44/58uRKctZwFinpShUtEvq4hDSOE/4nRUkElUpK3nMVBh6C58gJnOILtBiBPQPjTQ6t6c0OPXc7Z4sQ9gr5sqX/dGnODfSLRGxkLkkdea2MdfKMj
XSUJP4ucazpzi5flTpVW+g6ewy7QctQXm2e4PG6j4S089FFSWkiV6tFhsyP8LnyjWH4dVIoYRUg+LgEow/HJ0w+kL2WjOA==
7LYxPnPoJmQj5zLh25oYfQ2ewy7QctQXm2e4PG6j4S089FFSWkiV6tFhsyP8LnyjWH4dVYoYRUg+LgEow/HJ0w+kL2WjOA==
uQikCXn82WaJBxV0X6TLdgyewy7QctQXm2e4PG6j4S089FFSWkiV6tFhsyP8LnyjWH4dVYoYRUg+LgEow/HJ0w+kL2WjOA==
HovLNianyriOBcrhMYcZmwuewy7QctQXm2e4PG6j4S089FFSWkiV6tFhsyP8LnyjWH4dVYoYRUg+LgEow/HJ0w+kL2WjOA==
9CT44JgrlaXju1mKhPCBHwqewy7QctQXm2e4PG6j4S089FFSWkiV6tFhsyP8LnyjWH4dVYoYRUg+LgEow/HJ0w+kL2WjOA==
bLfFUqSDXZjnDo3QCQTqhQmewy7QctQXm2e4PG6j4S089FFSWkiV6tFhsyP8LnyjWH4dVYoYRUg+LgEow/HJ0w+kL2WjOA==
HyhDDjE68I8DnxJ88NFbp1ww8MJViR6vEcBvPnR/Po4LNmaj5mAl7/26JW95Reg1pHTbDjj037MKemWPC/oXV/+7FKv4M5UxaqM1
dbMsevdN/wbFOsGs1VhjW1ww8MJViR6uEcBvPnR/Po4LNmaj5mAl7/26JW95Reg1pHTbDjj037MKemWPC/oXV/+7FKv4M5UxaqM1
3QX/9HAi2QP+Dy+LFS3pJQiewy7QctQXm2e4PG6j4S089FFSWkiV6tFhsyP8LnyjWH4dVYoYRUg+LgEow/HJ0w+kL2WjOA==
0EsaOQYGLvlUJNMSTf6Z2weewy7QctQXm2e4PG6j4S089FFSWkiV6tFhsyP8LnyjWH4dVYoYRUg+LgEow/HJ0w+kL2WjOA==
fPpDpSvlHF7+a8+I7bJVYwaewy7QctQXm2e4PG6j4S089FFSWkiV6tFhsyP8LnyjWH4dVYoYRUg+LgEow/HJ0w+kL2WjOA==
/wdpvrzgHXCxgmQnZvdYblqx+kifPJNZyHanPHTwpCs591BZNwyE/dZyuDP8LnyjWH4dVYoYRUg+LgEow/HJ0w+kL2WjOA==
AU5QGPJpX7g1Jt8lYTQ6mlqx+kifPJNZyHKlMnTwpCs591BZNwyE/dZyuDP8LnyjWH4dVYoYRUg+LgEow/HJ0w+kL2WjOA==
+ZhKzlIzrbAbuYaot7ZVZ5dW/wLJQ/Agt/t9Y47JX////zl11i4dZHk0Y75gFLdDgvrtP6NazycH+8z7wBO9IWKjPQ==
6YVkTowYSlXi56qVD0f2GJAnVndW43+fYmhmUrrMWyCS/R/6k3pFUlrSoZzJwlJmeDlDDaFF7kxfkAu1+Hq/8BR8fGcJGwj1t6DcEeY+YL+c4mSvaJKF+Uo0XaSOopnko/0Rn79Id0mjFA==
xp07nY09vH1VBCyXPEsABjfV4vL36NM2V8nVOpp5U2epHx8aHX/Ntemwg0BOVRSlRuRRb28l1JRBTSVcOzqu3ahyWBdPYmB6teI6BHXSVswx70Sa6xPlwnlL0cvaN3aLW21Eoxs=
iPUeUFrjHRFSjo7DyS6BCvaEJ1eNrSoBhh6IHc/VDwesVF1eWt65kPkuSkoYFZvhkQm2gJ9cU/lIlmdcdNDki7mXkHk3LESdVtL4E/xOvEPY3t01ivgF6L5OQcjD0Qlzj0RvRaMY
ZZoJ1JXnZ66hdxo7EMf6nzHe5PvT78cgcdnVP5ldSWWkHx8aHX/Ntemwg0BOVRSlRuRRb28l1JRBTSVcOzqu3ahyWBdPYmB6teI6BHXSVswx70Sa6xPlwnlL0cvaN3aLW21Eoxs=
+wPbmR6c4iUMtZRDRz7XAxd+YCxRRiViWuLBrAkSMvb4qeNdYbXOPF9gK8W4qh9glOycN0kr6MW3kDwhpm6ALxxyxH8o4qUJSkR9VE7yOXQjbXFPf3gXeaMk
fgyxqUVtZZwbuK5eQ6yFpQNa5PIeq3ADdE8tZlrmybgZBhoS2M3LiTHhBvgfpOOR6H63BDQINKPZv2BBNxS0tTb6KMu8FmyreLZtzQqAtQAeJhEQA4lZW29sH32jIA==
qFfjsSPktZoUNaNIzxtrEnM1mRjFp93noeDaZE02kZyGhEg/f/eJC6qevwaHPwDEy7LEWmB9AfUsh/dWcHt+oPQd7CSYlQCcgetqYpFuNtwtZjObTUV3ZhN7oyI=
IDMJFt/iE6dVw+In+c4eKjHe5PvT78cgcdnVP5ldSWW/Hx8aHX/Ntemwg0BOVRSlRuRRb28l1JRBTSVcOzqu3ahyWBdPYmB6teI6BHXSVswx70Sa6xPlwnlL0cvaN3aLW21Eoxs=
7e13/8e0sbVd3JPjeDSY+CqQgr5PBvfyhwt4H2+KivtkhGg5PImwchiHk4Jk0C21+J48s6qBGOQhirp8TUeQ2r/72bJVk4VrLo8aW4cFcKMv
domz6ZOJCaZh+pj/AaZ28V4t5rUeHrgC16zN6+7cmVk9BSGVNQH4Ny05VwP0RzosPdewizEFU+X4tplptA1fuJ+fDBAWpoz4QMFQUEmqKJ6pGgYwBQITh1VRZ2obf6Me
+wjsPvh1zARMJr3+OObmKV4t5rUeHrgC16zN6+7cmVk9BSGVNQH4Ny05VwP0RzosPdewizEEU+X4tplptA1fuJ+fDBAWpoz4QMFQUEmqKJ6pGgYwBQITh1VRZ2obf6Me
2X0fnsM70SGZaa1K5GJpcnYrm5h70w9qVG1sWRnnwb9ZI8GzipnBkz+lEOVa8uGN6F3lUQMrNPzRr3BPH0aj5TTmItS8FmyreLZtyAiAtQAeJhEQA4lZW29sH32jIA==
GYXp1BEX/8LygrJVxdCgd3Yrm5h70w9qVG1sWRnnwb9ZI8GzipnBkz+lEOVa8uGN6F3lUAMrNPzRr3BPH0aj5TTmItS8FmyreLZtyAiAtQAeJhEQA4lZW29sH32jIA==
S6uRodvEj+SvbWhT1fW+O3Yrm5h70w9qVG1sWRnnwb9ZI8Gzi5nBkz+lEOVa8uGN6F3lXQMrNPzRr3BPH0aj5TTmItS8FmyreLZtyAiAtQAeJhEQA4lZW29sH32jIA==
h0ICJEJr6MrWsPAndXYIonYrm5h70w9qVG1sWRnnwb9ZI8Gzi5nBkz+lEOVa8uGN6F3lXAMrNPzRr3BPH0aj5TTmItS8FmyreLZtyAiAtQAeJhEQA4lZW29sH32jIA==
GL3Z0cW6bQaJPLDwCub1p3Yrm5h70w9qVG1sWRnnwb9ZI8Gzi5nBkz+lEOVa8uGN6F3lUgMrNPzRr3BPH0aj5TTmItS8FmyreLZtyAiAtQAeJhEQA4lZW29sH32jIA==
jB9cHhMgLJi99r1xY1ThHV4t5rUeHrgC16zN6+7cmVk9BSGVNQH4Ny05VwP0RzosPdewizEGU+X4tplptA1fuJ+fDBAWpoz4QMFQUEmqKJ6pGgYwBQITh1VRZ2obf6Me
doPsxAnvLHC2hPfFQ8l7xnYrm5h70w9qVG1sWRnnwb9ZI8GzipnBkz+lEOVa8uGN6F3lUwMrNPzRr3BPH0aj5TTmItS8FmyreLZtyAiAtQAeJhEQA4lZW29sH32jIA==
72ticxnZSBcbdEb59+fpqevsyTFRzfb8UklG8KmeY+M3V2/EHdix91NY0Nv1HCQOeI/OXnONXswm1azsSP2gdBFg6+oDhpa0/a5zU50tV44Dc6Mq
oGRTVFeU3Y8fCnZ9jUx+9TT2+FW7pmre2fVRTaACL1wk9CtuyLQv0xl7da07uqf3TzuEC6jzxdEao0U=
VaFsdvnbqbAGBQZnBKuuEYYgOMJxdxrhIlhu8h+NTGCwiXBoGUSrRpsS5kiVqlOfJZnH0ssXo0Y=
1fJrBf1r9fm4rWxsLV+cxdG70I+EsA6KxURPr7Y22NeMyQs5SvgaglyK1HcIqlWSy9wPnG76KQzj1eHHH7AnYaM8
F9j7g+4KabIkNjS0ZM2LIFqx+kifPJNZyHKlMnTwpCs591BZNwyE/dZyuDP8LnyjWH4dW4sYR0g+LgEow/HJ0w+kL2WjOA==
WTiaRn6ItDUL2aBevfJPk9wQhTciQTjkAUoa/O2HvtvfObkyNVPla05PetvnxRCjTw==
1BH6iTfO59/rqofxbEKCHzT2+FW7pmre2fVRTaACL1wk9CtuyLQv0xR7da07uqf3TzuEC6jzxdEao0U=
hKTTlLZU6chn37bB5uELNoYgOMJxdxrhIlhu8h+NTGCwiXBoGUmrRpsS5kiVqlOfJZnH0ssXo0Y=
NFatrxDohEfWcKx1032xDTHe5PvT78cgcdnVP5ldSWW/Hx8aHX/Ntemwg0BOVRSlRuRRb28l1JRFTytcOzqu3ahyWBdPYmB6teI6BHXSVswx70qb6xHlwnlL0cvaN3aLW21Eoxs=
rFQ0z6+YxDC1qROf0iYpdHM1mRjFp93noeDaZE02kZyGhEg/f/eJC6qevwaHPwDAybzEWmB9AfUsh/dWcHt+oPQd7CSYlQCcgeVrYpNuNtwtZjObTUV3ZhN7oyI=
luZ10ATBG3btdaud8h20+wNa5PIeq3ADdE8tZlrmybgZBhoS2M3LiTHhBvgfpOOR6Hq1CjQINKPZv2BBNxS0tTb6KMu8FmyreLZtwwuAtwAeJhEQA4lZW29sH32jIA==
l7Q0tHCt7un9+/vyFcVm6hd+YCxRRiViWuLBrAkSMvb4qeNdYbXOPF9gK8W4rh1ulOycN0kr6MW3kDwhpm6ALxxyxH8o4qUHS0R/VE7yOXQjbXFPf3gXeaMk
YB/FONZRIwvmRq7A8Trm8jHe5PvT78cgcdnVP5ldSWWkHx8aHX/Ntemwg0BOVRSlRuRRb28l1JRFTytcOzqu3ahyWBdPYmB6teI6BHXSVswx70qb6xHlwnlL0cvaN3aLW21Eoxs=
TvyI4Itjq6CpWvsjqRTx7vaEJ1eNrSoBhh6IHc/VDwesVF1eWt65kPkuSkoYFZvhkQm2gJ9cU/lIkmVSdNDki7mXkHk3LESdVtL4E/xOvEPY3t07i/gH6L5OQcjD0Qlzj0RvRaMY
yPmuqxGSzqqh/3jIR77TRzfV4vL36NM2V8nVOpp5U2epHx8aHX/Ntemwg0BOVRSlRuRRb28l1JRFTytcOzqu3ahyWBdPYmB6teI6BHXSVswx70qb6xHlwnlL0cvaN3aLW21Eoxs=
Myke2GaVgcP7T05tG5JQBZAnVndW43+fYmhmUrrMWyCS/R/6k3pFUlrSoZzJwlJmeDlDDaFF7kxfkAu1+H69/hR8fGcJGwj1t6DcEeY+YL+c4mSvaJKF90s0X6SOopnko/0Rn79Id0mjFA==
869uZYY/Hp7YinTUraRuae3Gqw31jDM+uon+BXMQWs7wtWUvJQdpky/bDlCkP+wtk6yVAxsnDAn68zVKXpu4hRL0S65oNI+T9HtVbVs6xzdvO2RLSHNlEXqjJQ==
IMaBvUcYUpJ5BN7WUX6qNMi/MAxwmZ2oNBJexavzaz+nzwE7IEyqB+Ixndy7H3Uf4lW0M3sWsCPWGbyExTLmjAEPWpv7MZWCieuhS0qXJkuLDXSjKw==
